
################################################################################
#
# This file has been generated by SpyGlass:
#     Report Name      : moresimple
#     Report Created by: u107061218
#     Report Created on:  Sun Dec 12 17:12:07 2021
#     Working Directory: /home/u107/u107061218/107061218/ICLAB/HW5/part3/hdl
#     SpyGlass Version : SpyGlass_vR-2020.12-SP2
#     Policy Name      : SpyGlass(SpyGlass_vR-2020.12-SP2)
#                        clock-reset(SpyGlass_vR-2020.12-SP2)
#                        erc(SpyGlass_vR-2020.12-SP2)
#                        latch(SpyGlass_vR-2020.12-SP2)
#                        lint(SpyGlass_vR-2020.12-SP2)
#                        morelint(SpyGlass_vR-2020.12-SP2)
#                        openmore(SpyGlass_vR-2020.12-SP2)
#                        power_est(SpyGlass_vR-2020.12-SP2)
#                        simulation(SpyGlass_vR-2020.12-SP2)
#                        starc(SpyGlass_vR-2020.12-SP2)
#                        starc2005(SpyGlass_vR-2020.12-SP2)
#                        txv(SpyGlass_vR-2020.12-SP2)
#
#     Total Number of Generated Messages :          2
#     Number of Waived Messages          :          0
#     Number of Reported Messages        :          2
#     Number of Overlimit Messages       :          0
#
#
################################################################################

+++++++++++++++++++++++++++++++++++++++++++++++++++++++++++++++++++++++
MORESIMPLE REPORT:


############### BuiltIn -> RuleGroup=Design Read ###############
+++++++++++++++++++++++++++++++++++++++++++++++++++++++++++++++++++++++++++++++++++++++
ID       Rule                    Alias                   Severity    File                                                                     Line    Wt    Message
======================================================================================
[1]      DetectTopDesignUnits    DetectTopDesignUnits    Info        Convnet_top.v                                                            1       2     Module Convnet_top is a top level design unit
[0]      ElabSummary             ElabSummary             Info        ./spyglass-1/lint/lint_rtl/spyglass_reports/SpyGlass/elab_summary.rpt    0       2     Please refer file './spyglass-1/lint/lint_rtl/spyglass_reports/SpyGlass/elab_summary.rpt' for elab summary report
+++++++++++++++++++++++++++++++++++++++++++++++++++++++++++++++++++++++++++++++++++++++

################################################################################
#
# This file has been generated by SpyGlass:
#     Report Name      : moresimple
#     Report Created by: u107061218
#     Report Created on:  Sun Dec 12 17:12:41 2021
#     Working Directory: /home/u107/u107061218/107061218/ICLAB/HW5/part3/hdl
#     SpyGlass Version : SpyGlass_vR-2020.12-SP2
#     Policy Name      : SpyGlass(SpyGlass_vR-2020.12-SP2)
#                        auto-verify(SpyGlass_vR-2020.12-SP2)
#                        erc(SpyGlass_vR-2020.12-SP2)
#                        latch(SpyGlass_vR-2020.12-SP2)
#                        lint(SpyGlass_vR-2020.12-SP2)
#                        morelint(SpyGlass_vR-2020.12-SP2)
#                        openmore(SpyGlass_vR-2020.12-SP2)
#                        simulation(SpyGlass_vR-2020.12-SP2)
#                        starc(SpyGlass_vR-2020.12-SP2)
#                        starc2005(SpyGlass_vR-2020.12-SP2)
#
#     Total Number of Generated Messages :          3
#     Number of Waived Messages          :          0
#     Number of Reported Messages        :          3
#     Number of Overlimit Messages       :          0
#
#
################################################################################

+++++++++++++++++++++++++++++++++++++++++++++++++++++++++++++++++++++++
MORESIMPLE REPORT:


############### BuiltIn -> RuleGroup=Command-line read ###############
+++++++++++++++++++++++++++++++++++++++++++++++++++++++++++++++++++++++++++++++++++++++
ID       Rule                     Alias          Severity    File    Line    Wt    Message
======================================================================================
[0]      checkCMD_unset_option    UnsetOption    Warning     N.A.    0       10    Option/Parameter 'enable_save_restore': Feature 'save-restore' is not supported with option 'policy=auto-verify'.Disabling all 'save-restore' related options
+++++++++++++++++++++++++++++++++++++++++++++++++++++++++++++++++++++++++++++++++++++++


############### BuiltIn -> RuleGroup=Design Read ###############
+++++++++++++++++++++++++++++++++++++++++++++++++++++++++++++++++++++++++++++++++++++++
ID       Rule                    Alias                   Severity    File                                                                           Line    Wt    Message
======================================================================================
[2]      DetectTopDesignUnits    DetectTopDesignUnits    Info        Convnet_top.v                                                                  1       2     Module Convnet_top is a top level design unit
[1]      ElabSummary             ElabSummary             Info        ./spyglass-1/lint/lint_turbo_rtl/spyglass_reports/SpyGlass/elab_summary.rpt    0       2     Please refer file './spyglass-1/lint/lint_turbo_rtl/spyglass_reports/SpyGlass/elab_summary.rpt' for elab summary report
+++++++++++++++++++++++++++++++++++++++++++++++++++++++++++++++++++++++++++++++++++++++

################################################################################
#
# This file has been generated by SpyGlass:
#     Report Name      : moresimple
#     Report Created by: u107061218
#     Report Created on:  Sun Dec 12 17:13:08 2021
#     Working Directory: /home/u107/u107061218/107061218/ICLAB/HW5/part3/hdl
#     SpyGlass Version : SpyGlass_vR-2020.12-SP2
#     Policy Name      : SpyGlass(SpyGlass_vR-2020.12-SP2)
#                        auto-verify(SpyGlass_vR-2020.12-SP2)
#
#     Total Number of Generated Messages :          2
#     Number of Waived Messages          :          0
#     Number of Reported Messages        :          2
#     Number of Overlimit Messages       :          0
#
#
################################################################################

+++++++++++++++++++++++++++++++++++++++++++++++++++++++++++++++++++++++
MORESIMPLE REPORT:
############### FATAL MESSAGES ############### 
+++++++++++++++++++++++++++++++++++++++++++++++++++++++++++++++++++++++++++++++++
ID       Rule            Alias    Severity    File    Line    Wt    Message
======================================================================================
[1]      Av_license01             FATAL       N.A.    0       2     'Functional Lint' not run due to unavailability of lint_func license feature
+++++++++++++++++++++++++++++++++++++++++++++++++++++++++++++++++++++++++++++++++++++++


############### BuiltIn -> RuleGroup=Command-line read ###############
+++++++++++++++++++++++++++++++++++++++++++++++++++++++++++++++++++++++++++++++++++++++
ID       Rule                     Alias          Severity    File    Line    Wt    Message
======================================================================================
[0]      checkCMD_unset_option    UnsetOption    Warning     N.A.    0       10    Option/Parameter 'enable_save_restore': Feature 'save-restore' is not supported with option 'policy=auto-verify'.Disabling all 'save-restore' related options
+++++++++++++++++++++++++++++++++++++++++++++++++++++++++++++++++++++++++++++++++++++++

################################################################################
#
# This file has been generated by SpyGlass:
#     Report Name      : moresimple
#     Report Created by: u107061218
#     Report Created on:  Sun Dec 12 17:13:14 2021
#     Working Directory: /home/u107/u107061218/107061218/ICLAB/HW5/part3/hdl
#     SpyGlass Version : SpyGlass_vR-2020.12-SP2
#     Policy Name      : SpyGlass(SpyGlass_vR-2020.12-SP2)
#                        lint(SpyGlass_vR-2020.12-SP2)
#
#     Total Number of Generated Messages :          3
#     Number of Waived Messages          :          0
#     Number of Reported Messages        :          3
#     Number of Overlimit Messages       :          0
#
#
################################################################################

+++++++++++++++++++++++++++++++++++++++++++++++++++++++++++++++++++++++
MORESIMPLE REPORT:


############### BuiltIn -> RuleGroup=Design Read ###############
+++++++++++++++++++++++++++++++++++++++++++++++++++++++++++++++++++++++++++++++++++++++
ID       Rule                    Alias                   Severity    File                                                                          Line    Wt    Message
======================================================================================
[1]      DetectTopDesignUnits    DetectTopDesignUnits    Info        Convnet_top.v                                                                 1       2     Module Convnet_top is a top level design unit
[0]      ElabSummary             ElabSummary             Info        ./spyglass-1/lint/lint_abstract/spyglass_reports/SpyGlass/elab_summary.rpt    0       2     Please refer file './spyglass-1/lint/lint_abstract/spyglass_reports/SpyGlass/elab_summary.rpt' for elab summary report
+++++++++++++++++++++++++++++++++++++++++++++++++++++++++++++++++++++++++++++++++++++++


############### Non-BuiltIn -> Goal=lint/lint_abstract ###############
+++++++++++++++++++++++++++++++++++++++++++++++++++++++++++++++++++++++++++++++++++++++
ID       Rule               Alias    Severity    File                                                                                                                                            Line    Wt    Message
======================================================================================
[2]      LINT_abstract01             Info        ./spyglass-1/lint/lint_abstract/spyglass_reports/abstract_view/Convnet_top_ACT_PER_ADDR_4_BIAS_PER_ADDR_1_BW_PER_ACT_12_1_lint_abstract.sgdc    0       2     Abstract view for design 'Convnet_top' succesfully created
+++++++++++++++++++++++++++++++++++++++++++++++++++++++++++++++++++++++++++++++++++++++
