 
****************************************
Report : timing
        -path full
        -delay max
        -max_paths 4
Design : conv_top
Version: R-2020.09-SP5
Date   : Thu Dec 23 18:51:24 2021
****************************************

 # A fanout number of 1000 was used for high fanout net computations.

Operating Conditions: ss0p95v125c   Library: saed32hvt_ss0p95v125c
Wire Load Model Mode: enclosed

  Startpoint: ftr_fl_ff_reg_13_
              (rising edge-triggered flip-flop clocked by clk)
  Endpoint: postproc_U0/post_out_reg_19_
            (rising edge-triggered flip-flop clocked by clk)
  Path Group: clk
  Path Type: max

  Des/Clust/Port     Wire Load Model       Library
  ------------------------------------------------
  conv_top           140000                saed32hvt_ss0p95v125c
  shift_ctrl         8000                  saed32hvt_ss0p95v125c
  postproc_GROUP_CHANNEL4_BW_BIAS23_BW_RELU32
                     35000                 saed32hvt_ss0p95v125c
  ReLU_GROUP_CHANNEL4_BW_BIAS23_BW_RELU32
                     16000                 saed32hvt_ss0p95v125c
  residual_add_GROUP_CHANNEL4_BW_RELU32_mydesign_2
                     8000                  saed32hvt_ss0p95v125c
  quantization_1ch_GROUP_CHANNEL4_BW_RELU32_mydesign_2
                     8000                  saed32hvt_ss0p95v125c

  Point                                                   Incr       Path
  --------------------------------------------------------------------------
  clock clk (rise edge)                                   0.00       0.00
  clock network delay (ideal)                             0.00       0.00
  ftr_fl_ff_reg_13_/CLK (DFFX1_HVT)                       0.00 #     0.00 r
  ftr_fl_ff_reg_13_/QN (DFFX1_HVT)                        0.17       0.17 r
  U6/Y (INVX2_HVT)                                        0.06       0.23 f
  postproc_U0/ftr_fl[13] (postproc_GROUP_CHANNEL4_BW_BIAS23_BW_RELU32)
                                                          0.00       0.23 f
  postproc_U0/shift_ctrl_U0/ftr_fl[13] (shift_ctrl)       0.00       0.23 f
  postproc_U0/shift_ctrl_U0/U312/Y (INVX1_HVT)            0.06       0.29 r
  postproc_U0/shift_ctrl_U0/U42/Y (INVX0_HVT)             0.05       0.34 f
  postproc_U0/shift_ctrl_U0/U39/Y (INVX0_HVT)             0.07       0.40 r
  postproc_U0/shift_ctrl_U0/U55/Y (OR2X1_HVT)             0.09       0.50 r
  postproc_U0/shift_ctrl_U0/U351/Y (OA21X1_HVT)           0.10       0.59 r
  postproc_U0/shift_ctrl_U0/U352/Y (OR2X1_HVT)            0.08       0.68 r
  postproc_U0/shift_ctrl_U0/U353/Y (NAND2X0_HVT)          0.05       0.73 f
  postproc_U0/shift_ctrl_U0/U364/Y (NAND4X0_HVT)          0.05       0.78 r
  postproc_U0/shift_ctrl_U0/U333/Y (AO21X1_HVT)           0.12       0.90 r
  postproc_U0/shift_ctrl_U0/U34/Y (INVX1_HVT)             0.06       0.95 f
  postproc_U0/shift_ctrl_U0/U32/Y (INVX1_HVT)             0.06       1.02 r
  postproc_U0/shift_ctrl_U0/U329/Y (NAND2X0_HVT)          0.12       1.13 f
  postproc_U0/shift_ctrl_U0/U33/Y (INVX1_HVT)             0.10       1.23 r
  postproc_U0/shift_ctrl_U0/U73/Y (AO21X1_HVT)            0.13       1.36 r
  postproc_U0/shift_ctrl_U0/U72/Y (AO21X1_HVT)            0.09       1.45 r
  postproc_U0/shift_ctrl_U0/relu_shift_ch3[0] (shift_ctrl)
                                                          0.00       1.45 r
  postproc_U0/ReLU_U0/relu_shift_ch3[0] (ReLU_GROUP_CHANNEL4_BW_BIAS23_BW_RELU32)
                                                          0.00       1.45 r
  postproc_U0/ReLU_U0/U204/Y (OR2X1_HVT)                  0.13       1.58 r
  postproc_U0/ReLU_U0/U202/Y (INVX0_HVT)                  0.06       1.64 f
  postproc_U0/ReLU_U0/U1066/Y (INVX0_HVT)                 0.09       1.74 r
  postproc_U0/ReLU_U0/U1891/Y (OAI22X1_HVT)               0.16       1.90 f
  postproc_U0/ReLU_U0/U101/Y (INVX1_HVT)                  0.02       1.92 r
  postproc_U0/ReLU_U0/U1039/Y (NAND3X0_HVT)               0.13       2.05 f
  postproc_U0/ReLU_U0/U852/Y (NAND2X0_HVT)                0.12       2.17 r
  postproc_U0/ReLU_U0/U6/Y (NAND4X0_HVT)                  0.21       2.38 f
  postproc_U0/ReLU_U0/U2/Y (INVX1_HVT)                    0.11       2.49 r
  postproc_U0/ReLU_U0/U2533/S (FADDX1_HVT)                0.25       2.74 f
  postproc_U0/ReLU_U0/U2534/S (FADDX1_HVT)                0.21       2.95 r
  postproc_U0/ReLU_U0/U318/Y (NOR2X0_HVT)                 0.12       3.07 f
  postproc_U0/ReLU_U0/U1533/Y (NOR2X0_HVT)                0.11       3.18 r
  postproc_U0/ReLU_U0/U2549/Y (AOI21X1_HVT)               0.13       3.31 f
  postproc_U0/ReLU_U0/U2550/Y (OAI21X1_HVT)               0.12       3.43 r
  postproc_U0/ReLU_U0/U1444/Y (AO21X1_HVT)                0.08       3.51 r
  postproc_U0/ReLU_U0/U1445/Y (INVX0_HVT)                 0.06       3.57 f
  postproc_U0/ReLU_U0/U2597/Y (OAI21X1_HVT)               0.16       3.73 r
  postproc_U0/ReLU_U0/U1115/Y (XOR2X2_HVT)                0.15       3.88 f
  postproc_U0/ReLU_U0/U98/Y (INVX2_HVT)                   0.05       3.93 r
  postproc_U0/ReLU_U0/U1309/Y (NAND2X0_HVT)               0.12       4.05 f
  postproc_U0/ReLU_U0/U1311/Y (INVX0_HVT)                 0.09       4.14 r
  postproc_U0/ReLU_U0/U3176/S (FADDX1_HVT)                0.24       4.38 f
  postproc_U0/ReLU_U0/U3200/S (FADDX1_HVT)                0.21       4.59 r
  postproc_U0/ReLU_U0/U3279/Y (NAND2X0_HVT)               0.08       4.67 f
  postproc_U0/ReLU_U0/U116/Y (OAI21X1_HVT)                0.19       4.86 r
  postproc_U0/ReLU_U0/U3284/Y (AOI21X1_HVT)               0.13       4.99 f
  postproc_U0/ReLU_U0/U3285/Y (OAI21X1_HVT)               0.13       5.12 r
  postproc_U0/ReLU_U0/U3377/Y (AO21X1_HVT)                0.12       5.24 r
  postproc_U0/ReLU_U0/U4117/CO (FADDX1_HVT)               0.14       5.38 r
  postproc_U0/ReLU_U0/U4120/CO (FADDX1_HVT)               0.14       5.52 r
  postproc_U0/ReLU_U0/U3654/CO (FADDX1_HVT)               0.14       5.66 r
  postproc_U0/ReLU_U0/U3640/CO (FADDX1_HVT)               0.14       5.80 r
  postproc_U0/ReLU_U0/U3642/CO (FADDX1_HVT)               0.14       5.95 r
  postproc_U0/ReLU_U0/U3644/CO (FADDX1_HVT)               0.14       6.09 r
  postproc_U0/ReLU_U0/U3646/CO (FADDX1_HVT)               0.14       6.23 r
  postproc_U0/ReLU_U0/U3648/CO (FADDX1_HVT)               0.14       6.37 r
  postproc_U0/ReLU_U0/U3650/CO (FADDX1_HVT)               0.14       6.52 r
  postproc_U0/ReLU_U0/U3652/CO (FADDX1_HVT)               0.14       6.66 r
  postproc_U0/ReLU_U0/U4123/CO (FADDX1_HVT)               0.14       6.80 r
  postproc_U0/ReLU_U0/U4126/CO (FADDX1_HVT)               0.14       6.94 r
  postproc_U0/ReLU_U0/U4129/CO (FADDX1_HVT)               0.14       7.08 r
  postproc_U0/ReLU_U0/U3780/CO (FADDX1_HVT)               0.14       7.23 r
  postproc_U0/ReLU_U0/U4132/CO (FADDX1_HVT)               0.14       7.37 r
  postproc_U0/ReLU_U0/U4135/CO (FADDX1_HVT)               0.14       7.51 r
  postproc_U0/ReLU_U0/U4140/S (FADDX1_HVT)                0.21       7.72 f
  postproc_U0/ReLU_U0/U3781/Y (MUX21X1_HVT)               0.13       7.84 f
  postproc_U0/ReLU_U0/relu_out[93] (ReLU_GROUP_CHANNEL4_BW_BIAS23_BW_RELU32)
                                                          0.00       7.84 f
  postproc_U0/residual_add_U1/res_in[29] (residual_add_GROUP_CHANNEL4_BW_RELU32_mydesign_2)
                                                          0.00       7.84 f
  postproc_U0/residual_add_U1/U86/Y (NOR2X0_HVT)          0.11       7.95 r
  postproc_U0/residual_add_U1/U2/Y (OAI21X1_HVT)          0.16       8.12 f
  postproc_U0/residual_add_U1/U261/Y (AOI21X1_HVT)        0.13       8.25 r
  postproc_U0/residual_add_U1/U264/Y (XOR2X2_HVT)         0.15       8.40 f
  postproc_U0/residual_add_U1/res_out[31] (residual_add_GROUP_CHANNEL4_BW_RELU32_mydesign_2)
                                                          0.00       8.40 f
  postproc_U0/quantization_1ch_U1/in_val[31] (quantization_1ch_GROUP_CHANNEL4_BW_RELU32_mydesign_2)
                                                          0.00       8.40 f
  postproc_U0/quantization_1ch_U1/U197/Y (NAND2X0_HVT)
                                                          0.06       8.46 r
  postproc_U0/quantization_1ch_U1/U16/Y (NAND3X0_HVT)     0.14       8.60 f
  postproc_U0/quantization_1ch_U1/U344/Y (AND2X1_HVT)     0.12       8.72 f
  postproc_U0/quantization_1ch_U1/U25/Y (INVX0_HVT)       0.03       8.75 r
  postproc_U0/quantization_1ch_U1/U347/Y (NAND4X0_HVT)
                                                          0.11       8.86 f
  postproc_U0/quantization_1ch_U1/U350/Y (NAND2X0_HVT)
                                                          0.09       8.95 r
  postproc_U0/quantization_1ch_U1/U133/Y (OR2X1_HVT)      0.09       9.04 r
  postproc_U0/quantization_1ch_U1/U134/Y (INVX0_HVT)      0.05       9.09 f
  postproc_U0/quantization_1ch_U1/U351/Y (NAND2X0_HVT)
                                                          0.07       9.16 r
  postproc_U0/quantization_1ch_U1/U123/Y (NOR2X0_HVT)     0.12       9.29 f
  postproc_U0/quantization_1ch_U1/U385/Y (INVX0_HVT)      0.03       9.32 r
  postproc_U0/quantization_1ch_U1/U386/Y (XOR2X1_HVT)     0.10       9.42 r
  postproc_U0/quantization_1ch_U1/U392/Y (AND3X1_HVT)     0.10       9.51 r
  postproc_U0/quantization_1ch_U1/U405/Y (NAND4X0_HVT)
                                                          0.09       9.60 f
  postproc_U0/quantization_1ch_U1/U153/Y (OAI21X2_HVT)
                                                          0.19       9.80 r
  postproc_U0/quantization_1ch_U1/U462/Y (AO21X1_HVT)     0.11       9.91 r
  postproc_U0/quantization_1ch_U1/out_val[3] (quantization_1ch_GROUP_CHANNEL4_BW_RELU32_mydesign_2)
                                                          0.00       9.91 r
  postproc_U0/post_out_reg_19_/D (DFFX1_HVT)              0.00       9.91 r
  data arrival time                                                  9.91

  clock clk (rise edge)                                  10.00      10.00
  clock network delay (ideal)                             0.00      10.00
  postproc_U0/post_out_reg_19_/CLK (DFFX1_HVT)            0.00      10.00 r
  library setup time                                     -0.09       9.91
  data required time                                                 9.91
  --------------------------------------------------------------------------
  data required time                                                 9.91
  data arrival time                                                 -9.91
  --------------------------------------------------------------------------
  slack (MET)                                                        0.00


  Startpoint: ftr_fl_ff_reg_13_
              (rising edge-triggered flip-flop clocked by clk)
  Endpoint: postproc_U0/post_out_reg_18_
            (rising edge-triggered flip-flop clocked by clk)
  Path Group: clk
  Path Type: max

  Des/Clust/Port     Wire Load Model       Library
  ------------------------------------------------
  conv_top           140000                saed32hvt_ss0p95v125c
  shift_ctrl         8000                  saed32hvt_ss0p95v125c
  postproc_GROUP_CHANNEL4_BW_BIAS23_BW_RELU32
                     35000                 saed32hvt_ss0p95v125c
  ReLU_GROUP_CHANNEL4_BW_BIAS23_BW_RELU32
                     16000                 saed32hvt_ss0p95v125c
  residual_add_GROUP_CHANNEL4_BW_RELU32_mydesign_2
                     8000                  saed32hvt_ss0p95v125c
  quantization_1ch_GROUP_CHANNEL4_BW_RELU32_mydesign_2
                     8000                  saed32hvt_ss0p95v125c

  Point                                                   Incr       Path
  --------------------------------------------------------------------------
  clock clk (rise edge)                                   0.00       0.00
  clock network delay (ideal)                             0.00       0.00
  ftr_fl_ff_reg_13_/CLK (DFFX1_HVT)                       0.00 #     0.00 r
  ftr_fl_ff_reg_13_/QN (DFFX1_HVT)                        0.17       0.17 r
  U6/Y (INVX2_HVT)                                        0.06       0.23 f
  postproc_U0/ftr_fl[13] (postproc_GROUP_CHANNEL4_BW_BIAS23_BW_RELU32)
                                                          0.00       0.23 f
  postproc_U0/shift_ctrl_U0/ftr_fl[13] (shift_ctrl)       0.00       0.23 f
  postproc_U0/shift_ctrl_U0/U312/Y (INVX1_HVT)            0.06       0.29 r
  postproc_U0/shift_ctrl_U0/U42/Y (INVX0_HVT)             0.05       0.34 f
  postproc_U0/shift_ctrl_U0/U39/Y (INVX0_HVT)             0.07       0.40 r
  postproc_U0/shift_ctrl_U0/U55/Y (OR2X1_HVT)             0.09       0.50 r
  postproc_U0/shift_ctrl_U0/U351/Y (OA21X1_HVT)           0.10       0.59 r
  postproc_U0/shift_ctrl_U0/U352/Y (OR2X1_HVT)            0.08       0.68 r
  postproc_U0/shift_ctrl_U0/U353/Y (NAND2X0_HVT)          0.05       0.73 f
  postproc_U0/shift_ctrl_U0/U364/Y (NAND4X0_HVT)          0.05       0.78 r
  postproc_U0/shift_ctrl_U0/U333/Y (AO21X1_HVT)           0.12       0.90 r
  postproc_U0/shift_ctrl_U0/U34/Y (INVX1_HVT)             0.06       0.95 f
  postproc_U0/shift_ctrl_U0/U32/Y (INVX1_HVT)             0.06       1.02 r
  postproc_U0/shift_ctrl_U0/U329/Y (NAND2X0_HVT)          0.12       1.13 f
  postproc_U0/shift_ctrl_U0/U33/Y (INVX1_HVT)             0.10       1.23 r
  postproc_U0/shift_ctrl_U0/U73/Y (AO21X1_HVT)            0.13       1.36 r
  postproc_U0/shift_ctrl_U0/U72/Y (AO21X1_HVT)            0.09       1.45 r
  postproc_U0/shift_ctrl_U0/relu_shift_ch3[0] (shift_ctrl)
                                                          0.00       1.45 r
  postproc_U0/ReLU_U0/relu_shift_ch3[0] (ReLU_GROUP_CHANNEL4_BW_BIAS23_BW_RELU32)
                                                          0.00       1.45 r
  postproc_U0/ReLU_U0/U204/Y (OR2X1_HVT)                  0.13       1.58 r
  postproc_U0/ReLU_U0/U202/Y (INVX0_HVT)                  0.06       1.64 f
  postproc_U0/ReLU_U0/U1066/Y (INVX0_HVT)                 0.09       1.74 r
  postproc_U0/ReLU_U0/U1891/Y (OAI22X1_HVT)               0.16       1.90 f
  postproc_U0/ReLU_U0/U101/Y (INVX1_HVT)                  0.02       1.92 r
  postproc_U0/ReLU_U0/U1039/Y (NAND3X0_HVT)               0.13       2.05 f
  postproc_U0/ReLU_U0/U852/Y (NAND2X0_HVT)                0.12       2.17 r
  postproc_U0/ReLU_U0/U6/Y (NAND4X0_HVT)                  0.21       2.38 f
  postproc_U0/ReLU_U0/U2/Y (INVX1_HVT)                    0.11       2.49 r
  postproc_U0/ReLU_U0/U2533/S (FADDX1_HVT)                0.25       2.74 f
  postproc_U0/ReLU_U0/U2534/S (FADDX1_HVT)                0.21       2.95 r
  postproc_U0/ReLU_U0/U318/Y (NOR2X0_HVT)                 0.12       3.07 f
  postproc_U0/ReLU_U0/U1533/Y (NOR2X0_HVT)                0.11       3.18 r
  postproc_U0/ReLU_U0/U2549/Y (AOI21X1_HVT)               0.13       3.31 f
  postproc_U0/ReLU_U0/U2550/Y (OAI21X1_HVT)               0.12       3.43 r
  postproc_U0/ReLU_U0/U1444/Y (AO21X1_HVT)                0.08       3.51 r
  postproc_U0/ReLU_U0/U1445/Y (INVX0_HVT)                 0.06       3.57 f
  postproc_U0/ReLU_U0/U2597/Y (OAI21X1_HVT)               0.16       3.73 r
  postproc_U0/ReLU_U0/U1115/Y (XOR2X2_HVT)                0.15       3.88 f
  postproc_U0/ReLU_U0/U98/Y (INVX2_HVT)                   0.05       3.93 r
  postproc_U0/ReLU_U0/U1309/Y (NAND2X0_HVT)               0.12       4.05 f
  postproc_U0/ReLU_U0/U1311/Y (INVX0_HVT)                 0.09       4.14 r
  postproc_U0/ReLU_U0/U3176/S (FADDX1_HVT)                0.24       4.38 f
  postproc_U0/ReLU_U0/U3200/S (FADDX1_HVT)                0.21       4.59 r
  postproc_U0/ReLU_U0/U3279/Y (NAND2X0_HVT)               0.08       4.67 f
  postproc_U0/ReLU_U0/U116/Y (OAI21X1_HVT)                0.19       4.86 r
  postproc_U0/ReLU_U0/U3284/Y (AOI21X1_HVT)               0.13       4.99 f
  postproc_U0/ReLU_U0/U3285/Y (OAI21X1_HVT)               0.13       5.12 r
  postproc_U0/ReLU_U0/U3377/Y (AO21X1_HVT)                0.12       5.24 r
  postproc_U0/ReLU_U0/U4117/CO (FADDX1_HVT)               0.14       5.38 r
  postproc_U0/ReLU_U0/U4120/CO (FADDX1_HVT)               0.14       5.52 r
  postproc_U0/ReLU_U0/U3654/CO (FADDX1_HVT)               0.14       5.66 r
  postproc_U0/ReLU_U0/U3640/CO (FADDX1_HVT)               0.14       5.80 r
  postproc_U0/ReLU_U0/U3642/CO (FADDX1_HVT)               0.14       5.95 r
  postproc_U0/ReLU_U0/U3644/CO (FADDX1_HVT)               0.14       6.09 r
  postproc_U0/ReLU_U0/U3646/CO (FADDX1_HVT)               0.14       6.23 r
  postproc_U0/ReLU_U0/U3648/CO (FADDX1_HVT)               0.14       6.37 r
  postproc_U0/ReLU_U0/U3650/CO (FADDX1_HVT)               0.14       6.52 r
  postproc_U0/ReLU_U0/U3652/CO (FADDX1_HVT)               0.14       6.66 r
  postproc_U0/ReLU_U0/U4123/CO (FADDX1_HVT)               0.14       6.80 r
  postproc_U0/ReLU_U0/U4126/CO (FADDX1_HVT)               0.14       6.94 r
  postproc_U0/ReLU_U0/U4129/CO (FADDX1_HVT)               0.14       7.08 r
  postproc_U0/ReLU_U0/U3780/CO (FADDX1_HVT)               0.14       7.23 r
  postproc_U0/ReLU_U0/U4132/CO (FADDX1_HVT)               0.14       7.37 r
  postproc_U0/ReLU_U0/U4135/CO (FADDX1_HVT)               0.14       7.51 r
  postproc_U0/ReLU_U0/U4140/S (FADDX1_HVT)                0.21       7.72 f
  postproc_U0/ReLU_U0/U3781/Y (MUX21X1_HVT)               0.13       7.84 f
  postproc_U0/ReLU_U0/relu_out[93] (ReLU_GROUP_CHANNEL4_BW_BIAS23_BW_RELU32)
                                                          0.00       7.84 f
  postproc_U0/residual_add_U1/res_in[29] (residual_add_GROUP_CHANNEL4_BW_RELU32_mydesign_2)
                                                          0.00       7.84 f
  postproc_U0/residual_add_U1/U86/Y (NOR2X0_HVT)          0.11       7.95 r
  postproc_U0/residual_add_U1/U2/Y (OAI21X1_HVT)          0.16       8.12 f
  postproc_U0/residual_add_U1/U261/Y (AOI21X1_HVT)        0.13       8.25 r
  postproc_U0/residual_add_U1/U264/Y (XOR2X2_HVT)         0.15       8.40 f
  postproc_U0/residual_add_U1/res_out[31] (residual_add_GROUP_CHANNEL4_BW_RELU32_mydesign_2)
                                                          0.00       8.40 f
  postproc_U0/quantization_1ch_U1/in_val[31] (quantization_1ch_GROUP_CHANNEL4_BW_RELU32_mydesign_2)
                                                          0.00       8.40 f
  postproc_U0/quantization_1ch_U1/U197/Y (NAND2X0_HVT)
                                                          0.06       8.46 r
  postproc_U0/quantization_1ch_U1/U16/Y (NAND3X0_HVT)     0.14       8.60 f
  postproc_U0/quantization_1ch_U1/U344/Y (AND2X1_HVT)     0.12       8.72 f
  postproc_U0/quantization_1ch_U1/U25/Y (INVX0_HVT)       0.03       8.75 r
  postproc_U0/quantization_1ch_U1/U347/Y (NAND4X0_HVT)
                                                          0.11       8.86 f
  postproc_U0/quantization_1ch_U1/U350/Y (NAND2X0_HVT)
                                                          0.09       8.95 r
  postproc_U0/quantization_1ch_U1/U133/Y (OR2X1_HVT)      0.09       9.04 r
  postproc_U0/quantization_1ch_U1/U134/Y (INVX0_HVT)      0.05       9.09 f
  postproc_U0/quantization_1ch_U1/U351/Y (NAND2X0_HVT)
                                                          0.07       9.16 r
  postproc_U0/quantization_1ch_U1/U123/Y (NOR2X0_HVT)     0.12       9.29 f
  postproc_U0/quantization_1ch_U1/U385/Y (INVX0_HVT)      0.03       9.32 r
  postproc_U0/quantization_1ch_U1/U386/Y (XOR2X1_HVT)     0.10       9.42 r
  postproc_U0/quantization_1ch_U1/U392/Y (AND3X1_HVT)     0.10       9.51 r
  postproc_U0/quantization_1ch_U1/U405/Y (NAND4X0_HVT)
                                                          0.09       9.60 f
  postproc_U0/quantization_1ch_U1/U153/Y (OAI21X2_HVT)
                                                          0.19       9.80 r
  postproc_U0/quantization_1ch_U1/U460/Y (AO21X1_HVT)     0.11       9.91 r
  postproc_U0/quantization_1ch_U1/out_val[2] (quantization_1ch_GROUP_CHANNEL4_BW_RELU32_mydesign_2)
                                                          0.00       9.91 r
  postproc_U0/post_out_reg_18_/D (DFFX1_HVT)              0.00       9.91 r
  data arrival time                                                  9.91

  clock clk (rise edge)                                  10.00      10.00
  clock network delay (ideal)                             0.00      10.00
  postproc_U0/post_out_reg_18_/CLK (DFFX1_HVT)            0.00      10.00 r
  library setup time                                     -0.09       9.91
  data required time                                                 9.91
  --------------------------------------------------------------------------
  data required time                                                 9.91
  data arrival time                                                 -9.91
  --------------------------------------------------------------------------
  slack (MET)                                                        0.00


  Startpoint: ftr_fl_ff_reg_13_
              (rising edge-triggered flip-flop clocked by clk)
  Endpoint: postproc_U0/post_out_reg_17_
            (rising edge-triggered flip-flop clocked by clk)
  Path Group: clk
  Path Type: max

  Des/Clust/Port     Wire Load Model       Library
  ------------------------------------------------
  conv_top           140000                saed32hvt_ss0p95v125c
  shift_ctrl         8000                  saed32hvt_ss0p95v125c
  postproc_GROUP_CHANNEL4_BW_BIAS23_BW_RELU32
                     35000                 saed32hvt_ss0p95v125c
  ReLU_GROUP_CHANNEL4_BW_BIAS23_BW_RELU32
                     16000                 saed32hvt_ss0p95v125c
  residual_add_GROUP_CHANNEL4_BW_RELU32_mydesign_2
                     8000                  saed32hvt_ss0p95v125c
  quantization_1ch_GROUP_CHANNEL4_BW_RELU32_mydesign_2
                     8000                  saed32hvt_ss0p95v125c

  Point                                                   Incr       Path
  --------------------------------------------------------------------------
  clock clk (rise edge)                                   0.00       0.00
  clock network delay (ideal)                             0.00       0.00
  ftr_fl_ff_reg_13_/CLK (DFFX1_HVT)                       0.00 #     0.00 r
  ftr_fl_ff_reg_13_/QN (DFFX1_HVT)                        0.17       0.17 r
  U6/Y (INVX2_HVT)                                        0.06       0.23 f
  postproc_U0/ftr_fl[13] (postproc_GROUP_CHANNEL4_BW_BIAS23_BW_RELU32)
                                                          0.00       0.23 f
  postproc_U0/shift_ctrl_U0/ftr_fl[13] (shift_ctrl)       0.00       0.23 f
  postproc_U0/shift_ctrl_U0/U312/Y (INVX1_HVT)            0.06       0.29 r
  postproc_U0/shift_ctrl_U0/U42/Y (INVX0_HVT)             0.05       0.34 f
  postproc_U0/shift_ctrl_U0/U39/Y (INVX0_HVT)             0.07       0.40 r
  postproc_U0/shift_ctrl_U0/U55/Y (OR2X1_HVT)             0.09       0.50 r
  postproc_U0/shift_ctrl_U0/U351/Y (OA21X1_HVT)           0.10       0.59 r
  postproc_U0/shift_ctrl_U0/U352/Y (OR2X1_HVT)            0.08       0.68 r
  postproc_U0/shift_ctrl_U0/U353/Y (NAND2X0_HVT)          0.05       0.73 f
  postproc_U0/shift_ctrl_U0/U364/Y (NAND4X0_HVT)          0.05       0.78 r
  postproc_U0/shift_ctrl_U0/U333/Y (AO21X1_HVT)           0.12       0.90 r
  postproc_U0/shift_ctrl_U0/U34/Y (INVX1_HVT)             0.06       0.95 f
  postproc_U0/shift_ctrl_U0/U32/Y (INVX1_HVT)             0.06       1.02 r
  postproc_U0/shift_ctrl_U0/U329/Y (NAND2X0_HVT)          0.12       1.13 f
  postproc_U0/shift_ctrl_U0/U33/Y (INVX1_HVT)             0.10       1.23 r
  postproc_U0/shift_ctrl_U0/U73/Y (AO21X1_HVT)            0.13       1.36 r
  postproc_U0/shift_ctrl_U0/U72/Y (AO21X1_HVT)            0.09       1.45 r
  postproc_U0/shift_ctrl_U0/relu_shift_ch3[0] (shift_ctrl)
                                                          0.00       1.45 r
  postproc_U0/ReLU_U0/relu_shift_ch3[0] (ReLU_GROUP_CHANNEL4_BW_BIAS23_BW_RELU32)
                                                          0.00       1.45 r
  postproc_U0/ReLU_U0/U204/Y (OR2X1_HVT)                  0.13       1.58 r
  postproc_U0/ReLU_U0/U202/Y (INVX0_HVT)                  0.06       1.64 f
  postproc_U0/ReLU_U0/U1066/Y (INVX0_HVT)                 0.09       1.74 r
  postproc_U0/ReLU_U0/U1891/Y (OAI22X1_HVT)               0.16       1.90 f
  postproc_U0/ReLU_U0/U101/Y (INVX1_HVT)                  0.02       1.92 r
  postproc_U0/ReLU_U0/U1039/Y (NAND3X0_HVT)               0.13       2.05 f
  postproc_U0/ReLU_U0/U852/Y (NAND2X0_HVT)                0.12       2.17 r
  postproc_U0/ReLU_U0/U6/Y (NAND4X0_HVT)                  0.21       2.38 f
  postproc_U0/ReLU_U0/U2/Y (INVX1_HVT)                    0.11       2.49 r
  postproc_U0/ReLU_U0/U2533/S (FADDX1_HVT)                0.25       2.74 f
  postproc_U0/ReLU_U0/U2534/S (FADDX1_HVT)                0.21       2.95 r
  postproc_U0/ReLU_U0/U318/Y (NOR2X0_HVT)                 0.12       3.07 f
  postproc_U0/ReLU_U0/U1533/Y (NOR2X0_HVT)                0.11       3.18 r
  postproc_U0/ReLU_U0/U2549/Y (AOI21X1_HVT)               0.13       3.31 f
  postproc_U0/ReLU_U0/U2550/Y (OAI21X1_HVT)               0.12       3.43 r
  postproc_U0/ReLU_U0/U1444/Y (AO21X1_HVT)                0.08       3.51 r
  postproc_U0/ReLU_U0/U1445/Y (INVX0_HVT)                 0.06       3.57 f
  postproc_U0/ReLU_U0/U2597/Y (OAI21X1_HVT)               0.16       3.73 r
  postproc_U0/ReLU_U0/U1115/Y (XOR2X2_HVT)                0.15       3.88 f
  postproc_U0/ReLU_U0/U98/Y (INVX2_HVT)                   0.05       3.93 r
  postproc_U0/ReLU_U0/U1309/Y (NAND2X0_HVT)               0.12       4.05 f
  postproc_U0/ReLU_U0/U1311/Y (INVX0_HVT)                 0.09       4.14 r
  postproc_U0/ReLU_U0/U3176/S (FADDX1_HVT)                0.24       4.38 f
  postproc_U0/ReLU_U0/U3200/S (FADDX1_HVT)                0.21       4.59 r
  postproc_U0/ReLU_U0/U3279/Y (NAND2X0_HVT)               0.08       4.67 f
  postproc_U0/ReLU_U0/U116/Y (OAI21X1_HVT)                0.19       4.86 r
  postproc_U0/ReLU_U0/U3284/Y (AOI21X1_HVT)               0.13       4.99 f
  postproc_U0/ReLU_U0/U3285/Y (OAI21X1_HVT)               0.13       5.12 r
  postproc_U0/ReLU_U0/U3377/Y (AO21X1_HVT)                0.12       5.24 r
  postproc_U0/ReLU_U0/U4117/CO (FADDX1_HVT)               0.14       5.38 r
  postproc_U0/ReLU_U0/U4120/CO (FADDX1_HVT)               0.14       5.52 r
  postproc_U0/ReLU_U0/U3654/CO (FADDX1_HVT)               0.14       5.66 r
  postproc_U0/ReLU_U0/U3640/CO (FADDX1_HVT)               0.14       5.80 r
  postproc_U0/ReLU_U0/U3642/CO (FADDX1_HVT)               0.14       5.95 r
  postproc_U0/ReLU_U0/U3644/CO (FADDX1_HVT)               0.14       6.09 r
  postproc_U0/ReLU_U0/U3646/CO (FADDX1_HVT)               0.14       6.23 r
  postproc_U0/ReLU_U0/U3648/CO (FADDX1_HVT)               0.14       6.37 r
  postproc_U0/ReLU_U0/U3650/CO (FADDX1_HVT)               0.14       6.52 r
  postproc_U0/ReLU_U0/U3652/CO (FADDX1_HVT)               0.14       6.66 r
  postproc_U0/ReLU_U0/U4123/CO (FADDX1_HVT)               0.14       6.80 r
  postproc_U0/ReLU_U0/U4126/CO (FADDX1_HVT)               0.14       6.94 r
  postproc_U0/ReLU_U0/U4129/CO (FADDX1_HVT)               0.14       7.08 r
  postproc_U0/ReLU_U0/U3780/CO (FADDX1_HVT)               0.14       7.23 r
  postproc_U0/ReLU_U0/U4132/CO (FADDX1_HVT)               0.14       7.37 r
  postproc_U0/ReLU_U0/U4135/CO (FADDX1_HVT)               0.14       7.51 r
  postproc_U0/ReLU_U0/U4140/S (FADDX1_HVT)                0.21       7.72 f
  postproc_U0/ReLU_U0/U3781/Y (MUX21X1_HVT)               0.13       7.84 f
  postproc_U0/ReLU_U0/relu_out[93] (ReLU_GROUP_CHANNEL4_BW_BIAS23_BW_RELU32)
                                                          0.00       7.84 f
  postproc_U0/residual_add_U1/res_in[29] (residual_add_GROUP_CHANNEL4_BW_RELU32_mydesign_2)
                                                          0.00       7.84 f
  postproc_U0/residual_add_U1/U86/Y (NOR2X0_HVT)          0.11       7.95 r
  postproc_U0/residual_add_U1/U2/Y (OAI21X1_HVT)          0.16       8.12 f
  postproc_U0/residual_add_U1/U261/Y (AOI21X1_HVT)        0.13       8.25 r
  postproc_U0/residual_add_U1/U264/Y (XOR2X2_HVT)         0.15       8.40 f
  postproc_U0/residual_add_U1/res_out[31] (residual_add_GROUP_CHANNEL4_BW_RELU32_mydesign_2)
                                                          0.00       8.40 f
  postproc_U0/quantization_1ch_U1/in_val[31] (quantization_1ch_GROUP_CHANNEL4_BW_RELU32_mydesign_2)
                                                          0.00       8.40 f
  postproc_U0/quantization_1ch_U1/U197/Y (NAND2X0_HVT)
                                                          0.06       8.46 r
  postproc_U0/quantization_1ch_U1/U16/Y (NAND3X0_HVT)     0.14       8.60 f
  postproc_U0/quantization_1ch_U1/U344/Y (AND2X1_HVT)     0.12       8.72 f
  postproc_U0/quantization_1ch_U1/U25/Y (INVX0_HVT)       0.03       8.75 r
  postproc_U0/quantization_1ch_U1/U347/Y (NAND4X0_HVT)
                                                          0.11       8.86 f
  postproc_U0/quantization_1ch_U1/U350/Y (NAND2X0_HVT)
                                                          0.09       8.95 r
  postproc_U0/quantization_1ch_U1/U133/Y (OR2X1_HVT)      0.09       9.04 r
  postproc_U0/quantization_1ch_U1/U134/Y (INVX0_HVT)      0.05       9.09 f
  postproc_U0/quantization_1ch_U1/U351/Y (NAND2X0_HVT)
                                                          0.07       9.16 r
  postproc_U0/quantization_1ch_U1/U123/Y (NOR2X0_HVT)     0.12       9.29 f
  postproc_U0/quantization_1ch_U1/U385/Y (INVX0_HVT)      0.03       9.32 r
  postproc_U0/quantization_1ch_U1/U386/Y (XOR2X1_HVT)     0.10       9.42 r
  postproc_U0/quantization_1ch_U1/U392/Y (AND3X1_HVT)     0.10       9.51 r
  postproc_U0/quantization_1ch_U1/U405/Y (NAND4X0_HVT)
                                                          0.09       9.60 f
  postproc_U0/quantization_1ch_U1/U153/Y (OAI21X2_HVT)
                                                          0.19       9.80 r
  postproc_U0/quantization_1ch_U1/U458/Y (AO21X1_HVT)     0.11       9.91 r
  postproc_U0/quantization_1ch_U1/out_val[1] (quantization_1ch_GROUP_CHANNEL4_BW_RELU32_mydesign_2)
                                                          0.00       9.91 r
  postproc_U0/post_out_reg_17_/D (DFFX1_HVT)              0.00       9.91 r
  data arrival time                                                  9.91

  clock clk (rise edge)                                  10.00      10.00
  clock network delay (ideal)                             0.00      10.00
  postproc_U0/post_out_reg_17_/CLK (DFFX1_HVT)            0.00      10.00 r
  library setup time                                     -0.09       9.91
  data required time                                                 9.91
  --------------------------------------------------------------------------
  data required time                                                 9.91
  data arrival time                                                 -9.91
  --------------------------------------------------------------------------
  slack (MET)                                                        0.00


  Startpoint: ftr_fl_ff_reg_13_
              (rising edge-triggered flip-flop clocked by clk)
  Endpoint: postproc_U0/post_out_reg_16_
            (rising edge-triggered flip-flop clocked by clk)
  Path Group: clk
  Path Type: max

  Des/Clust/Port     Wire Load Model       Library
  ------------------------------------------------
  conv_top           140000                saed32hvt_ss0p95v125c
  shift_ctrl         8000                  saed32hvt_ss0p95v125c
  postproc_GROUP_CHANNEL4_BW_BIAS23_BW_RELU32
                     35000                 saed32hvt_ss0p95v125c
  ReLU_GROUP_CHANNEL4_BW_BIAS23_BW_RELU32
                     16000                 saed32hvt_ss0p95v125c
  residual_add_GROUP_CHANNEL4_BW_RELU32_mydesign_2
                     8000                  saed32hvt_ss0p95v125c
  quantization_1ch_GROUP_CHANNEL4_BW_RELU32_mydesign_2
                     8000                  saed32hvt_ss0p95v125c

  Point                                                   Incr       Path
  --------------------------------------------------------------------------
  clock clk (rise edge)                                   0.00       0.00
  clock network delay (ideal)                             0.00       0.00
  ftr_fl_ff_reg_13_/CLK (DFFX1_HVT)                       0.00 #     0.00 r
  ftr_fl_ff_reg_13_/QN (DFFX1_HVT)                        0.17       0.17 r
  U6/Y (INVX2_HVT)                                        0.06       0.23 f
  postproc_U0/ftr_fl[13] (postproc_GROUP_CHANNEL4_BW_BIAS23_BW_RELU32)
                                                          0.00       0.23 f
  postproc_U0/shift_ctrl_U0/ftr_fl[13] (shift_ctrl)       0.00       0.23 f
  postproc_U0/shift_ctrl_U0/U312/Y (INVX1_HVT)            0.06       0.29 r
  postproc_U0/shift_ctrl_U0/U42/Y (INVX0_HVT)             0.05       0.34 f
  postproc_U0/shift_ctrl_U0/U39/Y (INVX0_HVT)             0.07       0.40 r
  postproc_U0/shift_ctrl_U0/U55/Y (OR2X1_HVT)             0.09       0.50 r
  postproc_U0/shift_ctrl_U0/U351/Y (OA21X1_HVT)           0.10       0.59 r
  postproc_U0/shift_ctrl_U0/U352/Y (OR2X1_HVT)            0.08       0.68 r
  postproc_U0/shift_ctrl_U0/U353/Y (NAND2X0_HVT)          0.05       0.73 f
  postproc_U0/shift_ctrl_U0/U364/Y (NAND4X0_HVT)          0.05       0.78 r
  postproc_U0/shift_ctrl_U0/U333/Y (AO21X1_HVT)           0.12       0.90 r
  postproc_U0/shift_ctrl_U0/U34/Y (INVX1_HVT)             0.06       0.95 f
  postproc_U0/shift_ctrl_U0/U32/Y (INVX1_HVT)             0.06       1.02 r
  postproc_U0/shift_ctrl_U0/U329/Y (NAND2X0_HVT)          0.12       1.13 f
  postproc_U0/shift_ctrl_U0/U33/Y (INVX1_HVT)             0.10       1.23 r
  postproc_U0/shift_ctrl_U0/U73/Y (AO21X1_HVT)            0.13       1.36 r
  postproc_U0/shift_ctrl_U0/U72/Y (AO21X1_HVT)            0.09       1.45 r
  postproc_U0/shift_ctrl_U0/relu_shift_ch3[0] (shift_ctrl)
                                                          0.00       1.45 r
  postproc_U0/ReLU_U0/relu_shift_ch3[0] (ReLU_GROUP_CHANNEL4_BW_BIAS23_BW_RELU32)
                                                          0.00       1.45 r
  postproc_U0/ReLU_U0/U204/Y (OR2X1_HVT)                  0.13       1.58 r
  postproc_U0/ReLU_U0/U202/Y (INVX0_HVT)                  0.06       1.64 f
  postproc_U0/ReLU_U0/U1066/Y (INVX0_HVT)                 0.09       1.74 r
  postproc_U0/ReLU_U0/U1891/Y (OAI22X1_HVT)               0.16       1.90 f
  postproc_U0/ReLU_U0/U101/Y (INVX1_HVT)                  0.02       1.92 r
  postproc_U0/ReLU_U0/U1039/Y (NAND3X0_HVT)               0.13       2.05 f
  postproc_U0/ReLU_U0/U852/Y (NAND2X0_HVT)                0.12       2.17 r
  postproc_U0/ReLU_U0/U6/Y (NAND4X0_HVT)                  0.21       2.38 f
  postproc_U0/ReLU_U0/U2/Y (INVX1_HVT)                    0.11       2.49 r
  postproc_U0/ReLU_U0/U2533/S (FADDX1_HVT)                0.25       2.74 f
  postproc_U0/ReLU_U0/U2534/S (FADDX1_HVT)                0.21       2.95 r
  postproc_U0/ReLU_U0/U318/Y (NOR2X0_HVT)                 0.12       3.07 f
  postproc_U0/ReLU_U0/U1533/Y (NOR2X0_HVT)                0.11       3.18 r
  postproc_U0/ReLU_U0/U2549/Y (AOI21X1_HVT)               0.13       3.31 f
  postproc_U0/ReLU_U0/U2550/Y (OAI21X1_HVT)               0.12       3.43 r
  postproc_U0/ReLU_U0/U1444/Y (AO21X1_HVT)                0.08       3.51 r
  postproc_U0/ReLU_U0/U1445/Y (INVX0_HVT)                 0.06       3.57 f
  postproc_U0/ReLU_U0/U2597/Y (OAI21X1_HVT)               0.16       3.73 r
  postproc_U0/ReLU_U0/U1115/Y (XOR2X2_HVT)                0.15       3.88 f
  postproc_U0/ReLU_U0/U98/Y (INVX2_HVT)                   0.05       3.93 r
  postproc_U0/ReLU_U0/U1309/Y (NAND2X0_HVT)               0.12       4.05 f
  postproc_U0/ReLU_U0/U1311/Y (INVX0_HVT)                 0.09       4.14 r
  postproc_U0/ReLU_U0/U3176/S (FADDX1_HVT)                0.24       4.38 f
  postproc_U0/ReLU_U0/U3200/S (FADDX1_HVT)                0.21       4.59 r
  postproc_U0/ReLU_U0/U3279/Y (NAND2X0_HVT)               0.08       4.67 f
  postproc_U0/ReLU_U0/U116/Y (OAI21X1_HVT)                0.19       4.86 r
  postproc_U0/ReLU_U0/U3284/Y (AOI21X1_HVT)               0.13       4.99 f
  postproc_U0/ReLU_U0/U3285/Y (OAI21X1_HVT)               0.13       5.12 r
  postproc_U0/ReLU_U0/U3377/Y (AO21X1_HVT)                0.12       5.24 r
  postproc_U0/ReLU_U0/U4117/CO (FADDX1_HVT)               0.14       5.38 r
  postproc_U0/ReLU_U0/U4120/CO (FADDX1_HVT)               0.14       5.52 r
  postproc_U0/ReLU_U0/U3654/CO (FADDX1_HVT)               0.14       5.66 r
  postproc_U0/ReLU_U0/U3640/CO (FADDX1_HVT)               0.14       5.80 r
  postproc_U0/ReLU_U0/U3642/CO (FADDX1_HVT)               0.14       5.95 r
  postproc_U0/ReLU_U0/U3644/CO (FADDX1_HVT)               0.14       6.09 r
  postproc_U0/ReLU_U0/U3646/CO (FADDX1_HVT)               0.14       6.23 r
  postproc_U0/ReLU_U0/U3648/CO (FADDX1_HVT)               0.14       6.37 r
  postproc_U0/ReLU_U0/U3650/CO (FADDX1_HVT)               0.14       6.52 r
  postproc_U0/ReLU_U0/U3652/CO (FADDX1_HVT)               0.14       6.66 r
  postproc_U0/ReLU_U0/U4123/CO (FADDX1_HVT)               0.14       6.80 r
  postproc_U0/ReLU_U0/U4126/CO (FADDX1_HVT)               0.14       6.94 r
  postproc_U0/ReLU_U0/U4129/CO (FADDX1_HVT)               0.14       7.08 r
  postproc_U0/ReLU_U0/U3780/CO (FADDX1_HVT)               0.14       7.23 r
  postproc_U0/ReLU_U0/U4132/CO (FADDX1_HVT)               0.14       7.37 r
  postproc_U0/ReLU_U0/U4135/CO (FADDX1_HVT)               0.14       7.51 r
  postproc_U0/ReLU_U0/U4140/S (FADDX1_HVT)                0.21       7.72 f
  postproc_U0/ReLU_U0/U3781/Y (MUX21X1_HVT)               0.13       7.84 f
  postproc_U0/ReLU_U0/relu_out[93] (ReLU_GROUP_CHANNEL4_BW_BIAS23_BW_RELU32)
                                                          0.00       7.84 f
  postproc_U0/residual_add_U1/res_in[29] (residual_add_GROUP_CHANNEL4_BW_RELU32_mydesign_2)
                                                          0.00       7.84 f
  postproc_U0/residual_add_U1/U86/Y (NOR2X0_HVT)          0.11       7.95 r
  postproc_U0/residual_add_U1/U2/Y (OAI21X1_HVT)          0.16       8.12 f
  postproc_U0/residual_add_U1/U261/Y (AOI21X1_HVT)        0.13       8.25 r
  postproc_U0/residual_add_U1/U264/Y (XOR2X2_HVT)         0.15       8.40 f
  postproc_U0/residual_add_U1/res_out[31] (residual_add_GROUP_CHANNEL4_BW_RELU32_mydesign_2)
                                                          0.00       8.40 f
  postproc_U0/quantization_1ch_U1/in_val[31] (quantization_1ch_GROUP_CHANNEL4_BW_RELU32_mydesign_2)
                                                          0.00       8.40 f
  postproc_U0/quantization_1ch_U1/U197/Y (NAND2X0_HVT)
                                                          0.06       8.46 r
  postproc_U0/quantization_1ch_U1/U16/Y (NAND3X0_HVT)     0.14       8.60 f
  postproc_U0/quantization_1ch_U1/U344/Y (AND2X1_HVT)     0.12       8.72 f
  postproc_U0/quantization_1ch_U1/U25/Y (INVX0_HVT)       0.03       8.75 r
  postproc_U0/quantization_1ch_U1/U347/Y (NAND4X0_HVT)
                                                          0.11       8.86 f
  postproc_U0/quantization_1ch_U1/U350/Y (NAND2X0_HVT)
                                                          0.09       8.95 r
  postproc_U0/quantization_1ch_U1/U133/Y (OR2X1_HVT)      0.09       9.04 r
  postproc_U0/quantization_1ch_U1/U134/Y (INVX0_HVT)      0.05       9.09 f
  postproc_U0/quantization_1ch_U1/U351/Y (NAND2X0_HVT)
                                                          0.07       9.16 r
  postproc_U0/quantization_1ch_U1/U123/Y (NOR2X0_HVT)     0.12       9.29 f
  postproc_U0/quantization_1ch_U1/U385/Y (INVX0_HVT)      0.03       9.32 r
  postproc_U0/quantization_1ch_U1/U386/Y (XOR2X1_HVT)     0.10       9.42 r
  postproc_U0/quantization_1ch_U1/U392/Y (AND3X1_HVT)     0.10       9.51 r
  postproc_U0/quantization_1ch_U1/U405/Y (NAND4X0_HVT)
                                                          0.09       9.60 f
  postproc_U0/quantization_1ch_U1/U153/Y (OAI21X2_HVT)
                                                          0.19       9.80 r
  postproc_U0/quantization_1ch_U1/U456/Y (AO21X1_HVT)     0.11       9.91 r
  postproc_U0/quantization_1ch_U1/out_val[0] (quantization_1ch_GROUP_CHANNEL4_BW_RELU32_mydesign_2)
                                                          0.00       9.91 r
  postproc_U0/post_out_reg_16_/D (DFFX1_HVT)              0.00       9.91 r
  data arrival time                                                  9.91

  clock clk (rise edge)                                  10.00      10.00
  clock network delay (ideal)                             0.00      10.00
  postproc_U0/post_out_reg_16_/CLK (DFFX1_HVT)            0.00      10.00 r
  library setup time                                     -0.09       9.91
  data required time                                                 9.91
  --------------------------------------------------------------------------
  data required time                                                 9.91
  data arrival time                                                 -9.91
  --------------------------------------------------------------------------
  slack (MET)                                                        0.00


1
