 
****************************************
Report : timing
        -path full
        -delay max
        -max_paths 1
Design : conv_top
Version: R-2020.09-SP5
Date   : Thu Dec 23 18:51:24 2021
****************************************

 # A fanout number of 1000 was used for high fanout net computations.

Operating Conditions: ss0p95v125c   Library: saed32hvt_ss0p95v125c
Wire Load Model Mode: enclosed

  Startpoint: ftr_fl_ff_reg_13_
              (rising edge-triggered flip-flop clocked by clk)
  Endpoint: postproc_U0/post_out_reg_16_
            (rising edge-triggered flip-flop clocked by clk)
  Path Group: clk
  Path Type: max

  Des/Clust/Port     Wire Load Model       Library
  ------------------------------------------------
  conv_top           140000                saed32hvt_ss0p95v125c
  shift_ctrl         8000                  saed32hvt_ss0p95v125c
  postproc_GROUP_CHANNEL4_BW_BIAS23_BW_RELU32
                     35000                 saed32hvt_ss0p95v125c
  ReLU_GROUP_CHANNEL4_BW_BIAS23_BW_RELU32
                     16000                 saed32hvt_ss0p95v125c
  residual_add_GROUP_CHANNEL4_BW_RELU32_mydesign_2
                     8000                  saed32hvt_ss0p95v125c
  quantization_1ch_GROUP_CHANNEL4_BW_RELU32_mydesign_2
                     8000                  saed32hvt_ss0p95v125c

  Point                                                   Incr       Path
  --------------------------------------------------------------------------
  clock clk (rise edge)                                 0.0000     0.0000
  clock network delay (ideal)                           0.0000     0.0000
  ftr_fl_ff_reg_13_/CLK (DFFX1_HVT)                     0.0000 #   0.0000 r
  ftr_fl_ff_reg_13_/QN (DFFX1_HVT)                      0.1699     0.1699 r
  U6/Y (INVX2_HVT)                                      0.0612     0.2311 f
  postproc_U0/ftr_fl[13] (postproc_GROUP_CHANNEL4_BW_BIAS23_BW_RELU32)
                                                        0.0000     0.2311 f
  postproc_U0/shift_ctrl_U0/ftr_fl[13] (shift_ctrl)     0.0000     0.2311 f
  postproc_U0/shift_ctrl_U0/U312/Y (INVX1_HVT)          0.0565     0.2876 r
  postproc_U0/shift_ctrl_U0/U42/Y (INVX0_HVT)           0.0474     0.3350 f
  postproc_U0/shift_ctrl_U0/U39/Y (INVX0_HVT)           0.0655     0.4006 r
  postproc_U0/shift_ctrl_U0/U55/Y (OR2X1_HVT)           0.0947     0.4953 r
  postproc_U0/shift_ctrl_U0/U351/Y (OA21X1_HVT)         0.0997     0.5950 r
  postproc_U0/shift_ctrl_U0/U352/Y (OR2X1_HVT)          0.0809     0.6758 r
  postproc_U0/shift_ctrl_U0/U353/Y (NAND2X0_HVT)        0.0511     0.7269 f
  postproc_U0/shift_ctrl_U0/U364/Y (NAND4X0_HVT)        0.0521     0.7790 r
  postproc_U0/shift_ctrl_U0/U333/Y (AO21X1_HVT)         0.1195     0.8985 r
  postproc_U0/shift_ctrl_U0/U34/Y (INVX1_HVT)           0.0557     0.9542 f
  postproc_U0/shift_ctrl_U0/U32/Y (INVX1_HVT)           0.0642     1.0184 r
  postproc_U0/shift_ctrl_U0/U329/Y (NAND2X0_HVT)        0.1150     1.1334 f
  postproc_U0/shift_ctrl_U0/U33/Y (INVX1_HVT)           0.1010     1.2344 r
  postproc_U0/shift_ctrl_U0/U73/Y (AO21X1_HVT)          0.1281     1.3625 r
  postproc_U0/shift_ctrl_U0/U72/Y (AO21X1_HVT)          0.0912     1.4537 r
  postproc_U0/shift_ctrl_U0/relu_shift_ch3[0] (shift_ctrl)
                                                        0.0000     1.4537 r
  postproc_U0/ReLU_U0/relu_shift_ch3[0] (ReLU_GROUP_CHANNEL4_BW_BIAS23_BW_RELU32)
                                                        0.0000     1.4537 r
  postproc_U0/ReLU_U0/U204/Y (OR2X1_HVT)                0.1296     1.5833 r
  postproc_U0/ReLU_U0/U202/Y (INVX0_HVT)                0.0607     1.6440 f
  postproc_U0/ReLU_U0/U1066/Y (INVX0_HVT)               0.0949     1.7390 r
  postproc_U0/ReLU_U0/U1891/Y (OAI22X1_HVT)             0.1568     1.8957 f
  postproc_U0/ReLU_U0/U101/Y (INVX1_HVT)                0.0248     1.9205 r
  postproc_U0/ReLU_U0/U1039/Y (NAND3X0_HVT)             0.1323     2.0528 f
  postproc_U0/ReLU_U0/U852/Y (NAND2X0_HVT)              0.1168     2.1697 r
  postproc_U0/ReLU_U0/U6/Y (NAND4X0_HVT)                0.2059     2.3755 f
  postproc_U0/ReLU_U0/U2/Y (INVX1_HVT)                  0.1109     2.4864 r
  postproc_U0/ReLU_U0/U2533/S (FADDX1_HVT)              0.2520     2.7384 f
  postproc_U0/ReLU_U0/U2534/S (FADDX1_HVT)              0.2101     2.9485 r
  postproc_U0/ReLU_U0/U318/Y (NOR2X0_HVT)               0.1230     3.0715 f
  postproc_U0/ReLU_U0/U1533/Y (NOR2X0_HVT)              0.1098     3.1814 r
  postproc_U0/ReLU_U0/U2549/Y (AOI21X1_HVT)             0.1334     3.3148 f
  postproc_U0/ReLU_U0/U2550/Y (OAI21X1_HVT)             0.1194     3.4342 r
  postproc_U0/ReLU_U0/U1444/Y (AO21X1_HVT)              0.0766     3.5108 r
  postproc_U0/ReLU_U0/U1445/Y (INVX0_HVT)               0.0613     3.5722 f
  postproc_U0/ReLU_U0/U2597/Y (OAI21X1_HVT)             0.1605     3.7326 r
  postproc_U0/ReLU_U0/U1115/Y (XOR2X2_HVT)              0.1498     3.8824 f
  postproc_U0/ReLU_U0/U98/Y (INVX2_HVT)                 0.0479     3.9303 r
  postproc_U0/ReLU_U0/U1309/Y (NAND2X0_HVT)             0.1192     4.0495 f
  postproc_U0/ReLU_U0/U1311/Y (INVX0_HVT)               0.0867     4.1362 r
  postproc_U0/ReLU_U0/U3176/S (FADDX1_HVT)              0.2420     4.3782 f
  postproc_U0/ReLU_U0/U3200/S (FADDX1_HVT)              0.2104     4.5887 r
  postproc_U0/ReLU_U0/U3279/Y (NAND2X0_HVT)             0.0808     4.6695 f
  postproc_U0/ReLU_U0/U116/Y (OAI21X1_HVT)              0.1873     4.8568 r
  postproc_U0/ReLU_U0/U3284/Y (AOI21X1_HVT)             0.1342     4.9910 f
  postproc_U0/ReLU_U0/U3285/Y (OAI21X1_HVT)             0.1313     5.1222 r
  postproc_U0/ReLU_U0/U3377/Y (AO21X1_HVT)              0.1199     5.2421 r
  postproc_U0/ReLU_U0/U4117/CO (FADDX1_HVT)             0.1363     5.3784 r
  postproc_U0/ReLU_U0/U4120/CO (FADDX1_HVT)             0.1420     5.5204 r
  postproc_U0/ReLU_U0/U3654/CO (FADDX1_HVT)             0.1421     5.6625 r
  postproc_U0/ReLU_U0/U3640/CO (FADDX1_HVT)             0.1421     5.8046 r
  postproc_U0/ReLU_U0/U3642/CO (FADDX1_HVT)             0.1421     5.9467 r
  postproc_U0/ReLU_U0/U3644/CO (FADDX1_HVT)             0.1421     6.0888 r
  postproc_U0/ReLU_U0/U3646/CO (FADDX1_HVT)             0.1421     6.2309 r
  postproc_U0/ReLU_U0/U3648/CO (FADDX1_HVT)             0.1421     6.3730 r
  postproc_U0/ReLU_U0/U3650/CO (FADDX1_HVT)             0.1421     6.5151 r
  postproc_U0/ReLU_U0/U3652/CO (FADDX1_HVT)             0.1421     6.6572 r
  postproc_U0/ReLU_U0/U4123/CO (FADDX1_HVT)             0.1421     6.7992 r
  postproc_U0/ReLU_U0/U4126/CO (FADDX1_HVT)             0.1421     6.9413 r
  postproc_U0/ReLU_U0/U4129/CO (FADDX1_HVT)             0.1421     7.0834 r
  postproc_U0/ReLU_U0/U3780/CO (FADDX1_HVT)             0.1421     7.2255 r
  postproc_U0/ReLU_U0/U4132/CO (FADDX1_HVT)             0.1421     7.3676 r
  postproc_U0/ReLU_U0/U4135/CO (FADDX1_HVT)             0.1421     7.5097 r
  postproc_U0/ReLU_U0/U4140/S (FADDX1_HVT)              0.2075     7.7172 f
  postproc_U0/ReLU_U0/U3781/Y (MUX21X1_HVT)             0.1264     7.8436 f
  postproc_U0/ReLU_U0/relu_out[93] (ReLU_GROUP_CHANNEL4_BW_BIAS23_BW_RELU32)
                                                        0.0000     7.8436 f
  postproc_U0/residual_add_U1/res_in[29] (residual_add_GROUP_CHANNEL4_BW_RELU32_mydesign_2)
                                                        0.0000     7.8436 f
  postproc_U0/residual_add_U1/U86/Y (NOR2X0_HVT)        0.1114     7.9550 r
  postproc_U0/residual_add_U1/U2/Y (OAI21X1_HVT)        0.1646     8.1196 f
  postproc_U0/residual_add_U1/U261/Y (AOI21X1_HVT)      0.1314     8.2510 r
  postproc_U0/residual_add_U1/U264/Y (XOR2X2_HVT)       0.1517     8.4028 f
  postproc_U0/residual_add_U1/res_out[31] (residual_add_GROUP_CHANNEL4_BW_RELU32_mydesign_2)
                                                        0.0000     8.4028 f
  postproc_U0/quantization_1ch_U1/in_val[31] (quantization_1ch_GROUP_CHANNEL4_BW_RELU32_mydesign_2)
                                                        0.0000     8.4028 f
  postproc_U0/quantization_1ch_U1/U197/Y (NAND2X0_HVT)
                                                        0.0567     8.4594 r
  postproc_U0/quantization_1ch_U1/U16/Y (NAND3X0_HVT)   0.1421     8.6015 f
  postproc_U0/quantization_1ch_U1/U344/Y (AND2X1_HVT)   0.1156     8.7171 f
  postproc_U0/quantization_1ch_U1/U25/Y (INVX0_HVT)     0.0324     8.7495 r
  postproc_U0/quantization_1ch_U1/U347/Y (NAND4X0_HVT)
                                                        0.1091     8.8586 f
  postproc_U0/quantization_1ch_U1/U350/Y (NAND2X0_HVT)
                                                        0.0876     8.9462 r
  postproc_U0/quantization_1ch_U1/U133/Y (OR2X1_HVT)    0.0923     9.0385 r
  postproc_U0/quantization_1ch_U1/U134/Y (INVX0_HVT)    0.0540     9.0925 f
  postproc_U0/quantization_1ch_U1/U351/Y (NAND2X0_HVT)
                                                        0.0690     9.1615 r
  postproc_U0/quantization_1ch_U1/U123/Y (NOR2X0_HVT)   0.1239     9.2854 f
  postproc_U0/quantization_1ch_U1/U385/Y (INVX0_HVT)    0.0334     9.3188 r
  postproc_U0/quantization_1ch_U1/U386/Y (XOR2X1_HVT)   0.0988     9.4176 r
  postproc_U0/quantization_1ch_U1/U392/Y (AND3X1_HVT)   0.0954     9.5130 r
  postproc_U0/quantization_1ch_U1/U405/Y (NAND4X0_HVT)
                                                        0.0918     9.6048 f
  postproc_U0/quantization_1ch_U1/U153/Y (OAI21X2_HVT)
                                                        0.1916     9.7964 r
  postproc_U0/quantization_1ch_U1/U456/Y (AO21X1_HVT)   0.1111     9.9075 r
  postproc_U0/quantization_1ch_U1/out_val[0] (quantization_1ch_GROUP_CHANNEL4_BW_RELU32_mydesign_2)
                                                        0.0000     9.9075 r
  postproc_U0/post_out_reg_16_/D (DFFX1_HVT)            0.0000     9.9075 r
  data arrival time                                                9.9075

  clock clk (rise edge)                                10.0000    10.0000
  clock network delay (ideal)                           0.0000    10.0000
  postproc_U0/post_out_reg_16_/CLK (DFFX1_HVT)          0.0000    10.0000 r
  library setup time                                   -0.0895     9.9105
  data required time                                               9.9105
  --------------------------------------------------------------------------
  data required time                                               9.9105
  data arrival time                                               -9.9075
  --------------------------------------------------------------------------
  slack (MET)                                                      0.0030


1
