Information: Propagating switching activity (low effort zero delay simulation). (PWR-6)
Warning: Design has unannotated primary inputs. (PWR-414)
 
****************************************
Report : power
        -hier
        -analysis_effort low
Design : conv_top
Version: R-2020.09-SP5
Date   : Thu Dec 23 18:51:29 2021
****************************************


Library(s) Used:

    saed32hvt_ss0p95v125c (File: /usr/cadtool/SAED32_EDK/lib/stdcell_hvt/db_nldm/saed32hvt_ss0p95v125c.db)


Operating Conditions: ss0p95v125c   Library: saed32hvt_ss0p95v125c
Wire Load Model Mode: enclosed

Design        Wire Load Model            Library
------------------------------------------------
conv_top               140000            saed32hvt_ss0p95v125c
conv3x3_16to4ch_BW_BIAS23
                       140000            saed32hvt_ss0p95v125c
postproc_GROUP_CHANNEL4_BW_BIAS23_BW_RELU32
                       35000             saed32hvt_ss0p95v125c
conv1x1_16to4ch_BW_MATMUL16_BW_CONV1x118_mydesign_8
                       8000              saed32hvt_ss0p95v125c
conv1x1_16to4ch_BW_MATMUL16_BW_CONV1x118_mydesign_7
                       8000              saed32hvt_ss0p95v125c
conv1x1_16to4ch_BW_MATMUL16_BW_CONV1x118_mydesign_6
                       8000              saed32hvt_ss0p95v125c
conv1x1_16to4ch_BW_MATMUL16_BW_CONV1x118_mydesign_5
                       8000              saed32hvt_ss0p95v125c
conv1x1_16to4ch_BW_MATMUL16_BW_CONV1x118_mydesign_4
                       8000              saed32hvt_ss0p95v125c
conv1x1_16to4ch_BW_MATMUL16_BW_CONV1x118_mydesign_3
                       8000              saed32hvt_ss0p95v125c
conv1x1_16to4ch_BW_MATMUL16_BW_CONV1x118_mydesign_2
                       8000              saed32hvt_ss0p95v125c
conv1x1_16to4ch_BW_MATMUL16_BW_CONV1x118_mydesign_1
                       8000              saed32hvt_ss0p95v125c
conv1x1_16to4ch_BW_MATMUL16_BW_CONV1x118_mydesign_0
                       8000              saed32hvt_ss0p95v125c
conv_adder_BW_CONV1x118_BW_BIAS23_mydesign_3
                       8000              saed32hvt_ss0p95v125c
conv_adder_BW_CONV1x118_BW_BIAS23_mydesign_2
                       8000              saed32hvt_ss0p95v125c
conv_adder_BW_CONV1x118_BW_BIAS23_mydesign_1
                       8000              saed32hvt_ss0p95v125c
conv_adder_BW_CONV1x118_BW_BIAS23_mydesign_0
                       8000              saed32hvt_ss0p95v125c
shift_ctrl             8000              saed32hvt_ss0p95v125c
ReLU_GROUP_CHANNEL4_BW_BIAS23_BW_RELU32
                       16000             saed32hvt_ss0p95v125c
residual_add_GROUP_CHANNEL4_BW_RELU32_mydesign_3
                       8000              saed32hvt_ss0p95v125c
residual_add_GROUP_CHANNEL4_BW_RELU32_mydesign_2
                       8000              saed32hvt_ss0p95v125c
residual_add_GROUP_CHANNEL4_BW_RELU32_mydesign_1
                       8000              saed32hvt_ss0p95v125c
residual_add_GROUP_CHANNEL4_BW_RELU32_mydesign_0
                       8000              saed32hvt_ss0p95v125c
quantization_1ch_GROUP_CHANNEL4_BW_RELU32_mydesign_3
                       8000              saed32hvt_ss0p95v125c
quantization_1ch_GROUP_CHANNEL4_BW_RELU32_mydesign_2
                       8000              saed32hvt_ss0p95v125c
quantization_1ch_GROUP_CHANNEL4_BW_RELU32_mydesign_1
                       8000              saed32hvt_ss0p95v125c
quantization_1ch_GROUP_CHANNEL4_BW_RELU32_mydesign_0
                       8000              saed32hvt_ss0p95v125c
matmul_BW_MATMUL16_mydesign_35
                       8000              saed32hvt_ss0p95v125c
matmul_BW_MATMUL16_mydesign_34
                       8000              saed32hvt_ss0p95v125c
matmul_BW_MATMUL16_mydesign_33
                       8000              saed32hvt_ss0p95v125c
matmul_BW_MATMUL16_mydesign_32
                       8000              saed32hvt_ss0p95v125c
matmul_BW_MATMUL16_mydesign_31
                       8000              saed32hvt_ss0p95v125c
matmul_BW_MATMUL16_mydesign_30
                       8000              saed32hvt_ss0p95v125c
matmul_BW_MATMUL16_mydesign_29
                       8000              saed32hvt_ss0p95v125c
matmul_BW_MATMUL16_mydesign_28
                       8000              saed32hvt_ss0p95v125c
matmul_BW_MATMUL16_mydesign_27
                       8000              saed32hvt_ss0p95v125c
matmul_BW_MATMUL16_mydesign_26
                       8000              saed32hvt_ss0p95v125c
matmul_BW_MATMUL16_mydesign_25
                       8000              saed32hvt_ss0p95v125c
matmul_BW_MATMUL16_mydesign_24
                       8000              saed32hvt_ss0p95v125c
matmul_BW_MATMUL16_mydesign_23
                       8000              saed32hvt_ss0p95v125c
matmul_BW_MATMUL16_mydesign_22
                       8000              saed32hvt_ss0p95v125c
matmul_BW_MATMUL16_mydesign_21
                       8000              saed32hvt_ss0p95v125c
matmul_BW_MATMUL16_mydesign_20
                       8000              saed32hvt_ss0p95v125c
matmul_BW_MATMUL16_mydesign_19
                       8000              saed32hvt_ss0p95v125c
matmul_BW_MATMUL16_mydesign_18
                       8000              saed32hvt_ss0p95v125c
matmul_BW_MATMUL16_mydesign_17
                       8000              saed32hvt_ss0p95v125c
matmul_BW_MATMUL16_mydesign_16
                       8000              saed32hvt_ss0p95v125c
matmul_BW_MATMUL16_mydesign_15
                       8000              saed32hvt_ss0p95v125c
matmul_BW_MATMUL16_mydesign_14
                       8000              saed32hvt_ss0p95v125c
matmul_BW_MATMUL16_mydesign_13
                       8000              saed32hvt_ss0p95v125c
matmul_BW_MATMUL16_mydesign_12
                       8000              saed32hvt_ss0p95v125c
matmul_BW_MATMUL16_mydesign_11
                       8000              saed32hvt_ss0p95v125c
matmul_BW_MATMUL16_mydesign_10
                       8000              saed32hvt_ss0p95v125c
matmul_BW_MATMUL16_mydesign_9
                       8000              saed32hvt_ss0p95v125c
matmul_BW_MATMUL16_mydesign_8
                       8000              saed32hvt_ss0p95v125c
matmul_BW_MATMUL16_mydesign_7
                       8000              saed32hvt_ss0p95v125c
matmul_BW_MATMUL16_mydesign_6
                       8000              saed32hvt_ss0p95v125c
matmul_BW_MATMUL16_mydesign_5
                       8000              saed32hvt_ss0p95v125c
matmul_BW_MATMUL16_mydesign_4
                       8000              saed32hvt_ss0p95v125c
matmul_BW_MATMUL16_mydesign_3
                       8000              saed32hvt_ss0p95v125c
matmul_BW_MATMUL16_mydesign_2
                       8000              saed32hvt_ss0p95v125c
matmul_BW_MATMUL16_mydesign_1
                       8000              saed32hvt_ss0p95v125c
matmul_BW_MATMUL16_mydesign_0
                       8000              saed32hvt_ss0p95v125c


Global Operating Voltage = 0.95 
Power-specific unit information :
    Voltage Units = 1V
    Capacitance Units = 1.000000ff
    Time Units = 1ns
    Dynamic Power Units = 1uW    (derived from V,C,T units)
    Leakage Power Units = 1pW


--------------------------------------------------------------------------------
                                       Switch   Int      Leak     Total
Hierarchy                              Power    Power    Power    Power    %
--------------------------------------------------------------------------------
conv_top                                971.874 4.43e+03 1.66e+09 7.06e+03 100.0
  postproc_U0 (postproc_GROUP_CHANNEL4_BW_BIAS23_BW_RELU32)
                                        199.514  449.404 2.27e+08  875.643  12.4
    quantization_1ch_U3 (quantization_1ch_GROUP_CHANNEL4_BW_RELU32_mydesign_0)
                                          6.655   11.329 9.60e+06   27.583   0.4
    quantization_1ch_U2 (quantization_1ch_GROUP_CHANNEL4_BW_RELU32_mydesign_1)
                                          6.599   11.222 9.03e+06   26.846   0.4
    quantization_1ch_U1 (quantization_1ch_GROUP_CHANNEL4_BW_RELU32_mydesign_2)
                                          6.582   11.068 9.14e+06   26.787   0.4
    quantization_1ch_U0 (quantization_1ch_GROUP_CHANNEL4_BW_RELU32_mydesign_3)
                                          6.166   10.229 9.12e+06   25.513   0.4
    residual_add_U3 (residual_add_GROUP_CHANNEL4_BW_RELU32_mydesign_0)
                                          6.006   11.407 7.89e+06   25.299   0.4
    residual_add_U2 (residual_add_GROUP_CHANNEL4_BW_RELU32_mydesign_1)
                                          5.941   11.295 7.76e+06   24.997   0.4
    residual_add_U1 (residual_add_GROUP_CHANNEL4_BW_RELU32_mydesign_2)
                                          5.967   11.348 7.87e+06   25.181   0.4
    residual_add_U0 (residual_add_GROUP_CHANNEL4_BW_RELU32_mydesign_3)
                                          5.705   10.855 7.87e+06   24.433   0.3
    ReLU_U0 (ReLU_GROUP_CHANNEL4_BW_BIAS23_BW_RELU32)
                                        137.599  321.023 1.25e+08  583.186   8.3
    shift_ctrl_U0 (shift_ctrl)           12.251   20.718 2.91e+07   62.043   0.9
  conv3x3_U0 (conv3x3_16to4ch_BW_BIAS23)
                                        722.519 2.31e+03 1.07e+09 4.10e+03  58.2
    conv_adder_U3 (conv_adder_BW_CONV1x118_BW_BIAS23_mydesign_0)
                                         24.721   95.682 1.56e+07  135.978   1.9
    conv_adder_U2 (conv_adder_BW_CONV1x118_BW_BIAS23_mydesign_1)
                                         24.743   95.730 1.56e+07  136.048   1.9
    conv_adder_U1 (conv_adder_BW_CONV1x118_BW_BIAS23_mydesign_2)
                                         24.717   95.682 1.56e+07  135.974   1.9
    conv_adder_U0 (conv_adder_BW_CONV1x118_BW_BIAS23_mydesign_3)
                                         24.751   95.727 1.56e+07  136.080   1.9
    conv1x1_u8 (conv1x1_16to4ch_BW_MATMUL16_BW_CONV1x118_mydesign_0)
                                         68.084  205.219 1.10e+08  383.508   5.4
      mm_U3 (matmul_BW_MATMUL16_mydesign_0)
                                         11.929   32.475 2.36e+07   68.042   1.0
      mm_U2 (matmul_BW_MATMUL16_mydesign_1)
                                         11.987   32.433 2.38e+07   68.208   1.0
      mm_U1 (matmul_BW_MATMUL16_mydesign_2)
                                         11.520   31.948 2.38e+07   67.307   1.0
      mm_U0 (matmul_BW_MATMUL16_mydesign_3)
                                         12.016   32.353 2.38e+07   68.207   1.0
    conv1x1_u7 (conv1x1_16to4ch_BW_MATMUL16_BW_CONV1x118_mydesign_1)
                                         69.128  206.495 1.10e+08  386.087   5.5
      mm_U3 (matmul_BW_MATMUL16_mydesign_4)
                                         12.030   32.547 2.38e+07   68.418   1.0
      mm_U2 (matmul_BW_MATMUL16_mydesign_5)
                                         12.005   32.491 2.38e+07   68.338   1.0
      mm_U1 (matmul_BW_MATMUL16_mydesign_6)
                                         11.454   31.795 2.38e+07   67.091   1.0
      mm_U0 (matmul_BW_MATMUL16_mydesign_7)
                                         12.009   32.380 2.38e+07   68.229   1.0
    conv1x1_u6 (conv1x1_16to4ch_BW_MATMUL16_BW_CONV1x118_mydesign_2)
                                         68.254  205.393 1.10e+08  384.112   5.4
      mm_U3 (matmul_BW_MATMUL16_mydesign_8)
                                         12.045   32.550 2.38e+07   68.439   1.0
      mm_U2 (matmul_BW_MATMUL16_mydesign_9)
                                         12.027   32.498 2.38e+07   68.366   1.0
      mm_U1 (matmul_BW_MATMUL16_mydesign_10)
                                         11.458   31.777 2.38e+07   67.076   1.0
      mm_U0 (matmul_BW_MATMUL16_mydesign_11)
                                         12.057   32.458 2.38e+07   68.353   1.0
    conv1x1_u5 (conv1x1_16to4ch_BW_MATMUL16_BW_CONV1x118_mydesign_3)
                                         69.200  206.333 1.10e+08  385.988   5.5
      mm_U3 (matmul_BW_MATMUL16_mydesign_12)
                                         12.038   32.525 2.38e+07   68.401   1.0
      mm_U2 (matmul_BW_MATMUL16_mydesign_13)
                                         11.991   32.411 2.38e+07   68.242   1.0
      mm_U1 (matmul_BW_MATMUL16_mydesign_14)
                                         11.441   31.711 2.38e+07   66.989   0.9
      mm_U0 (matmul_BW_MATMUL16_mydesign_15)
                                         12.038   32.397 2.38e+07   68.273   1.0
    conv1x1_u4 (conv1x1_16to4ch_BW_MATMUL16_BW_CONV1x118_mydesign_4)
                                         69.372  206.813 1.10e+08  386.650   5.5
      mm_U3 (matmul_BW_MATMUL16_mydesign_16)
                                         12.048   32.540 2.38e+07   68.428   1.0
      mm_U2 (matmul_BW_MATMUL16_mydesign_17)
                                         11.985   32.368 2.38e+07   68.195   1.0
      mm_U1 (matmul_BW_MATMUL16_mydesign_18)
                                         11.460   31.776 2.38e+07   67.074   1.0
      mm_U0 (matmul_BW_MATMUL16_mydesign_19)
                                         12.125   32.665 2.38e+07   68.633   1.0
    conv1x1_u3 (conv1x1_16to4ch_BW_MATMUL16_BW_CONV1x118_mydesign_5)
                                         69.187  206.291 1.10e+08  385.938   5.5
      mm_U3 (matmul_BW_MATMUL16_mydesign_20)
                                         12.093   32.686 2.38e+07   68.620   1.0
      mm_U2 (matmul_BW_MATMUL16_mydesign_21)
                                         11.932   32.214 2.38e+07   67.985   1.0
      mm_U1 (matmul_BW_MATMUL16_mydesign_22)
                                         11.424   31.673 2.38e+07   66.935   0.9
      mm_U0 (matmul_BW_MATMUL16_mydesign_23)
                                         12.038   32.423 2.38e+07   68.303   1.0
    conv1x1_u2 (conv1x1_16to4ch_BW_MATMUL16_BW_CONV1x118_mydesign_6)
                                         69.163  206.326 1.10e+08  385.676   5.5
      mm_U3 (matmul_BW_MATMUL16_mydesign_24)
                                         12.040   32.521 2.38e+07   68.402   1.0
      mm_U2 (matmul_BW_MATMUL16_mydesign_25)
                                         12.004   32.429 2.37e+07   68.182   1.0
      mm_U1 (matmul_BW_MATMUL16_mydesign_26)
                                         11.456   31.771 2.38e+07   66.978   0.9
      mm_U0 (matmul_BW_MATMUL16_mydesign_27)
                                         12.015   32.346 2.37e+07   68.105   1.0
    conv1x1_u1 (conv1x1_16to4ch_BW_MATMUL16_BW_CONV1x118_mydesign_7)
                                         69.155  206.193 1.10e+08  385.434   5.5
      mm_U3 (matmul_BW_MATMUL16_mydesign_28)
                                         12.041   32.523 2.37e+07   68.310   1.0
      mm_U2 (matmul_BW_MATMUL16_mydesign_29)
                                         11.960   32.287 2.37e+07   67.996   1.0
      mm_U1 (matmul_BW_MATMUL16_mydesign_30)
                                         11.442   31.729 2.37e+07   66.918   0.9
      mm_U0 (matmul_BW_MATMUL16_mydesign_31)
                                         12.030   32.375 2.37e+07   68.149   1.0
    conv1x1_u0 (conv1x1_16to4ch_BW_MATMUL16_BW_CONV1x118_mydesign_8)
                                         69.088  206.227 1.10e+08  385.406   5.5
      mm_U3 (matmul_BW_MATMUL16_mydesign_32)
                                         12.039   32.518 2.38e+07   68.308   1.0
      mm_U2 (matmul_BW_MATMUL16_mydesign_33)
                                         11.983   32.375 2.37e+07   68.108   1.0
      mm_U1 (matmul_BW_MATMUL16_mydesign_34)
                                         11.410   31.619 2.37e+07   66.774   0.9
      mm_U0 (matmul_BW_MATMUL16_mydesign_35)
                                         12.071   32.498 2.37e+07   68.314   1.0
1
