 
****************************************
Report : area
Design : my_div
Version: R-2020.09-SP5
Date   : Thu Nov 18 00:10:01 2021
****************************************

Library(s) Used:

    saed32hvt_ss0p95v125c (File: /usr/cadtool/SAED32_EDK/lib/stdcell_hvt/db_nldm/saed32hvt_ss0p95v125c.db)

Number of ports:                          113
Number of nets:                           967
Number of cells:                          782
Number of combinational cells:            762
Number of sequential cells:                16
Number of macros/black boxes:               0
Number of buf/inv:                         87
Number of references:                       3

Combinational area:               1934.289978
Buf/Inv area:                      110.806784
Noncombinational area:             105.723907
Macro/Black Box area:                0.000000
Net Interconnect area:             520.139823

Total cell area:                  2040.013885
Total area:                       2560.153708

Hierarchical area distribution
------------------------------

                                  Global cell area          Local cell area
                                  ------------------  ---------------------------- 
Hierarchical cell                 Absolute   Percent  Combi-     Noncombi-  Black-
                                  Total      Total    national   national   boxes   Design
--------------------------------  ---------  -------  ---------  ---------  ------  -----------------------------------------------------------
my_div                            2040.0139    100.0     0.0000   105.7239  0.0000  my_div
U0                                 152.7405      7.5   152.7405     0.0000  0.0000  inverse_table_DIVISOR_WIDTH5_WIDTH_INVERSE17_WIDTH_SHIFT5
U1                                1781.5494     87.3  1781.5494     0.0000  0.0000  mul_and_shift_DIVIDEND_WIDTH16_WIDTH_INVERSE17_WIDTH_SHIFT5
--------------------------------  ---------  -------  ---------  ---------  ------  -----------------------------------------------------------
Total                                                 1934.2900   105.7239  0.0000

1
