Information: Propagating switching activity (low effort zero delay simulation). (PWR-6)
 
****************************************
Report : power
        -hier
        -analysis_effort low
Design : my_div
Version: R-2020.09-SP5
Date   : Thu Nov 18 00:10:01 2021
****************************************


Library(s) Used:

    saed32hvt_ss0p95v125c (File: /usr/cadtool/SAED32_EDK/lib/stdcell_hvt/db_nldm/saed32hvt_ss0p95v125c.db)


Operating Conditions: ss0p95v125c   Library: saed32hvt_ss0p95v125c
Wire Load Model Mode: enclosed

Design        Wire Load Model            Library
------------------------------------------------
my_div                 8000              saed32hvt_ss0p95v125c
inverse_table_DIVISOR_WIDTH5_WIDTH_INVERSE17_WIDTH_SHIFT5
                       ForQA             saed32hvt_ss0p95v125c
mul_and_shift_DIVIDEND_WIDTH16_WIDTH_INVERSE17_WIDTH_SHIFT5
                       8000              saed32hvt_ss0p95v125c


Global Operating Voltage = 0.95 
Power-specific unit information :
    Voltage Units = 1V
    Capacitance Units = 1.000000ff
    Time Units = 1ns
    Dynamic Power Units = 1uW    (derived from V,C,T units)
    Leakage Power Units = 1pW


--------------------------------------------------------------------------------
                                       Switch   Int      Leak     Total
Hierarchy                              Power    Power    Power    Power    %
--------------------------------------------------------------------------------
my_div                                   20.446   58.963 2.63e+07  105.748 100.0
  U1 (mul_and_shift_DIVIDEND_WIDTH16_WIDTH_INVERSE17_WIDTH_SHIFT5)
                                         19.097   47.903 2.28e+07   89.815  84.9
  U0 (inverse_table_DIVISOR_WIDTH5_WIDTH_INVERSE17_WIDTH_SHIFT5)
                                          1.349    0.600 1.17e+06    3.123   3.0
1
