 
****************************************
Report : area
Design : rop3_smart
Version: R-2020.09-SP5
Date   : Tue Nov  2 12:25:12 2021
****************************************

Library(s) Used:

    saed32hvt_ss0p95v125c (File: /usr/cadtool/SAED32_EDK/lib/stdcell_hvt/db_nldm/saed32hvt_ss0p95v125c.db)

Number of ports:                          137
Number of nets:                           401
Number of cells:                          256
Number of combinational cells:            120
Number of sequential cells:               136
Number of macros/black boxes:               0
Number of buf/inv:                         24
Number of references:                       4

Combinational area:                469.658108
Buf/Inv area:                       30.497280
Noncombinational area:             898.653214
Macro/Black Box area:                0.000000
Net Interconnect area:             240.455598

Total cell area:                  1368.311321
Total area:                       1608.766919

Hierarchical area distribution
------------------------------

                                  Global cell area          Local cell area
                                  ------------------  --------------------------- 
Hierarchical cell                 Absolute   Percent  Combi-    Noncombi-  Black-
                                  Total      Total    national  national   boxes   Design
--------------------------------  ---------  -------  --------  ---------  ------  ---------
rop3_smart                        1368.3113    100.0  469.6581   898.6532  0.0000  rop3_smart
--------------------------------  ---------  -------  --------  ---------  ------  ---------
Total                                                 469.6581   898.6532  0.0000

1
