
################################################################################
#
# This file has been generated by SpyGlass:
#     Report Name      : moresimple
#     Report Created by: u107061218
#     Report Created on:  Tue Nov  9 23:56:06 2021
#     Working Directory: /home/u107/u107061218/107061218/ICLAB/HW3/hdl
#     SpyGlass Version : SpyGlass_vR-2020.12-SP2
#     Policy Name      : SpyGlass(SpyGlass_vR-2020.12-SP2)
#                        clock-reset(SpyGlass_vR-2020.12-SP2)
#                        erc(SpyGlass_vR-2020.12-SP2)
#                        latch(SpyGlass_vR-2020.12-SP2)
#                        lint(SpyGlass_vR-2020.12-SP2)
#                        morelint(SpyGlass_vR-2020.12-SP2)
#                        openmore(SpyGlass_vR-2020.12-SP2)
#                        power_est(SpyGlass_vR-2020.12-SP2)
#                        simulation(SpyGlass_vR-2020.12-SP2)
#                        starc(SpyGlass_vR-2020.12-SP2)
#                        starc2005(SpyGlass_vR-2020.12-SP2)
#                        txv(SpyGlass_vR-2020.12-SP2)
#
#     Total Number of Generated Messages :         42
#     Number of Waived Messages          :          0
#     Number of Reported Messages        :         42
#     Number of Overlimit Messages       :          0
#
#
################################################################################

+++++++++++++++++++++++++++++++++++++++++++++++++++++++++++++++++++++++
MORESIMPLE REPORT:


############### BuiltIn -> RuleGroup=Design Read ###############
+++++++++++++++++++++++++++++++++++++++++++++++++++++++++++++++++++++++++++++++++++++++
ID       Rule                    Alias                   Severity    File                                                                     Line    Wt    Message
======================================================================================
[1]      DetectTopDesignUnits    DetectTopDesignUnits    Info        enigma_part2.v                                                           1       2     Module enigma_part2 is a top level design unit
[0]      ElabSummary             ElabSummary             Info        ./spyglass-1/lint/lint_rtl/spyglass_reports/SpyGlass/elab_summary.rpt    0       2     Please refer file './spyglass-1/lint/lint_rtl/spyglass_reports/SpyGlass/elab_summary.rpt' for elab summary report
+++++++++++++++++++++++++++++++++++++++++++++++++++++++++++++++++++++++++++++++++++++++


############### Non-BuiltIn -> Goal=lint/lint_rtl ###############
+++++++++++++++++++++++++++++++++++++++++++++++++++++++++++++++++++++++++++++++++++++++
ID       Rule     Alias    Severity    File              Line    Wt    Message
======================================================================================
[2]      W415a             Warning     enigma_part2.v    366     5     Signal tempc0 is being assigned multiple times ( assignment within same for-loop ) in same always block [Hierarchy: ':enigma_part2']
[3]      W415a             Warning     enigma_part2.v    367     5     Signal tempc1 is being assigned multiple times ( assignment within same for-loop ) in same always block [Hierarchy: ':enigma_part2']
[4]      W415a             Warning     enigma_part2.v    368     5     Signal tempc2 is being assigned multiple times ( assignment within same for-loop ) in same always block [Hierarchy: ':enigma_part2']
[5]      W415a             Warning     enigma_part2.v    369     5     Signal tempc3 is being assigned multiple times ( assignment within same for-loop ) in same always block [Hierarchy: ':enigma_part2']
[6]      W415a             Warning     enigma_part2.v    378     5     Signal tempc0 is being assigned multiple times ( assignment within same for-loop ) in same always block [Hierarchy: ':enigma_part2']
[7]      W415a             Warning     enigma_part2.v    379     5     Signal tempc1 is being assigned multiple times ( assignment within same for-loop ) in same always block [Hierarchy: ':enigma_part2']
[8]      W415a             Warning     enigma_part2.v    380     5     Signal tempc2 is being assigned multiple times ( assignment within same for-loop ) in same always block [Hierarchy: ':enigma_part2']
[9]      W415a             Warning     enigma_part2.v    381     5     Signal tempc3 is being assigned multiple times ( assignment within same for-loop ) in same always block [Hierarchy: ':enigma_part2']
[A]      W415a             Warning     enigma_part2.v    390     5     Signal tempc0 is being assigned multiple times ( assignment within same for-loop ) in same always block [Hierarchy: ':enigma_part2']
[B]      W415a             Warning     enigma_part2.v    391     5     Signal tempc1 is being assigned multiple times ( assignment within same for-loop ) in same always block [Hierarchy: ':enigma_part2']
[C]      W415a             Warning     enigma_part2.v    392     5     Signal tempc2 is being assigned multiple times ( assignment within same for-loop ) in same always block [Hierarchy: ':enigma_part2']
[D]      W415a             Warning     enigma_part2.v    393     5     Signal tempc3 is being assigned multiple times ( assignment within same for-loop ) in same always block [Hierarchy: ':enigma_part2']
[E]      W415a             Warning     enigma_part2.v    402     5     Signal tempc0 is being assigned multiple times ( assignment within same for-loop ) in same always block [Hierarchy: ':enigma_part2']
[F]      W415a             Warning     enigma_part2.v    403     5     Signal tempc1 is being assigned multiple times ( assignment within same for-loop ) in same always block [Hierarchy: ':enigma_part2']
[10]     W415a             Warning     enigma_part2.v    404     5     Signal tempc2 is being assigned multiple times ( assignment within same for-loop ) in same always block [Hierarchy: ':enigma_part2']
[11]     W415a             Warning     enigma_part2.v    405     5     Signal tempc3 is being assigned multiple times ( assignment within same for-loop ) in same always block [Hierarchy: ':enigma_part2']
[12]     W415a             Warning     enigma_part2.v    414     5     Signal tempc0 is being assigned multiple times ( assignment within same for-loop ) in same always block [Hierarchy: ':enigma_part2']
[13]     W415a             Warning     enigma_part2.v    415     5     Signal tempc1 is being assigned multiple times ( assignment within same for-loop ) in same always block [Hierarchy: ':enigma_part2']
[14]     W415a             Warning     enigma_part2.v    416     5     Signal tempc2 is being assigned multiple times ( assignment within same for-loop ) in same always block [Hierarchy: ':enigma_part2']
[15]     W415a             Warning     enigma_part2.v    417     5     Signal tempc3 is being assigned multiple times ( assignment within same for-loop ) in same always block [Hierarchy: ':enigma_part2']
[16]     W415a             Warning     enigma_part2.v    795     5     Signal tempc0 is being assigned multiple times ( assignment within same for-loop ) in same always block [Hierarchy: ':enigma_part2']
[17]     W415a             Warning     enigma_part2.v    796     5     Signal tempc1 is being assigned multiple times ( assignment within same for-loop ) in same always block [Hierarchy: ':enigma_part2']
[18]     W415a             Warning     enigma_part2.v    797     5     Signal tempc2 is being assigned multiple times ( assignment within same for-loop ) in same always block [Hierarchy: ':enigma_part2']
[19]     W415a             Warning     enigma_part2.v    798     5     Signal tempc3 is being assigned multiple times ( assignment within same for-loop ) in same always block [Hierarchy: ':enigma_part2']
[1A]     W415a             Warning     enigma_part2.v    807     5     Signal tempc0 is being assigned multiple times ( assignment within same for-loop ) in same always block [Hierarchy: ':enigma_part2']
[1B]     W415a             Warning     enigma_part2.v    808     5     Signal tempc1 is being assigned multiple times ( assignment within same for-loop ) in same always block [Hierarchy: ':enigma_part2']
[1C]     W415a             Warning     enigma_part2.v    809     5     Signal tempc2 is being assigned multiple times ( assignment within same for-loop ) in same always block [Hierarchy: ':enigma_part2']
[1D]     W415a             Warning     enigma_part2.v    810     5     Signal tempc3 is being assigned multiple times ( assignment within same for-loop ) in same always block [Hierarchy: ':enigma_part2']
[1E]     W415a             Warning     enigma_part2.v    819     5     Signal tempc0 is being assigned multiple times ( assignment within same for-loop ) in same always block [Hierarchy: ':enigma_part2']
[1F]     W415a             Warning     enigma_part2.v    820     5     Signal tempc1 is being assigned multiple times ( assignment within same for-loop ) in same always block [Hierarchy: ':enigma_part2']
[20]     W415a             Warning     enigma_part2.v    821     5     Signal tempc2 is being assigned multiple times ( assignment within same for-loop ) in same always block [Hierarchy: ':enigma_part2']
[21]     W415a             Warning     enigma_part2.v    822     5     Signal tempc3 is being assigned multiple times ( assignment within same for-loop ) in same always block [Hierarchy: ':enigma_part2']
[22]     W415a             Warning     enigma_part2.v    831     5     Signal tempc0 is being assigned multiple times ( assignment within same for-loop ) in same always block [Hierarchy: ':enigma_part2']
[23]     W415a             Warning     enigma_part2.v    832     5     Signal tempc1 is being assigned multiple times ( assignment within same for-loop ) in same always block [Hierarchy: ':enigma_part2']
[24]     W415a             Warning     enigma_part2.v    833     5     Signal tempc2 is being assigned multiple times ( assignment within same for-loop ) in same always block [Hierarchy: ':enigma_part2']
[25]     W415a             Warning     enigma_part2.v    834     5     Signal tempc3 is being assigned multiple times ( assignment within same for-loop ) in same always block [Hierarchy: ':enigma_part2']
[26]     W415a             Warning     enigma_part2.v    843     5     Signal tempc0 is being assigned multiple times ( assignment within same for-loop ) in same always block [Hierarchy: ':enigma_part2']
[27]     W415a             Warning     enigma_part2.v    844     5     Signal tempc1 is being assigned multiple times ( assignment within same for-loop ) in same always block [Hierarchy: ':enigma_part2']
[28]     W415a             Warning     enigma_part2.v    845     5     Signal tempc2 is being assigned multiple times ( assignment within same for-loop ) in same always block [Hierarchy: ':enigma_part2']
[29]     W415a             Warning     enigma_part2.v    846     5     Signal tempc3 is being assigned multiple times ( assignment within same for-loop ) in same always block [Hierarchy: ':enigma_part2']
+++++++++++++++++++++++++++++++++++++++++++++++++++++++++++++++++++++++++++++++++++++++

################################################################################
#
# This file has been generated by SpyGlass:
#     Report Name      : moresimple
#     Report Created by: u107061218
#     Report Created on:  Tue Nov  9 23:56:26 2021
#     Working Directory: /home/u107/u107061218/107061218/ICLAB/HW3/hdl
#     SpyGlass Version : SpyGlass_vR-2020.12-SP2
#     Policy Name      : SpyGlass(SpyGlass_vR-2020.12-SP2)
#                        auto-verify(SpyGlass_vR-2020.12-SP2)
#                        erc(SpyGlass_vR-2020.12-SP2)
#                        latch(SpyGlass_vR-2020.12-SP2)
#                        lint(SpyGlass_vR-2020.12-SP2)
#                        morelint(SpyGlass_vR-2020.12-SP2)
#                        openmore(SpyGlass_vR-2020.12-SP2)
#                        simulation(SpyGlass_vR-2020.12-SP2)
#                        starc(SpyGlass_vR-2020.12-SP2)
#                        starc2005(SpyGlass_vR-2020.12-SP2)
#
#     Total Number of Generated Messages :         43
#     Number of Waived Messages          :          0
#     Number of Reported Messages        :         43
#     Number of Overlimit Messages       :          0
#
#
################################################################################

+++++++++++++++++++++++++++++++++++++++++++++++++++++++++++++++++++++++
MORESIMPLE REPORT:


############### BuiltIn -> RuleGroup=Command-line read ###############
+++++++++++++++++++++++++++++++++++++++++++++++++++++++++++++++++++++++++++++++++++++++
ID       Rule                     Alias          Severity    File    Line    Wt    Message
======================================================================================
[0]      checkCMD_unset_option    UnsetOption    Warning     N.A.    0       10    Option/Parameter 'enable_save_restore': Feature 'save-restore' is not supported with option 'policy=auto-verify'.Disabling all 'save-restore' related options
+++++++++++++++++++++++++++++++++++++++++++++++++++++++++++++++++++++++++++++++++++++++


############### BuiltIn -> RuleGroup=Design Read ###############
+++++++++++++++++++++++++++++++++++++++++++++++++++++++++++++++++++++++++++++++++++++++
ID       Rule                    Alias                   Severity    File                                                                           Line    Wt    Message
======================================================================================
[2]      DetectTopDesignUnits    DetectTopDesignUnits    Info        enigma_part2.v                                                                 1       2     Module enigma_part2 is a top level design unit
[1]      ElabSummary             ElabSummary             Info        ./spyglass-1/lint/lint_turbo_rtl/spyglass_reports/SpyGlass/elab_summary.rpt    0       2     Please refer file './spyglass-1/lint/lint_turbo_rtl/spyglass_reports/SpyGlass/elab_summary.rpt' for elab summary report
+++++++++++++++++++++++++++++++++++++++++++++++++++++++++++++++++++++++++++++++++++++++


############### Non-BuiltIn -> Goal=lint/lint_turbo_rtl ###############
+++++++++++++++++++++++++++++++++++++++++++++++++++++++++++++++++++++++++++++++++++++++
ID       Rule     Alias    Severity    File              Line    Wt    Message
======================================================================================
[3]      W415a             Warning     enigma_part2.v    366     5     Signal tempc0 is being assigned multiple times ( assignment within same for-loop ) in same always block [Hierarchy: ':enigma_part2']
[4]      W415a             Warning     enigma_part2.v    367     5     Signal tempc1 is being assigned multiple times ( assignment within same for-loop ) in same always block [Hierarchy: ':enigma_part2']
[5]      W415a             Warning     enigma_part2.v    368     5     Signal tempc2 is being assigned multiple times ( assignment within same for-loop ) in same always block [Hierarchy: ':enigma_part2']
[6]      W415a             Warning     enigma_part2.v    369     5     Signal tempc3 is being assigned multiple times ( assignment within same for-loop ) in same always block [Hierarchy: ':enigma_part2']
[7]      W415a             Warning     enigma_part2.v    378     5     Signal tempc0 is being assigned multiple times ( assignment within same for-loop ) in same always block [Hierarchy: ':enigma_part2']
[8]      W415a             Warning     enigma_part2.v    379     5     Signal tempc1 is being assigned multiple times ( assignment within same for-loop ) in same always block [Hierarchy: ':enigma_part2']
[9]      W415a             Warning     enigma_part2.v    380     5     Signal tempc2 is being assigned multiple times ( assignment within same for-loop ) in same always block [Hierarchy: ':enigma_part2']
[A]      W415a             Warning     enigma_part2.v    381     5     Signal tempc3 is being assigned multiple times ( assignment within same for-loop ) in same always block [Hierarchy: ':enigma_part2']
[B]      W415a             Warning     enigma_part2.v    390     5     Signal tempc0 is being assigned multiple times ( assignment within same for-loop ) in same always block [Hierarchy: ':enigma_part2']
[C]      W415a             Warning     enigma_part2.v    391     5     Signal tempc1 is being assigned multiple times ( assignment within same for-loop ) in same always block [Hierarchy: ':enigma_part2']
[D]      W415a             Warning     enigma_part2.v    392     5     Signal tempc2 is being assigned multiple times ( assignment within same for-loop ) in same always block [Hierarchy: ':enigma_part2']
[E]      W415a             Warning     enigma_part2.v    393     5     Signal tempc3 is being assigned multiple times ( assignment within same for-loop ) in same always block [Hierarchy: ':enigma_part2']
[F]      W415a             Warning     enigma_part2.v    402     5     Signal tempc0 is being assigned multiple times ( assignment within same for-loop ) in same always block [Hierarchy: ':enigma_part2']
[10]     W415a             Warning     enigma_part2.v    403     5     Signal tempc1 is being assigned multiple times ( assignment within same for-loop ) in same always block [Hierarchy: ':enigma_part2']
[11]     W415a             Warning     enigma_part2.v    404     5     Signal tempc2 is being assigned multiple times ( assignment within same for-loop ) in same always block [Hierarchy: ':enigma_part2']
[12]     W415a             Warning     enigma_part2.v    405     5     Signal tempc3 is being assigned multiple times ( assignment within same for-loop ) in same always block [Hierarchy: ':enigma_part2']
[13]     W415a             Warning     enigma_part2.v    414     5     Signal tempc0 is being assigned multiple times ( assignment within same for-loop ) in same always block [Hierarchy: ':enigma_part2']
[14]     W415a             Warning     enigma_part2.v    415     5     Signal tempc1 is being assigned multiple times ( assignment within same for-loop ) in same always block [Hierarchy: ':enigma_part2']
[15]     W415a             Warning     enigma_part2.v    416     5     Signal tempc2 is being assigned multiple times ( assignment within same for-loop ) in same always block [Hierarchy: ':enigma_part2']
[16]     W415a             Warning     enigma_part2.v    417     5     Signal tempc3 is being assigned multiple times ( assignment within same for-loop ) in same always block [Hierarchy: ':enigma_part2']
[17]     W415a             Warning     enigma_part2.v    795     5     Signal tempc0 is being assigned multiple times ( assignment within same for-loop ) in same always block [Hierarchy: ':enigma_part2']
[18]     W415a             Warning     enigma_part2.v    796     5     Signal tempc1 is being assigned multiple times ( assignment within same for-loop ) in same always block [Hierarchy: ':enigma_part2']
[19]     W415a             Warning     enigma_part2.v    797     5     Signal tempc2 is being assigned multiple times ( assignment within same for-loop ) in same always block [Hierarchy: ':enigma_part2']
[1A]     W415a             Warning     enigma_part2.v    798     5     Signal tempc3 is being assigned multiple times ( assignment within same for-loop ) in same always block [Hierarchy: ':enigma_part2']
[1B]     W415a             Warning     enigma_part2.v    807     5     Signal tempc0 is being assigned multiple times ( assignment within same for-loop ) in same always block [Hierarchy: ':enigma_part2']
[1C]     W415a             Warning     enigma_part2.v    808     5     Signal tempc1 is being assigned multiple times ( assignment within same for-loop ) in same always block [Hierarchy: ':enigma_part2']
[1D]     W415a             Warning     enigma_part2.v    809     5     Signal tempc2 is being assigned multiple times ( assignment within same for-loop ) in same always block [Hierarchy: ':enigma_part2']
[1E]     W415a             Warning     enigma_part2.v    810     5     Signal tempc3 is being assigned multiple times ( assignment within same for-loop ) in same always block [Hierarchy: ':enigma_part2']
[1F]     W415a             Warning     enigma_part2.v    819     5     Signal tempc0 is being assigned multiple times ( assignment within same for-loop ) in same always block [Hierarchy: ':enigma_part2']
[20]     W415a             Warning     enigma_part2.v    820     5     Signal tempc1 is being assigned multiple times ( assignment within same for-loop ) in same always block [Hierarchy: ':enigma_part2']
[21]     W415a             Warning     enigma_part2.v    821     5     Signal tempc2 is being assigned multiple times ( assignment within same for-loop ) in same always block [Hierarchy: ':enigma_part2']
[22]     W415a             Warning     enigma_part2.v    822     5     Signal tempc3 is being assigned multiple times ( assignment within same for-loop ) in same always block [Hierarchy: ':enigma_part2']
[23]     W415a             Warning     enigma_part2.v    831     5     Signal tempc0 is being assigned multiple times ( assignment within same for-loop ) in same always block [Hierarchy: ':enigma_part2']
[24]     W415a             Warning     enigma_part2.v    832     5     Signal tempc1 is being assigned multiple times ( assignment within same for-loop ) in same always block [Hierarchy: ':enigma_part2']
[25]     W415a             Warning     enigma_part2.v    833     5     Signal tempc2 is being assigned multiple times ( assignment within same for-loop ) in same always block [Hierarchy: ':enigma_part2']
[26]     W415a             Warning     enigma_part2.v    834     5     Signal tempc3 is being assigned multiple times ( assignment within same for-loop ) in same always block [Hierarchy: ':enigma_part2']
[27]     W415a             Warning     enigma_part2.v    843     5     Signal tempc0 is being assigned multiple times ( assignment within same for-loop ) in same always block [Hierarchy: ':enigma_part2']
[28]     W415a             Warning     enigma_part2.v    844     5     Signal tempc1 is being assigned multiple times ( assignment within same for-loop ) in same always block [Hierarchy: ':enigma_part2']
[29]     W415a             Warning     enigma_part2.v    845     5     Signal tempc2 is being assigned multiple times ( assignment within same for-loop ) in same always block [Hierarchy: ':enigma_part2']
[2A]     W415a             Warning     enigma_part2.v    846     5     Signal tempc3 is being assigned multiple times ( assignment within same for-loop ) in same always block [Hierarchy: ':enigma_part2']
+++++++++++++++++++++++++++++++++++++++++++++++++++++++++++++++++++++++++++++++++++++++

################################################################################
#
# This file has been generated by SpyGlass:
#     Report Name      : moresimple
#     Report Created by: u107061218
#     Report Created on:  Tue Nov  9 23:56:38 2021
#     Working Directory: /home/u107/u107061218/107061218/ICLAB/HW3/hdl
#     SpyGlass Version : SpyGlass_vR-2020.12-SP2
#     Policy Name      : SpyGlass(SpyGlass_vR-2020.12-SP2)
#                        auto-verify(SpyGlass_vR-2020.12-SP2)
#
#     Total Number of Generated Messages :          2
#     Number of Waived Messages          :          0
#     Number of Reported Messages        :          2
#     Number of Overlimit Messages       :          0
#
#
################################################################################

+++++++++++++++++++++++++++++++++++++++++++++++++++++++++++++++++++++++
MORESIMPLE REPORT:
############### FATAL MESSAGES ############### 
+++++++++++++++++++++++++++++++++++++++++++++++++++++++++++++++++++++++++++++++++
ID       Rule            Alias    Severity    File    Line    Wt    Message
======================================================================================
[1]      Av_license01             FATAL       N.A.    0       2     'Functional Lint' not run due to unavailability of lint_func license feature
+++++++++++++++++++++++++++++++++++++++++++++++++++++++++++++++++++++++++++++++++++++++


############### BuiltIn -> RuleGroup=Command-line read ###############
+++++++++++++++++++++++++++++++++++++++++++++++++++++++++++++++++++++++++++++++++++++++
ID       Rule                     Alias          Severity    File    Line    Wt    Message
======================================================================================
[0]      checkCMD_unset_option    UnsetOption    Warning     N.A.    0       10    Option/Parameter 'enable_save_restore': Feature 'save-restore' is not supported with option 'policy=auto-verify'.Disabling all 'save-restore' related options
+++++++++++++++++++++++++++++++++++++++++++++++++++++++++++++++++++++++++++++++++++++++

################################################################################
#
# This file has been generated by SpyGlass:
#     Report Name      : moresimple
#     Report Created by: u107061218
#     Report Created on:  Tue Nov  9 23:56:45 2021
#     Working Directory: /home/u107/u107061218/107061218/ICLAB/HW3/hdl
#     SpyGlass Version : SpyGlass_vR-2020.12-SP2
#     Policy Name      : SpyGlass(SpyGlass_vR-2020.12-SP2)
#                        lint(SpyGlass_vR-2020.12-SP2)
#
#     Total Number of Generated Messages :          3
#     Number of Waived Messages          :          0
#     Number of Reported Messages        :          3
#     Number of Overlimit Messages       :          0
#
#
################################################################################

+++++++++++++++++++++++++++++++++++++++++++++++++++++++++++++++++++++++
MORESIMPLE REPORT:


############### BuiltIn -> RuleGroup=Design Read ###############
+++++++++++++++++++++++++++++++++++++++++++++++++++++++++++++++++++++++++++++++++++++++
ID       Rule                    Alias                   Severity    File                                                                          Line    Wt    Message
======================================================================================
[1]      DetectTopDesignUnits    DetectTopDesignUnits    Info        enigma_part2.v                                                                1       2     Module enigma_part2 is a top level design unit
[0]      ElabSummary             ElabSummary             Info        ./spyglass-1/lint/lint_abstract/spyglass_reports/SpyGlass/elab_summary.rpt    0       2     Please refer file './spyglass-1/lint/lint_abstract/spyglass_reports/SpyGlass/elab_summary.rpt' for elab summary report
+++++++++++++++++++++++++++++++++++++++++++++++++++++++++++++++++++++++++++++++++++++++


############### Non-BuiltIn -> Goal=lint/lint_abstract ###############
+++++++++++++++++++++++++++++++++++++++++++++++++++++++++++++++++++++++++++++++++++++++
ID       Rule               Alias    Severity    File                                                                                                                    Line    Wt    Message
======================================================================================
[2]      LINT_abstract01             Info        ./spyglass-1/lint/lint_abstract/spyglass_reports/abstract_view/enigma_part2_IDLE_0_LOAD_1_READY_2_lint_abstract.sgdc    0       2     Abstract view for design 'enigma_part2' succesfully created
+++++++++++++++++++++++++++++++++++++++++++++++++++++++++++++++++++++++++++++++++++++++
