 
****************************************
Report : timing
        -path full
        -delay max
        -max_paths 1
Design : Convnet_top
Version: R-2020.09-SP5
Date   : Sun Dec 12 16:38:37 2021
****************************************

 # A fanout number of 1000 was used for high fanout net computations.

Operating Conditions: ss0p95v125c   Library: saed32hvt_ss0p95v125c
Wire Load Model Mode: enclosed

  Startpoint: U4/weight_ch03_reg_0_
              (rising edge-triggered flip-flop clocked by clk)
  Endpoint: U4/sram_wdata_b_reg_180_
            (rising edge-triggered flip-flop clocked by clk)
  Path Group: clk
  Path Type: max

  Des/Clust/Port     Wire Load Model       Library
  ------------------------------------------------
  Conv3_module_CH_NUM4_ACT_PER_ADDR4_BW_PER_ACT12_WEIGHT_PER_ADDR9_BIAS_PER_ADDR1_BW_PER_PARAM8
                     540000                saed32hvt_ss0p95v125c

  Point                                                   Incr       Path
  --------------------------------------------------------------------------
  clock clk (rise edge)                                 0.0000     0.0000
  clock network delay (ideal)                           0.0000     0.0000
  U4/weight_ch03_reg_0_/CLK (DFFSSRX1_HVT)              0.0000     0.0000 r
  U4/weight_ch03_reg_0_/Q (DFFSSRX1_HVT)                0.2244     0.2244 r
  U4/U17465/Y (INVX0_HVT)                               0.0586     0.2830 f
  U4/U17466/Y (INVX0_HVT)                               0.0822     0.3652 r
  U4/U7368/Y (INVX0_HVT)                                0.1561     0.5213 f
  U4/U46635/Y (NOR2X0_HVT)                              0.1432     0.6645 r
  U4/U46953/S (FADDX1_HVT)                              0.2250     0.8895 f
  U4/U48303/S (FADDX1_HVT)                              0.2102     1.0996 r
  U4/U48328/S (FADDX1_HVT)                              0.2410     1.3406 f
  U4/U48391/S (FADDX1_HVT)                              0.2180     1.5586 r
  U4/U48380/CO (FADDX1_HVT)                             0.1695     1.7281 r
  U4/U48408/CO (FADDX1_HVT)                             0.1732     1.9013 r
  U4/U48496/CO (FADDX1_HVT)                             0.1732     2.0745 r
  U4/U48766/CO (FADDX1_HVT)                             0.1665     2.2410 r
  U4/U51242/CO (FADDX1_HVT)                             0.1489     2.3899 r
  U4/U52458/CO (FADDX1_HVT)                             0.1605     2.5504 r
  U4/U53820/CO (FADDX1_HVT)                             0.1604     2.7108 r
  U4/U56591/CO (FADDX1_HVT)                             0.1537     2.8645 r
  U4/U56852/CO (FADDX1_HVT)                             0.1489     3.0134 r
  U4/U57198/CO (FADDX1_HVT)                             0.1537     3.1671 r
  U4/U58316/CO (FADDX1_HVT)                             0.1420     3.3091 r
  U4/U58707/S (FADDX1_HVT)                              0.2188     3.5279 f
  U4/U58334/S (FADDX1_HVT)                              0.2171     3.7450 r
  U4/U58317/Y (NOR2X0_HVT)                              0.1247     3.8698 f
  U4/U7794/Y (OAI21X1_HVT)                              0.1447     4.0145 r
  U4/U58333/Y (AOI21X1_HVT)                             0.0976     4.1121 f
  U4/U23560/Y (OA21X1_HVT)                              0.0840     4.1961 f
  U4/U1241/Y (INVX0_HVT)                                0.0337     4.2298 r
  U4/U58986/Y (AOI21X1_HVT)                             0.1360     4.3658 f
  U4/U7834/Y (XNOR2X1_HVT)                              0.1536     4.5194 r
  U4/U59148/Y (OR2X1_HVT)                               0.0836     4.6030 r
  U4/U59213/Y (AOI21X1_HVT)                             0.1357     4.7387 f
  U4/U23563/Y (OA21X1_HVT)                              0.0821     4.8208 f
  U4/U1233/Y (INVX1_HVT)                                0.0676     4.8884 r
  U4/U93556/Y (AND2X1_HVT)                              0.1015     4.9899 r
  U4/U1232/Y (INVX0_HVT)                                0.0448     5.0348 f
  U4/U23562/Y (XNOR3X2_HVT)                             0.2645     5.2993 f
  U4/U93580/S (FADDX1_HVT)                              0.2203     5.5196 r
  U4/U93608/SO (HADDX1_HVT)                             0.1598     5.6793 f
  U4/U23593/Y (OR2X1_HVT)                               0.0850     5.7643 f
  U4/U23564/Y (INVX0_HVT)                               0.0297     5.7941 r
  U4/U23703/Y (OA21X1_HVT)                              0.0905     5.8846 r
  U4/U23702/Y (OA21X1_HVT)                              0.1034     5.9880 r
  U4/U1220/Y (OAI21X1_HVT)                              0.1565     6.1444 f
  U4/U1217/Y (AOI21X1_HVT)                              0.1028     6.2472 r
  U4/U23541/Y (OA21X1_HVT)                              0.1090     6.3562 r
  U4/U1215/Y (OAI22X1_HVT)                              0.1223     6.4785 f
  U4/U1453/Y (XNOR2X2_HVT)                              0.1189     6.5974 f
  U4/U1452/Y (OA21X1_HVT)                               0.0891     6.6866 f
  U4/U1451/Y (INVX2_HVT)                                0.0475     6.7341 r
  U4/U93849/Y (AO21X1_HVT)                              0.1100     6.8441 r
  U4/sram_wdata_b_reg_180_/D (DFFSSRX1_HVT)             0.0000     6.8441 r
  data arrival time                                                6.8441

  clock clk (rise edge)                                 7.0000     7.0000
  clock network delay (ideal)                           0.0000     7.0000
  U4/sram_wdata_b_reg_180_/CLK (DFFSSRX1_HVT)           0.0000     7.0000 r
  library setup time                                   -0.1558     6.8442
  data required time                                               6.8442
  --------------------------------------------------------------------------
  data required time                                               6.8442
  data arrival time                                               -6.8441
  --------------------------------------------------------------------------
  slack (MET)                                                      0.0001


1
