 
****************************************
Report : timing
        -path full
        -delay max
        -max_paths 4
Design : Convnet_top
Version: R-2020.09-SP5
Date   : Sun Dec 12 16:38:35 2021
****************************************

 # A fanout number of 1000 was used for high fanout net computations.

Operating Conditions: ss0p95v125c   Library: saed32hvt_ss0p95v125c
Wire Load Model Mode: enclosed

  Startpoint: U4/weight_ch03_reg_0_
              (rising edge-triggered flip-flop clocked by clk)
  Endpoint: U4/sram_wdata_b_reg_183_
            (rising edge-triggered flip-flop clocked by clk)
  Path Group: clk
  Path Type: max

  Des/Clust/Port     Wire Load Model       Library
  ------------------------------------------------
  Conv3_module_CH_NUM4_ACT_PER_ADDR4_BW_PER_ACT12_WEIGHT_PER_ADDR9_BIAS_PER_ADDR1_BW_PER_PARAM8
                     540000                saed32hvt_ss0p95v125c

  Point                                                   Incr       Path
  --------------------------------------------------------------------------
  clock clk (rise edge)                                   0.00       0.00
  clock network delay (ideal)                             0.00       0.00
  U4/weight_ch03_reg_0_/CLK (DFFSSRX1_HVT)                0.00       0.00 r
  U4/weight_ch03_reg_0_/Q (DFFSSRX1_HVT)                  0.22       0.22 r
  U4/U17465/Y (INVX0_HVT)                                 0.06       0.28 f
  U4/U17466/Y (INVX0_HVT)                                 0.08       0.37 r
  U4/U7368/Y (INVX0_HVT)                                  0.16       0.52 f
  U4/U46635/Y (NOR2X0_HVT)                                0.14       0.66 r
  U4/U46953/S (FADDX1_HVT)                                0.22       0.89 f
  U4/U48303/S (FADDX1_HVT)                                0.21       1.10 r
  U4/U48328/S (FADDX1_HVT)                                0.24       1.34 f
  U4/U48391/S (FADDX1_HVT)                                0.22       1.56 r
  U4/U48380/CO (FADDX1_HVT)                               0.17       1.73 r
  U4/U48408/CO (FADDX1_HVT)                               0.17       1.90 r
  U4/U48496/CO (FADDX1_HVT)                               0.17       2.07 r
  U4/U48766/CO (FADDX1_HVT)                               0.17       2.24 r
  U4/U51242/CO (FADDX1_HVT)                               0.15       2.39 r
  U4/U52458/CO (FADDX1_HVT)                               0.16       2.55 r
  U4/U53820/CO (FADDX1_HVT)                               0.16       2.71 r
  U4/U56591/CO (FADDX1_HVT)                               0.15       2.86 r
  U4/U56852/CO (FADDX1_HVT)                               0.15       3.01 r
  U4/U57198/CO (FADDX1_HVT)                               0.15       3.17 r
  U4/U58316/CO (FADDX1_HVT)                               0.14       3.31 r
  U4/U58707/S (FADDX1_HVT)                                0.22       3.53 f
  U4/U58334/S (FADDX1_HVT)                                0.22       3.75 r
  U4/U58317/Y (NOR2X0_HVT)                                0.12       3.87 f
  U4/U7794/Y (OAI21X1_HVT)                                0.14       4.01 r
  U4/U58333/Y (AOI21X1_HVT)                               0.10       4.11 f
  U4/U23560/Y (OA21X1_HVT)                                0.08       4.20 f
  U4/U1241/Y (INVX0_HVT)                                  0.03       4.23 r
  U4/U58986/Y (AOI21X1_HVT)                               0.14       4.37 f
  U4/U7834/Y (XNOR2X1_HVT)                                0.15       4.52 r
  U4/U59148/Y (OR2X1_HVT)                                 0.08       4.60 r
  U4/U59213/Y (AOI21X1_HVT)                               0.14       4.74 f
  U4/U23563/Y (OA21X1_HVT)                                0.08       4.82 f
  U4/U1233/Y (INVX1_HVT)                                  0.07       4.89 r
  U4/U93556/Y (AND2X1_HVT)                                0.10       4.99 r
  U4/U1232/Y (INVX0_HVT)                                  0.04       5.03 f
  U4/U23562/Y (XNOR3X2_HVT)                               0.26       5.30 f
  U4/U93580/S (FADDX1_HVT)                                0.22       5.52 r
  U4/U93608/SO (HADDX1_HVT)                               0.16       5.68 f
  U4/U23593/Y (OR2X1_HVT)                                 0.09       5.76 f
  U4/U23564/Y (INVX0_HVT)                                 0.03       5.79 r
  U4/U23703/Y (OA21X1_HVT)                                0.09       5.88 r
  U4/U23702/Y (OA21X1_HVT)                                0.10       5.99 r
  U4/U1220/Y (OAI21X1_HVT)                                0.16       6.14 f
  U4/U1217/Y (AOI21X1_HVT)                                0.10       6.25 r
  U4/U23541/Y (OA21X1_HVT)                                0.11       6.36 r
  U4/U1215/Y (OAI22X1_HVT)                                0.12       6.48 f
  U4/U1453/Y (XNOR2X2_HVT)                                0.12       6.60 f
  U4/U1452/Y (OA21X1_HVT)                                 0.09       6.69 f
  U4/U1451/Y (INVX2_HVT)                                  0.05       6.73 r
  U4/U93867/Y (AO21X1_HVT)                                0.11       6.84 r
  U4/sram_wdata_b_reg_183_/D (DFFSSRX1_HVT)               0.00       6.84 r
  data arrival time                                                  6.84

  clock clk (rise edge)                                   7.00       7.00
  clock network delay (ideal)                             0.00       7.00
  U4/sram_wdata_b_reg_183_/CLK (DFFSSRX1_HVT)             0.00       7.00 r
  library setup time                                     -0.16       6.84
  data required time                                                 6.84
  --------------------------------------------------------------------------
  data required time                                                 6.84
  data arrival time                                                 -6.84
  --------------------------------------------------------------------------
  slack (MET)                                                        0.00


  Startpoint: U4/weight_ch03_reg_0_
              (rising edge-triggered flip-flop clocked by clk)
  Endpoint: U4/sram_wdata_b_reg_182_
            (rising edge-triggered flip-flop clocked by clk)
  Path Group: clk
  Path Type: max

  Des/Clust/Port     Wire Load Model       Library
  ------------------------------------------------
  Conv3_module_CH_NUM4_ACT_PER_ADDR4_BW_PER_ACT12_WEIGHT_PER_ADDR9_BIAS_PER_ADDR1_BW_PER_PARAM8
                     540000                saed32hvt_ss0p95v125c

  Point                                                   Incr       Path
  --------------------------------------------------------------------------
  clock clk (rise edge)                                   0.00       0.00
  clock network delay (ideal)                             0.00       0.00
  U4/weight_ch03_reg_0_/CLK (DFFSSRX1_HVT)                0.00       0.00 r
  U4/weight_ch03_reg_0_/Q (DFFSSRX1_HVT)                  0.22       0.22 r
  U4/U17465/Y (INVX0_HVT)                                 0.06       0.28 f
  U4/U17466/Y (INVX0_HVT)                                 0.08       0.37 r
  U4/U7368/Y (INVX0_HVT)                                  0.16       0.52 f
  U4/U46635/Y (NOR2X0_HVT)                                0.14       0.66 r
  U4/U46953/S (FADDX1_HVT)                                0.22       0.89 f
  U4/U48303/S (FADDX1_HVT)                                0.21       1.10 r
  U4/U48328/S (FADDX1_HVT)                                0.24       1.34 f
  U4/U48391/S (FADDX1_HVT)                                0.22       1.56 r
  U4/U48380/CO (FADDX1_HVT)                               0.17       1.73 r
  U4/U48408/CO (FADDX1_HVT)                               0.17       1.90 r
  U4/U48496/CO (FADDX1_HVT)                               0.17       2.07 r
  U4/U48766/CO (FADDX1_HVT)                               0.17       2.24 r
  U4/U51242/CO (FADDX1_HVT)                               0.15       2.39 r
  U4/U52458/CO (FADDX1_HVT)                               0.16       2.55 r
  U4/U53820/CO (FADDX1_HVT)                               0.16       2.71 r
  U4/U56591/CO (FADDX1_HVT)                               0.15       2.86 r
  U4/U56852/CO (FADDX1_HVT)                               0.15       3.01 r
  U4/U57198/CO (FADDX1_HVT)                               0.15       3.17 r
  U4/U58316/CO (FADDX1_HVT)                               0.14       3.31 r
  U4/U58707/S (FADDX1_HVT)                                0.22       3.53 f
  U4/U58334/S (FADDX1_HVT)                                0.22       3.75 r
  U4/U58317/Y (NOR2X0_HVT)                                0.12       3.87 f
  U4/U7794/Y (OAI21X1_HVT)                                0.14       4.01 r
  U4/U58333/Y (AOI21X1_HVT)                               0.10       4.11 f
  U4/U23560/Y (OA21X1_HVT)                                0.08       4.20 f
  U4/U1241/Y (INVX0_HVT)                                  0.03       4.23 r
  U4/U58986/Y (AOI21X1_HVT)                               0.14       4.37 f
  U4/U7834/Y (XNOR2X1_HVT)                                0.15       4.52 r
  U4/U59148/Y (OR2X1_HVT)                                 0.08       4.60 r
  U4/U59213/Y (AOI21X1_HVT)                               0.14       4.74 f
  U4/U23563/Y (OA21X1_HVT)                                0.08       4.82 f
  U4/U1233/Y (INVX1_HVT)                                  0.07       4.89 r
  U4/U93556/Y (AND2X1_HVT)                                0.10       4.99 r
  U4/U1232/Y (INVX0_HVT)                                  0.04       5.03 f
  U4/U23562/Y (XNOR3X2_HVT)                               0.26       5.30 f
  U4/U93580/S (FADDX1_HVT)                                0.22       5.52 r
  U4/U93608/SO (HADDX1_HVT)                               0.16       5.68 f
  U4/U23593/Y (OR2X1_HVT)                                 0.09       5.76 f
  U4/U23564/Y (INVX0_HVT)                                 0.03       5.79 r
  U4/U23703/Y (OA21X1_HVT)                                0.09       5.88 r
  U4/U23702/Y (OA21X1_HVT)                                0.10       5.99 r
  U4/U1220/Y (OAI21X1_HVT)                                0.16       6.14 f
  U4/U1217/Y (AOI21X1_HVT)                                0.10       6.25 r
  U4/U23541/Y (OA21X1_HVT)                                0.11       6.36 r
  U4/U1215/Y (OAI22X1_HVT)                                0.12       6.48 f
  U4/U1453/Y (XNOR2X2_HVT)                                0.12       6.60 f
  U4/U1452/Y (OA21X1_HVT)                                 0.09       6.69 f
  U4/U1451/Y (INVX2_HVT)                                  0.05       6.73 r
  U4/U93840/Y (AO21X1_HVT)                                0.11       6.84 r
  U4/sram_wdata_b_reg_182_/D (DFFSSRX1_HVT)               0.00       6.84 r
  data arrival time                                                  6.84

  clock clk (rise edge)                                   7.00       7.00
  clock network delay (ideal)                             0.00       7.00
  U4/sram_wdata_b_reg_182_/CLK (DFFSSRX1_HVT)             0.00       7.00 r
  library setup time                                     -0.16       6.84
  data required time                                                 6.84
  --------------------------------------------------------------------------
  data required time                                                 6.84
  data arrival time                                                 -6.84
  --------------------------------------------------------------------------
  slack (MET)                                                        0.00


  Startpoint: U4/weight_ch03_reg_0_
              (rising edge-triggered flip-flop clocked by clk)
  Endpoint: U4/sram_wdata_b_reg_181_
            (rising edge-triggered flip-flop clocked by clk)
  Path Group: clk
  Path Type: max

  Des/Clust/Port     Wire Load Model       Library
  ------------------------------------------------
  Conv3_module_CH_NUM4_ACT_PER_ADDR4_BW_PER_ACT12_WEIGHT_PER_ADDR9_BIAS_PER_ADDR1_BW_PER_PARAM8
                     540000                saed32hvt_ss0p95v125c

  Point                                                   Incr       Path
  --------------------------------------------------------------------------
  clock clk (rise edge)                                   0.00       0.00
  clock network delay (ideal)                             0.00       0.00
  U4/weight_ch03_reg_0_/CLK (DFFSSRX1_HVT)                0.00       0.00 r
  U4/weight_ch03_reg_0_/Q (DFFSSRX1_HVT)                  0.22       0.22 r
  U4/U17465/Y (INVX0_HVT)                                 0.06       0.28 f
  U4/U17466/Y (INVX0_HVT)                                 0.08       0.37 r
  U4/U7368/Y (INVX0_HVT)                                  0.16       0.52 f
  U4/U46635/Y (NOR2X0_HVT)                                0.14       0.66 r
  U4/U46953/S (FADDX1_HVT)                                0.22       0.89 f
  U4/U48303/S (FADDX1_HVT)                                0.21       1.10 r
  U4/U48328/S (FADDX1_HVT)                                0.24       1.34 f
  U4/U48391/S (FADDX1_HVT)                                0.22       1.56 r
  U4/U48380/CO (FADDX1_HVT)                               0.17       1.73 r
  U4/U48408/CO (FADDX1_HVT)                               0.17       1.90 r
  U4/U48496/CO (FADDX1_HVT)                               0.17       2.07 r
  U4/U48766/CO (FADDX1_HVT)                               0.17       2.24 r
  U4/U51242/CO (FADDX1_HVT)                               0.15       2.39 r
  U4/U52458/CO (FADDX1_HVT)                               0.16       2.55 r
  U4/U53820/CO (FADDX1_HVT)                               0.16       2.71 r
  U4/U56591/CO (FADDX1_HVT)                               0.15       2.86 r
  U4/U56852/CO (FADDX1_HVT)                               0.15       3.01 r
  U4/U57198/CO (FADDX1_HVT)                               0.15       3.17 r
  U4/U58316/CO (FADDX1_HVT)                               0.14       3.31 r
  U4/U58707/S (FADDX1_HVT)                                0.22       3.53 f
  U4/U58334/S (FADDX1_HVT)                                0.22       3.75 r
  U4/U58317/Y (NOR2X0_HVT)                                0.12       3.87 f
  U4/U7794/Y (OAI21X1_HVT)                                0.14       4.01 r
  U4/U58333/Y (AOI21X1_HVT)                               0.10       4.11 f
  U4/U23560/Y (OA21X1_HVT)                                0.08       4.20 f
  U4/U1241/Y (INVX0_HVT)                                  0.03       4.23 r
  U4/U58986/Y (AOI21X1_HVT)                               0.14       4.37 f
  U4/U7834/Y (XNOR2X1_HVT)                                0.15       4.52 r
  U4/U59148/Y (OR2X1_HVT)                                 0.08       4.60 r
  U4/U59213/Y (AOI21X1_HVT)                               0.14       4.74 f
  U4/U23563/Y (OA21X1_HVT)                                0.08       4.82 f
  U4/U1233/Y (INVX1_HVT)                                  0.07       4.89 r
  U4/U93556/Y (AND2X1_HVT)                                0.10       4.99 r
  U4/U1232/Y (INVX0_HVT)                                  0.04       5.03 f
  U4/U23562/Y (XNOR3X2_HVT)                               0.26       5.30 f
  U4/U93580/S (FADDX1_HVT)                                0.22       5.52 r
  U4/U93608/SO (HADDX1_HVT)                               0.16       5.68 f
  U4/U23593/Y (OR2X1_HVT)                                 0.09       5.76 f
  U4/U23564/Y (INVX0_HVT)                                 0.03       5.79 r
  U4/U23703/Y (OA21X1_HVT)                                0.09       5.88 r
  U4/U23702/Y (OA21X1_HVT)                                0.10       5.99 r
  U4/U1220/Y (OAI21X1_HVT)                                0.16       6.14 f
  U4/U1217/Y (AOI21X1_HVT)                                0.10       6.25 r
  U4/U23541/Y (OA21X1_HVT)                                0.11       6.36 r
  U4/U1215/Y (OAI22X1_HVT)                                0.12       6.48 f
  U4/U1453/Y (XNOR2X2_HVT)                                0.12       6.60 f
  U4/U1452/Y (OA21X1_HVT)                                 0.09       6.69 f
  U4/U1451/Y (INVX2_HVT)                                  0.05       6.73 r
  U4/U93854/Y (AO21X1_HVT)                                0.11       6.84 r
  U4/sram_wdata_b_reg_181_/D (DFFSSRX1_HVT)               0.00       6.84 r
  data arrival time                                                  6.84

  clock clk (rise edge)                                   7.00       7.00
  clock network delay (ideal)                             0.00       7.00
  U4/sram_wdata_b_reg_181_/CLK (DFFSSRX1_HVT)             0.00       7.00 r
  library setup time                                     -0.16       6.84
  data required time                                                 6.84
  --------------------------------------------------------------------------
  data required time                                                 6.84
  data arrival time                                                 -6.84
  --------------------------------------------------------------------------
  slack (MET)                                                        0.00


  Startpoint: U4/weight_ch03_reg_0_
              (rising edge-triggered flip-flop clocked by clk)
  Endpoint: U4/sram_wdata_b_reg_180_
            (rising edge-triggered flip-flop clocked by clk)
  Path Group: clk
  Path Type: max

  Des/Clust/Port     Wire Load Model       Library
  ------------------------------------------------
  Conv3_module_CH_NUM4_ACT_PER_ADDR4_BW_PER_ACT12_WEIGHT_PER_ADDR9_BIAS_PER_ADDR1_BW_PER_PARAM8
                     540000                saed32hvt_ss0p95v125c

  Point                                                   Incr       Path
  --------------------------------------------------------------------------
  clock clk (rise edge)                                   0.00       0.00
  clock network delay (ideal)                             0.00       0.00
  U4/weight_ch03_reg_0_/CLK (DFFSSRX1_HVT)                0.00       0.00 r
  U4/weight_ch03_reg_0_/Q (DFFSSRX1_HVT)                  0.22       0.22 r
  U4/U17465/Y (INVX0_HVT)                                 0.06       0.28 f
  U4/U17466/Y (INVX0_HVT)                                 0.08       0.37 r
  U4/U7368/Y (INVX0_HVT)                                  0.16       0.52 f
  U4/U46635/Y (NOR2X0_HVT)                                0.14       0.66 r
  U4/U46953/S (FADDX1_HVT)                                0.22       0.89 f
  U4/U48303/S (FADDX1_HVT)                                0.21       1.10 r
  U4/U48328/S (FADDX1_HVT)                                0.24       1.34 f
  U4/U48391/S (FADDX1_HVT)                                0.22       1.56 r
  U4/U48380/CO (FADDX1_HVT)                               0.17       1.73 r
  U4/U48408/CO (FADDX1_HVT)                               0.17       1.90 r
  U4/U48496/CO (FADDX1_HVT)                               0.17       2.07 r
  U4/U48766/CO (FADDX1_HVT)                               0.17       2.24 r
  U4/U51242/CO (FADDX1_HVT)                               0.15       2.39 r
  U4/U52458/CO (FADDX1_HVT)                               0.16       2.55 r
  U4/U53820/CO (FADDX1_HVT)                               0.16       2.71 r
  U4/U56591/CO (FADDX1_HVT)                               0.15       2.86 r
  U4/U56852/CO (FADDX1_HVT)                               0.15       3.01 r
  U4/U57198/CO (FADDX1_HVT)                               0.15       3.17 r
  U4/U58316/CO (FADDX1_HVT)                               0.14       3.31 r
  U4/U58707/S (FADDX1_HVT)                                0.22       3.53 f
  U4/U58334/S (FADDX1_HVT)                                0.22       3.75 r
  U4/U58317/Y (NOR2X0_HVT)                                0.12       3.87 f
  U4/U7794/Y (OAI21X1_HVT)                                0.14       4.01 r
  U4/U58333/Y (AOI21X1_HVT)                               0.10       4.11 f
  U4/U23560/Y (OA21X1_HVT)                                0.08       4.20 f
  U4/U1241/Y (INVX0_HVT)                                  0.03       4.23 r
  U4/U58986/Y (AOI21X1_HVT)                               0.14       4.37 f
  U4/U7834/Y (XNOR2X1_HVT)                                0.15       4.52 r
  U4/U59148/Y (OR2X1_HVT)                                 0.08       4.60 r
  U4/U59213/Y (AOI21X1_HVT)                               0.14       4.74 f
  U4/U23563/Y (OA21X1_HVT)                                0.08       4.82 f
  U4/U1233/Y (INVX1_HVT)                                  0.07       4.89 r
  U4/U93556/Y (AND2X1_HVT)                                0.10       4.99 r
  U4/U1232/Y (INVX0_HVT)                                  0.04       5.03 f
  U4/U23562/Y (XNOR3X2_HVT)                               0.26       5.30 f
  U4/U93580/S (FADDX1_HVT)                                0.22       5.52 r
  U4/U93608/SO (HADDX1_HVT)                               0.16       5.68 f
  U4/U23593/Y (OR2X1_HVT)                                 0.09       5.76 f
  U4/U23564/Y (INVX0_HVT)                                 0.03       5.79 r
  U4/U23703/Y (OA21X1_HVT)                                0.09       5.88 r
  U4/U23702/Y (OA21X1_HVT)                                0.10       5.99 r
  U4/U1220/Y (OAI21X1_HVT)                                0.16       6.14 f
  U4/U1217/Y (AOI21X1_HVT)                                0.10       6.25 r
  U4/U23541/Y (OA21X1_HVT)                                0.11       6.36 r
  U4/U1215/Y (OAI22X1_HVT)                                0.12       6.48 f
  U4/U1453/Y (XNOR2X2_HVT)                                0.12       6.60 f
  U4/U1452/Y (OA21X1_HVT)                                 0.09       6.69 f
  U4/U1451/Y (INVX2_HVT)                                  0.05       6.73 r
  U4/U93849/Y (AO21X1_HVT)                                0.11       6.84 r
  U4/sram_wdata_b_reg_180_/D (DFFSSRX1_HVT)               0.00       6.84 r
  data arrival time                                                  6.84

  clock clk (rise edge)                                   7.00       7.00
  clock network delay (ideal)                             0.00       7.00
  U4/sram_wdata_b_reg_180_/CLK (DFFSSRX1_HVT)             0.00       7.00 r
  library setup time                                     -0.16       6.84
  data required time                                                 6.84
  --------------------------------------------------------------------------
  data required time                                                 6.84
  data arrival time                                                 -6.84
  --------------------------------------------------------------------------
  slack (MET)                                                        0.00


1
