Information: Propagating switching activity (low effort zero delay simulation). (PWR-6)
Warning: Design has unannotated primary inputs. (PWR-414)
Warning: Design has unannotated sequential cell outputs. (PWR-415)
 
****************************************
Report : power
        -hier
        -analysis_effort low
Design : qr_decode
Version: R-2020.09-SP5
Date   : Thu Nov 25 23:09:39 2021
****************************************


Library(s) Used:

    saed32hvt_ss0p95v125c (File: /usr/cadtool/SAED32_EDK/lib/stdcell_hvt/db_nldm/saed32hvt_ss0p95v125c.db)


Operating Conditions: ss0p95v125c   Library: saed32hvt_ss0p95v125c
Wire Load Model Mode: enclosed

Design        Wire Load Model            Library
------------------------------------------------
qr_decode              280000            saed32hvt_ss0p95v125c
num2pw_mydesign_107    8000              saed32hvt_ss0p95v125c
pw2num_mydesign_84     8000              saed32hvt_ss0p95v125c
SNPS_CLOCK_GATE_HIGH_qr_decode_mydesign_0
                       ForQA             saed32hvt_ss0p95v125c
pw2num_mydesign_0      8000              saed32hvt_ss0p95v125c
pw2num_mydesign_1      8000              saed32hvt_ss0p95v125c
pw2num_mydesign_2      8000              saed32hvt_ss0p95v125c
pw2num_mydesign_3      8000              saed32hvt_ss0p95v125c
pw2num_mydesign_4      8000              saed32hvt_ss0p95v125c
pw2num_mydesign_5      8000              saed32hvt_ss0p95v125c
pw2num_mydesign_6      8000              saed32hvt_ss0p95v125c
pw2num_mydesign_7      8000              saed32hvt_ss0p95v125c
pw2num_mydesign_8      8000              saed32hvt_ss0p95v125c
pw2num_mydesign_9      8000              saed32hvt_ss0p95v125c
pw2num_mydesign_10     8000              saed32hvt_ss0p95v125c
pw2num_mydesign_11     8000              saed32hvt_ss0p95v125c
pw2num_mydesign_12     8000              saed32hvt_ss0p95v125c
pw2num_mydesign_13     8000              saed32hvt_ss0p95v125c
pw2num_mydesign_14     8000              saed32hvt_ss0p95v125c
pw2num_mydesign_15     8000              saed32hvt_ss0p95v125c
pw2num_mydesign_16     8000              saed32hvt_ss0p95v125c
pw2num_mydesign_17     8000              saed32hvt_ss0p95v125c
pw2num_mydesign_18     8000              saed32hvt_ss0p95v125c
pw2num_mydesign_19     8000              saed32hvt_ss0p95v125c
pw2num_mydesign_20     8000              saed32hvt_ss0p95v125c
pw2num_mydesign_21     8000              saed32hvt_ss0p95v125c
pw2num_mydesign_22     8000              saed32hvt_ss0p95v125c
pw2num_mydesign_23     8000              saed32hvt_ss0p95v125c
pw2num_mydesign_24     8000              saed32hvt_ss0p95v125c
pw2num_mydesign_25     8000              saed32hvt_ss0p95v125c
pw2num_mydesign_26     8000              saed32hvt_ss0p95v125c
pw2num_mydesign_27     8000              saed32hvt_ss0p95v125c
pw2num_mydesign_28     8000              saed32hvt_ss0p95v125c
pw2num_mydesign_29     8000              saed32hvt_ss0p95v125c
pw2num_mydesign_30     8000              saed32hvt_ss0p95v125c
pw2num_mydesign_31     8000              saed32hvt_ss0p95v125c
pw2num_mydesign_32     8000              saed32hvt_ss0p95v125c
pw2num_mydesign_33     8000              saed32hvt_ss0p95v125c
pw2num_mydesign_34     8000              saed32hvt_ss0p95v125c
pw2num_mydesign_35     8000              saed32hvt_ss0p95v125c
pw2num_mydesign_36     8000              saed32hvt_ss0p95v125c
pw2num_mydesign_37     8000              saed32hvt_ss0p95v125c
pw2num_mydesign_38     8000              saed32hvt_ss0p95v125c
pw2num_mydesign_39     8000              saed32hvt_ss0p95v125c
pw2num_mydesign_40     8000              saed32hvt_ss0p95v125c
pw2num_mydesign_41     8000              saed32hvt_ss0p95v125c
pw2num_mydesign_42     8000              saed32hvt_ss0p95v125c
pw2num_mydesign_43     ForQA             saed32hvt_ss0p95v125c
pw2num_mydesign_44     ForQA             saed32hvt_ss0p95v125c
pw2num_mydesign_45     ForQA             saed32hvt_ss0p95v125c
pw2num_mydesign_46     8000              saed32hvt_ss0p95v125c
pw2num_mydesign_47     8000              saed32hvt_ss0p95v125c
pw2num_mydesign_48     8000              saed32hvt_ss0p95v125c
pw2num_mydesign_49     8000              saed32hvt_ss0p95v125c
pw2num_mydesign_50     8000              saed32hvt_ss0p95v125c
pw2num_mydesign_51     8000              saed32hvt_ss0p95v125c
pw2num_mydesign_52     8000              saed32hvt_ss0p95v125c
pw2num_mydesign_53     8000              saed32hvt_ss0p95v125c
pw2num_mydesign_54     8000              saed32hvt_ss0p95v125c
pw2num_mydesign_55     8000              saed32hvt_ss0p95v125c
pw2num_mydesign_56     8000              saed32hvt_ss0p95v125c
pw2num_mydesign_57     8000              saed32hvt_ss0p95v125c
pw2num_mydesign_58     8000              saed32hvt_ss0p95v125c
pw2num_mydesign_59     8000              saed32hvt_ss0p95v125c
pw2num_mydesign_60     8000              saed32hvt_ss0p95v125c
pw2num_mydesign_61     8000              saed32hvt_ss0p95v125c
pw2num_mydesign_62     8000              saed32hvt_ss0p95v125c
pw2num_mydesign_63     8000              saed32hvt_ss0p95v125c
pw2num_mydesign_64     8000              saed32hvt_ss0p95v125c
pw2num_mydesign_65     8000              saed32hvt_ss0p95v125c
pw2num_mydesign_66     8000              saed32hvt_ss0p95v125c
pw2num_mydesign_67     8000              saed32hvt_ss0p95v125c
pw2num_mydesign_68     8000              saed32hvt_ss0p95v125c
pw2num_mydesign_69     8000              saed32hvt_ss0p95v125c
pw2num_mydesign_70     8000              saed32hvt_ss0p95v125c
pw2num_mydesign_71     8000              saed32hvt_ss0p95v125c
pw2num_mydesign_72     8000              saed32hvt_ss0p95v125c
pw2num_mydesign_73     8000              saed32hvt_ss0p95v125c
pw2num_mydesign_74     8000              saed32hvt_ss0p95v125c
pw2num_mydesign_75     8000              saed32hvt_ss0p95v125c
pw2num_mydesign_76     8000              saed32hvt_ss0p95v125c
pw2num_mydesign_77     8000              saed32hvt_ss0p95v125c
pw2num_mydesign_78     8000              saed32hvt_ss0p95v125c
pw2num_mydesign_79     8000              saed32hvt_ss0p95v125c
pw2num_mydesign_80     8000              saed32hvt_ss0p95v125c
pw2num_mydesign_81     8000              saed32hvt_ss0p95v125c
pw2num_mydesign_82     8000              saed32hvt_ss0p95v125c
pw2num_mydesign_83     8000              saed32hvt_ss0p95v125c
SNPS_CLOCK_GATE_HIGH_qr_decode_mydesign_1
                       ForQA             saed32hvt_ss0p95v125c
SNPS_CLOCK_GATE_HIGH_qr_decode_mydesign_2
                       ForQA             saed32hvt_ss0p95v125c
SNPS_CLOCK_GATE_HIGH_qr_decode_mydesign_3
                       ForQA             saed32hvt_ss0p95v125c
SNPS_CLOCK_GATE_HIGH_qr_decode_mydesign_4
                       ForQA             saed32hvt_ss0p95v125c
SNPS_CLOCK_GATE_HIGH_qr_decode_mydesign_5
                       ForQA             saed32hvt_ss0p95v125c
SNPS_CLOCK_GATE_HIGH_qr_decode_mydesign_6
                       ForQA             saed32hvt_ss0p95v125c
SNPS_CLOCK_GATE_HIGH_qr_decode_mydesign_7
                       ForQA             saed32hvt_ss0p95v125c
SNPS_CLOCK_GATE_HIGH_qr_decode_mydesign_8
                       ForQA             saed32hvt_ss0p95v125c
SNPS_CLOCK_GATE_HIGH_qr_decode_mydesign_9
                       ForQA             saed32hvt_ss0p95v125c
SNPS_CLOCK_GATE_HIGH_qr_decode_mydesign_10
                       ForQA             saed32hvt_ss0p95v125c
SNPS_CLOCK_GATE_HIGH_qr_decode_mydesign_11
                       ForQA             saed32hvt_ss0p95v125c
SNPS_CLOCK_GATE_HIGH_qr_decode_mydesign_12
                       ForQA             saed32hvt_ss0p95v125c
SNPS_CLOCK_GATE_HIGH_qr_decode_mydesign_13
                       ForQA             saed32hvt_ss0p95v125c
SNPS_CLOCK_GATE_HIGH_qr_decode_mydesign_14
                       ForQA             saed32hvt_ss0p95v125c
SNPS_CLOCK_GATE_HIGH_qr_decode_mydesign_15
                       ForQA             saed32hvt_ss0p95v125c
SNPS_CLOCK_GATE_HIGH_qr_decode_mydesign_16
                       ForQA             saed32hvt_ss0p95v125c
SNPS_CLOCK_GATE_HIGH_qr_decode_mydesign_17
                       ForQA             saed32hvt_ss0p95v125c
SNPS_CLOCK_GATE_HIGH_qr_decode_mydesign_18
                       ForQA             saed32hvt_ss0p95v125c
SNPS_CLOCK_GATE_HIGH_qr_decode_mydesign_19
                       ForQA             saed32hvt_ss0p95v125c
SNPS_CLOCK_GATE_HIGH_qr_decode_mydesign_20
                       ForQA             saed32hvt_ss0p95v125c
SNPS_CLOCK_GATE_HIGH_qr_decode_mydesign_21
                       ForQA             saed32hvt_ss0p95v125c
SNPS_CLOCK_GATE_HIGH_qr_decode_mydesign_22
                       ForQA             saed32hvt_ss0p95v125c
SNPS_CLOCK_GATE_HIGH_qr_decode_mydesign_23
                       ForQA             saed32hvt_ss0p95v125c
SNPS_CLOCK_GATE_HIGH_qr_decode_mydesign_24
                       ForQA             saed32hvt_ss0p95v125c
SNPS_CLOCK_GATE_HIGH_qr_decode_mydesign_25
                       ForQA             saed32hvt_ss0p95v125c
SNPS_CLOCK_GATE_HIGH_qr_decode_mydesign_26
                       ForQA             saed32hvt_ss0p95v125c
SNPS_CLOCK_GATE_HIGH_qr_decode_mydesign_27
                       ForQA             saed32hvt_ss0p95v125c
SNPS_CLOCK_GATE_HIGH_qr_decode_mydesign_28
                       ForQA             saed32hvt_ss0p95v125c
SNPS_CLOCK_GATE_HIGH_qr_decode_mydesign_29
                       ForQA             saed32hvt_ss0p95v125c
SNPS_CLOCK_GATE_HIGH_qr_decode_mydesign_30
                       ForQA             saed32hvt_ss0p95v125c
SNPS_CLOCK_GATE_HIGH_qr_decode_mydesign_31
                       ForQA             saed32hvt_ss0p95v125c
SNPS_CLOCK_GATE_HIGH_qr_decode_mydesign_32
                       ForQA             saed32hvt_ss0p95v125c
SNPS_CLOCK_GATE_HIGH_qr_decode_mydesign_33
                       ForQA             saed32hvt_ss0p95v125c
SNPS_CLOCK_GATE_HIGH_qr_decode_mydesign_34
                       ForQA             saed32hvt_ss0p95v125c
SNPS_CLOCK_GATE_HIGH_qr_decode_mydesign_35
                       ForQA             saed32hvt_ss0p95v125c
SNPS_CLOCK_GATE_HIGH_qr_decode_mydesign_36
                       ForQA             saed32hvt_ss0p95v125c
SNPS_CLOCK_GATE_HIGH_qr_decode_mydesign_37
                       ForQA             saed32hvt_ss0p95v125c
SNPS_CLOCK_GATE_HIGH_qr_decode_mydesign_38
                       ForQA             saed32hvt_ss0p95v125c
SNPS_CLOCK_GATE_HIGH_qr_decode_mydesign_39
                       ForQA             saed32hvt_ss0p95v125c
SNPS_CLOCK_GATE_HIGH_qr_decode_mydesign_40
                       ForQA             saed32hvt_ss0p95v125c
SNPS_CLOCK_GATE_HIGH_qr_decode_mydesign_41
                       ForQA             saed32hvt_ss0p95v125c
SNPS_CLOCK_GATE_HIGH_qr_decode_mydesign_42
                       ForQA             saed32hvt_ss0p95v125c
SNPS_CLOCK_GATE_HIGH_qr_decode_mydesign_43
                       ForQA             saed32hvt_ss0p95v125c
SNPS_CLOCK_GATE_HIGH_qr_decode_mydesign_44
                       ForQA             saed32hvt_ss0p95v125c
SNPS_CLOCK_GATE_HIGH_qr_decode_mydesign_45
                       ForQA             saed32hvt_ss0p95v125c
SNPS_CLOCK_GATE_HIGH_qr_decode_mydesign_46
                       ForQA             saed32hvt_ss0p95v125c
SNPS_CLOCK_GATE_HIGH_qr_decode_mydesign_47
                       ForQA             saed32hvt_ss0p95v125c
SNPS_CLOCK_GATE_HIGH_qr_decode_mydesign_48
                       ForQA             saed32hvt_ss0p95v125c
SNPS_CLOCK_GATE_HIGH_qr_decode_mydesign_49
                       ForQA             saed32hvt_ss0p95v125c
SNPS_CLOCK_GATE_HIGH_qr_decode_mydesign_50
                       ForQA             saed32hvt_ss0p95v125c
SNPS_CLOCK_GATE_HIGH_qr_decode_mydesign_51
                       ForQA             saed32hvt_ss0p95v125c
SNPS_CLOCK_GATE_HIGH_qr_decode_mydesign_52
                       ForQA             saed32hvt_ss0p95v125c
SNPS_CLOCK_GATE_HIGH_qr_decode_mydesign_53
                       ForQA             saed32hvt_ss0p95v125c
SNPS_CLOCK_GATE_HIGH_qr_decode_mydesign_54
                       ForQA             saed32hvt_ss0p95v125c
SNPS_CLOCK_GATE_HIGH_qr_decode_mydesign_55
                       ForQA             saed32hvt_ss0p95v125c
SNPS_CLOCK_GATE_HIGH_qr_decode_mydesign_56
                       ForQA             saed32hvt_ss0p95v125c
SNPS_CLOCK_GATE_HIGH_qr_decode_mydesign_57
                       ForQA             saed32hvt_ss0p95v125c
SNPS_CLOCK_GATE_HIGH_qr_decode_mydesign_58
                       ForQA             saed32hvt_ss0p95v125c
SNPS_CLOCK_GATE_HIGH_qr_decode_mydesign_59
                       ForQA             saed32hvt_ss0p95v125c
SNPS_CLOCK_GATE_HIGH_qr_decode_mydesign_60
                       ForQA             saed32hvt_ss0p95v125c
SNPS_CLOCK_GATE_HIGH_qr_decode_mydesign_61
                       ForQA             saed32hvt_ss0p95v125c
SNPS_CLOCK_GATE_HIGH_qr_decode_mydesign_62
                       ForQA             saed32hvt_ss0p95v125c
SNPS_CLOCK_GATE_HIGH_qr_decode_mydesign_63
                       ForQA             saed32hvt_ss0p95v125c
SNPS_CLOCK_GATE_HIGH_qr_decode_mydesign_64
                       ForQA             saed32hvt_ss0p95v125c
SNPS_CLOCK_GATE_HIGH_qr_decode_mydesign_65
                       ForQA             saed32hvt_ss0p95v125c
SNPS_CLOCK_GATE_HIGH_qr_decode_mydesign_66
                       ForQA             saed32hvt_ss0p95v125c
SNPS_CLOCK_GATE_HIGH_qr_decode_mydesign_67
                       ForQA             saed32hvt_ss0p95v125c
SNPS_CLOCK_GATE_HIGH_qr_decode_mydesign_68
                       ForQA             saed32hvt_ss0p95v125c
SNPS_CLOCK_GATE_HIGH_qr_decode_mydesign_69
                       ForQA             saed32hvt_ss0p95v125c
SNPS_CLOCK_GATE_HIGH_qr_decode_mydesign_70
                       ForQA             saed32hvt_ss0p95v125c
SNPS_CLOCK_GATE_HIGH_qr_decode_mydesign_71
                       ForQA             saed32hvt_ss0p95v125c
SNPS_CLOCK_GATE_HIGH_qr_decode_mydesign_72
                       ForQA             saed32hvt_ss0p95v125c
SNPS_CLOCK_GATE_HIGH_qr_decode_mydesign_73
                       ForQA             saed32hvt_ss0p95v125c
SNPS_CLOCK_GATE_HIGH_qr_decode_mydesign_74
                       ForQA             saed32hvt_ss0p95v125c
SNPS_CLOCK_GATE_HIGH_qr_decode_mydesign_75
                       ForQA             saed32hvt_ss0p95v125c
SNPS_CLOCK_GATE_HIGH_qr_decode_mydesign_76
                       ForQA             saed32hvt_ss0p95v125c
SNPS_CLOCK_GATE_HIGH_qr_decode_mydesign_77
                       ForQA             saed32hvt_ss0p95v125c
SNPS_CLOCK_GATE_HIGH_qr_decode_mydesign_78
                       ForQA             saed32hvt_ss0p95v125c
SNPS_CLOCK_GATE_HIGH_qr_decode_mydesign_79
                       ForQA             saed32hvt_ss0p95v125c
SNPS_CLOCK_GATE_HIGH_qr_decode_mydesign_80
                       ForQA             saed32hvt_ss0p95v125c
SNPS_CLOCK_GATE_HIGH_qr_decode_mydesign_81
                       ForQA             saed32hvt_ss0p95v125c
SNPS_CLOCK_GATE_HIGH_qr_decode_mydesign_82
                       ForQA             saed32hvt_ss0p95v125c
SNPS_CLOCK_GATE_HIGH_qr_decode_mydesign_83
                       ForQA             saed32hvt_ss0p95v125c
SNPS_CLOCK_GATE_HIGH_qr_decode_mydesign_84
                       ForQA             saed32hvt_ss0p95v125c
SNPS_CLOCK_GATE_HIGH_qr_decode_mydesign_85
                       ForQA             saed32hvt_ss0p95v125c
SNPS_CLOCK_GATE_HIGH_qr_decode_mydesign_86
                       ForQA             saed32hvt_ss0p95v125c
SNPS_CLOCK_GATE_HIGH_qr_decode_mydesign_87
                       ForQA             saed32hvt_ss0p95v125c
SNPS_CLOCK_GATE_HIGH_qr_decode_mydesign_88
                       ForQA             saed32hvt_ss0p95v125c
SNPS_CLOCK_GATE_HIGH_qr_decode_mydesign_89
                       ForQA             saed32hvt_ss0p95v125c
SNPS_CLOCK_GATE_HIGH_qr_decode_mydesign_90
                       ForQA             saed32hvt_ss0p95v125c
SNPS_CLOCK_GATE_HIGH_qr_decode_mydesign_91
                       ForQA             saed32hvt_ss0p95v125c
SNPS_CLOCK_GATE_HIGH_qr_decode_mydesign_92
                       ForQA             saed32hvt_ss0p95v125c
SNPS_CLOCK_GATE_HIGH_qr_decode_mydesign_93
                       ForQA             saed32hvt_ss0p95v125c
SNPS_CLOCK_GATE_HIGH_qr_decode_mydesign_94
                       ForQA             saed32hvt_ss0p95v125c
SNPS_CLOCK_GATE_HIGH_qr_decode_mydesign_95
                       ForQA             saed32hvt_ss0p95v125c
SNPS_CLOCK_GATE_HIGH_qr_decode_mydesign_96
                       ForQA             saed32hvt_ss0p95v125c
SNPS_CLOCK_GATE_HIGH_qr_decode_mydesign_97
                       ForQA             saed32hvt_ss0p95v125c
SNPS_CLOCK_GATE_HIGH_qr_decode_mydesign_98
                       ForQA             saed32hvt_ss0p95v125c
SNPS_CLOCK_GATE_HIGH_qr_decode_mydesign_99
                       ForQA             saed32hvt_ss0p95v125c
SNPS_CLOCK_GATE_HIGH_qr_decode_mydesign_100
                       ForQA             saed32hvt_ss0p95v125c
SNPS_CLOCK_GATE_HIGH_qr_decode_mydesign_101
                       ForQA             saed32hvt_ss0p95v125c
SNPS_CLOCK_GATE_HIGH_qr_decode_mydesign_102
                       ForQA             saed32hvt_ss0p95v125c
SNPS_CLOCK_GATE_HIGH_qr_decode_mydesign_103
                       ForQA             saed32hvt_ss0p95v125c
SNPS_CLOCK_GATE_HIGH_qr_decode_mydesign_104
                       ForQA             saed32hvt_ss0p95v125c
SNPS_CLOCK_GATE_HIGH_qr_decode_mydesign_105
                       ForQA             saed32hvt_ss0p95v125c
SNPS_CLOCK_GATE_HIGH_qr_decode_mydesign_106
                       ForQA             saed32hvt_ss0p95v125c
SNPS_CLOCK_GATE_HIGH_qr_decode_mydesign_107
                       ForQA             saed32hvt_ss0p95v125c
SNPS_CLOCK_GATE_HIGH_qr_decode_mydesign_108
                       ForQA             saed32hvt_ss0p95v125c
SNPS_CLOCK_GATE_HIGH_qr_decode_mydesign_109
                       ForQA             saed32hvt_ss0p95v125c
SNPS_CLOCK_GATE_HIGH_qr_decode_mydesign_110
                       ForQA             saed32hvt_ss0p95v125c
SNPS_CLOCK_GATE_HIGH_qr_decode_mydesign_111
                       ForQA             saed32hvt_ss0p95v125c
SNPS_CLOCK_GATE_HIGH_qr_decode_mydesign_112
                       ForQA             saed32hvt_ss0p95v125c
SNPS_CLOCK_GATE_HIGH_qr_decode_mydesign_113
                       ForQA             saed32hvt_ss0p95v125c
SNPS_CLOCK_GATE_HIGH_qr_decode_mydesign_114
                       ForQA             saed32hvt_ss0p95v125c
SNPS_CLOCK_GATE_HIGH_qr_decode_mydesign_115
                       ForQA             saed32hvt_ss0p95v125c
SNPS_CLOCK_GATE_HIGH_qr_decode_mydesign_116
                       ForQA             saed32hvt_ss0p95v125c
SNPS_CLOCK_GATE_HIGH_qr_decode_mydesign_117
                       ForQA             saed32hvt_ss0p95v125c
SNPS_CLOCK_GATE_HIGH_qr_decode_mydesign_118
                       ForQA             saed32hvt_ss0p95v125c
SNPS_CLOCK_GATE_HIGH_qr_decode_mydesign_119
                       ForQA             saed32hvt_ss0p95v125c
SNPS_CLOCK_GATE_HIGH_qr_decode_mydesign_120
                       ForQA             saed32hvt_ss0p95v125c
SNPS_CLOCK_GATE_HIGH_qr_decode_mydesign_121
                       ForQA             saed32hvt_ss0p95v125c
SNPS_CLOCK_GATE_HIGH_qr_decode_mydesign_122
                       ForQA             saed32hvt_ss0p95v125c
SNPS_CLOCK_GATE_HIGH_qr_decode_mydesign_123
                       ForQA             saed32hvt_ss0p95v125c
SNPS_CLOCK_GATE_HIGH_qr_decode_mydesign_124
                       ForQA             saed32hvt_ss0p95v125c
SNPS_CLOCK_GATE_HIGH_qr_decode_mydesign_125
                       ForQA             saed32hvt_ss0p95v125c
SNPS_CLOCK_GATE_HIGH_qr_decode_mydesign_127
                       ForQA             saed32hvt_ss0p95v125c
SNPS_CLOCK_GATE_HIGH_qr_decode_mydesign_128
                       ForQA             saed32hvt_ss0p95v125c
SNPS_CLOCK_GATE_HIGH_qr_decode_mydesign_129
                       ForQA             saed32hvt_ss0p95v125c
SNPS_CLOCK_GATE_HIGH_qr_decode_mydesign_130
                       ForQA             saed32hvt_ss0p95v125c
SNPS_CLOCK_GATE_HIGH_qr_decode_mydesign_131
                       ForQA             saed32hvt_ss0p95v125c
SNPS_CLOCK_GATE_HIGH_qr_decode_mydesign_132
                       ForQA             saed32hvt_ss0p95v125c
SNPS_CLOCK_GATE_HIGH_qr_decode_mydesign_133
                       ForQA             saed32hvt_ss0p95v125c
num2pw_mydesign_0      8000              saed32hvt_ss0p95v125c
num2pw_mydesign_1      8000              saed32hvt_ss0p95v125c
num2pw_mydesign_2      8000              saed32hvt_ss0p95v125c
num2pw_mydesign_3      8000              saed32hvt_ss0p95v125c
num2pw_mydesign_4      8000              saed32hvt_ss0p95v125c
num2pw_mydesign_5      8000              saed32hvt_ss0p95v125c
num2pw_mydesign_6      8000              saed32hvt_ss0p95v125c
num2pw_mydesign_7      8000              saed32hvt_ss0p95v125c
num2pw_mydesign_8      8000              saed32hvt_ss0p95v125c
num2pw_mydesign_9      8000              saed32hvt_ss0p95v125c
num2pw_mydesign_10     8000              saed32hvt_ss0p95v125c
num2pw_mydesign_11     8000              saed32hvt_ss0p95v125c
num2pw_mydesign_12     8000              saed32hvt_ss0p95v125c
num2pw_mydesign_13     8000              saed32hvt_ss0p95v125c
num2pw_mydesign_14     8000              saed32hvt_ss0p95v125c
num2pw_mydesign_15     8000              saed32hvt_ss0p95v125c
num2pw_mydesign_16     8000              saed32hvt_ss0p95v125c
num2pw_mydesign_17     8000              saed32hvt_ss0p95v125c
num2pw_mydesign_18     8000              saed32hvt_ss0p95v125c
num2pw_mydesign_19     8000              saed32hvt_ss0p95v125c
num2pw_mydesign_20     8000              saed32hvt_ss0p95v125c
num2pw_mydesign_21     8000              saed32hvt_ss0p95v125c
num2pw_mydesign_22     8000              saed32hvt_ss0p95v125c
num2pw_mydesign_23     8000              saed32hvt_ss0p95v125c
num2pw_mydesign_24     8000              saed32hvt_ss0p95v125c
num2pw_mydesign_25     8000              saed32hvt_ss0p95v125c
num2pw_mydesign_26     8000              saed32hvt_ss0p95v125c
num2pw_mydesign_27     8000              saed32hvt_ss0p95v125c
num2pw_mydesign_28     8000              saed32hvt_ss0p95v125c
num2pw_mydesign_29     8000              saed32hvt_ss0p95v125c
num2pw_mydesign_30     8000              saed32hvt_ss0p95v125c
num2pw_mydesign_31     8000              saed32hvt_ss0p95v125c
num2pw_mydesign_32     8000              saed32hvt_ss0p95v125c
num2pw_mydesign_33     8000              saed32hvt_ss0p95v125c
num2pw_mydesign_34     8000              saed32hvt_ss0p95v125c
num2pw_mydesign_35     8000              saed32hvt_ss0p95v125c
num2pw_mydesign_36     8000              saed32hvt_ss0p95v125c
num2pw_mydesign_37     8000              saed32hvt_ss0p95v125c
num2pw_mydesign_38     8000              saed32hvt_ss0p95v125c
num2pw_mydesign_39     8000              saed32hvt_ss0p95v125c
num2pw_mydesign_40     8000              saed32hvt_ss0p95v125c
num2pw_mydesign_41     8000              saed32hvt_ss0p95v125c
num2pw_mydesign_42     8000              saed32hvt_ss0p95v125c
num2pw_mydesign_43     8000              saed32hvt_ss0p95v125c
num2pw_mydesign_44     8000              saed32hvt_ss0p95v125c
num2pw_mydesign_45     8000              saed32hvt_ss0p95v125c
num2pw_mydesign_46     8000              saed32hvt_ss0p95v125c
num2pw_mydesign_47     8000              saed32hvt_ss0p95v125c
num2pw_mydesign_48     8000              saed32hvt_ss0p95v125c
num2pw_mydesign_49     8000              saed32hvt_ss0p95v125c
num2pw_mydesign_50     8000              saed32hvt_ss0p95v125c
num2pw_mydesign_51     8000              saed32hvt_ss0p95v125c
num2pw_mydesign_52     8000              saed32hvt_ss0p95v125c
num2pw_mydesign_53     8000              saed32hvt_ss0p95v125c
num2pw_mydesign_54     8000              saed32hvt_ss0p95v125c
num2pw_mydesign_55     8000              saed32hvt_ss0p95v125c
num2pw_mydesign_56     8000              saed32hvt_ss0p95v125c
num2pw_mydesign_57     8000              saed32hvt_ss0p95v125c
num2pw_mydesign_58     8000              saed32hvt_ss0p95v125c
num2pw_mydesign_59     8000              saed32hvt_ss0p95v125c
num2pw_mydesign_60     8000              saed32hvt_ss0p95v125c
num2pw_mydesign_61     8000              saed32hvt_ss0p95v125c
num2pw_mydesign_62     8000              saed32hvt_ss0p95v125c
num2pw_mydesign_63     8000              saed32hvt_ss0p95v125c
num2pw_mydesign_64     8000              saed32hvt_ss0p95v125c
num2pw_mydesign_65     8000              saed32hvt_ss0p95v125c
num2pw_mydesign_66     8000              saed32hvt_ss0p95v125c
num2pw_mydesign_67     8000              saed32hvt_ss0p95v125c
num2pw_mydesign_68     8000              saed32hvt_ss0p95v125c
num2pw_mydesign_69     8000              saed32hvt_ss0p95v125c
num2pw_mydesign_70     8000              saed32hvt_ss0p95v125c
num2pw_mydesign_71     8000              saed32hvt_ss0p95v125c
num2pw_mydesign_72     8000              saed32hvt_ss0p95v125c
num2pw_mydesign_73     8000              saed32hvt_ss0p95v125c
num2pw_mydesign_74     8000              saed32hvt_ss0p95v125c
num2pw_mydesign_75     8000              saed32hvt_ss0p95v125c
num2pw_mydesign_76     8000              saed32hvt_ss0p95v125c
num2pw_mydesign_77     8000              saed32hvt_ss0p95v125c
num2pw_mydesign_78     8000              saed32hvt_ss0p95v125c
num2pw_mydesign_79     8000              saed32hvt_ss0p95v125c
num2pw_mydesign_80     8000              saed32hvt_ss0p95v125c
num2pw_mydesign_81     8000              saed32hvt_ss0p95v125c
num2pw_mydesign_82     8000              saed32hvt_ss0p95v125c
num2pw_mydesign_83     8000              saed32hvt_ss0p95v125c
num2pw_mydesign_84     8000              saed32hvt_ss0p95v125c
num2pw_mydesign_85     8000              saed32hvt_ss0p95v125c
num2pw_mydesign_86     8000              saed32hvt_ss0p95v125c
num2pw_mydesign_87     8000              saed32hvt_ss0p95v125c
num2pw_mydesign_88     8000              saed32hvt_ss0p95v125c
num2pw_mydesign_89     8000              saed32hvt_ss0p95v125c
num2pw_mydesign_90     8000              saed32hvt_ss0p95v125c
num2pw_mydesign_91     8000              saed32hvt_ss0p95v125c
num2pw_mydesign_92     8000              saed32hvt_ss0p95v125c
num2pw_mydesign_93     8000              saed32hvt_ss0p95v125c
num2pw_mydesign_94     8000              saed32hvt_ss0p95v125c
num2pw_mydesign_95     8000              saed32hvt_ss0p95v125c
num2pw_mydesign_96     8000              saed32hvt_ss0p95v125c
num2pw_mydesign_97     8000              saed32hvt_ss0p95v125c
num2pw_mydesign_98     8000              saed32hvt_ss0p95v125c
num2pw_mydesign_99     8000              saed32hvt_ss0p95v125c
num2pw_mydesign_100    8000              saed32hvt_ss0p95v125c
num2pw_mydesign_101    8000              saed32hvt_ss0p95v125c
num2pw_mydesign_102    8000              saed32hvt_ss0p95v125c
num2pw_mydesign_103    8000              saed32hvt_ss0p95v125c
num2pw_mydesign_104    8000              saed32hvt_ss0p95v125c
num2pw_mydesign_105    8000              saed32hvt_ss0p95v125c
num2pw_mydesign_106    8000              saed32hvt_ss0p95v125c


Global Operating Voltage = 0.95 
Power-specific unit information :
    Voltage Units = 1V
    Capacitance Units = 1.000000ff
    Time Units = 1ns
    Dynamic Power Units = 1uW    (derived from V,C,T units)
    Leakage Power Units = 1pW


--------------------------------------------------------------------------------
                                       Switch   Int      Leak     Total
Hierarchy                              Power    Power    Power    Power    %
--------------------------------------------------------------------------------
qr_decode                               170.120 1.33e+03 1.90e+09 3.40e+03 100.0
  U228 (pw2num_mydesign_0)                0.175    0.252 4.09e+06    4.518   0.1
  U227 (pw2num_mydesign_1)                0.166    0.236 4.09e+06    4.496   0.1
  U226 (pw2num_mydesign_2)                0.175    0.248 4.09e+06    4.512   0.1
  U225 (pw2num_mydesign_3)                0.175    0.249 4.09e+06    4.517   0.1
  U224 (num2pw_mydesign_0)                0.137    0.253 6.80e+06    7.186   0.2
  U223 (pw2num_mydesign_4)                0.251    0.403 4.02e+06    4.679   0.1
  U222 (pw2num_mydesign_5)                0.168    0.232 4.02e+06    4.422   0.1
  U221 (pw2num_mydesign_6)                0.260    0.424 4.02e+06    4.706   0.1
  U220 (pw2num_mydesign_7)                0.542    0.847 4.18e+06    5.566   0.2
  U219 (pw2num_mydesign_8)                0.339    0.538 4.16e+06    5.041   0.1
  U218 (pw2num_mydesign_9)             1.52e-02 2.58e-02 4.14e+06    4.184   0.1
  U217 (pw2num_mydesign_10)            1.94e-02 3.53e-02 4.14e+06    4.198   0.1
  U216 (pw2num_mydesign_11)            1.99e-02 3.52e-02 4.14e+06    4.199   0.1
  U215 (pw2num_mydesign_12)               0.335    0.560 4.09e+06    4.989   0.1
  U214 (pw2num_mydesign_13)               0.159    0.297 4.12e+06    4.575   0.1
  U213 (pw2num_mydesign_14)               0.164    0.305 4.12e+06    4.590   0.1
  U212 (pw2num_mydesign_15)               0.316    0.501 4.10e+06    4.916   0.1
  U211 (pw2num_mydesign_16)               0.563    0.906 4.11e+06    5.583   0.2
  U210 (pw2num_mydesign_17)               0.574    0.920 4.11e+06    5.604   0.2
  U209 (pw2num_mydesign_18)               0.168    0.305 4.13e+06    4.602   0.1
  U208 (pw2num_mydesign_19)               0.171    0.329 4.06e+06    4.562   0.1
  U207 (pw2num_mydesign_20)               0.138    0.265 4.09e+06    4.489   0.1
  U206 (pw2num_mydesign_21)               0.177    0.345 4.07e+06    4.588   0.1
  U205 (pw2num_mydesign_22)               0.361    0.609 4.11e+06    5.079   0.1
  U204 (pw2num_mydesign_23)               0.297    0.536 4.09e+06    4.918   0.1
  U203 (pw2num_mydesign_24)               0.316    0.531 4.07e+06    4.913   0.1
  U202 (pw2num_mydesign_25)               0.294    0.529 4.08e+06    4.906   0.1
  U201 (pw2num_mydesign_26)               0.362    0.608 4.11e+06    5.075   0.1
  U200 (pw2num_mydesign_27)               0.296    0.534 4.09e+06    4.915   0.1
  U199 (pw2num_mydesign_28)               0.327    0.555 4.06e+06    4.947   0.1
  U198 (pw2num_mydesign_29)               0.289    0.517 4.09e+06    4.894   0.1
  U197 (pw2num_mydesign_30)               0.155    0.290 4.13e+06    4.577   0.1
  U196 (pw2num_mydesign_31)               0.114    0.190 2.22e+06    2.526   0.1
  U195 (pw2num_mydesign_32)               0.112    0.193 2.19e+06    2.491   0.1
  U194 (pw2num_mydesign_33)               0.114    0.192 2.21e+06    2.516   0.1
  U192 (pw2num_mydesign_34)               0.315    0.553 4.10e+06    4.970   0.1
  U191 (pw2num_mydesign_35)               0.347    0.611 4.09e+06    5.053   0.1
  U190 (pw2num_mydesign_36)               0.322    0.570 4.07e+06    4.964   0.1
  U189 (pw2num_mydesign_37)               0.343    0.602 4.11e+06    5.054   0.1
  U187 (pw2num_mydesign_38)               0.342    0.594 4.11e+06    5.048   0.1
  U186 (pw2num_mydesign_39)               0.153    0.250 2.14e+06    2.539   0.1
  U185 (pw2num_mydesign_40)               0.175    0.270 2.13e+06    2.576   0.1
  U184 (pw2num_mydesign_41)               0.152    0.247 2.15e+06    2.548   0.1
  U182 (pw2num_mydesign_42)            1.39e-02 2.55e-02 4.14e+06    4.183   0.1
  U181 (pw2num_mydesign_43)               0.244    0.293 1.74e+06    2.273   0.1
  U180 (pw2num_mydesign_44)               0.276    0.350 1.70e+06    2.328   0.1
  U179 (pw2num_mydesign_45)               0.245    0.295 1.76e+06    2.305   0.1
  U176 (num2pw_mydesign_1)                0.124    0.232 6.80e+06    7.152   0.2
  U175 (num2pw_mydesign_2)                0.137    0.257 6.79e+06    7.186   0.2
  U174 (num2pw_mydesign_3)                0.125    0.234 6.79e+06    7.154   0.2
  U173 (num2pw_mydesign_4)                0.130    0.244 6.80e+06    7.171   0.2
  U172 (num2pw_mydesign_5)                0.146    0.272 6.79e+06    7.212   0.2
  U171 (num2pw_mydesign_6)                0.129    0.243 6.91e+06    7.278   0.2
  U170 (num2pw_mydesign_7)                0.140    0.264 6.79e+06    7.198   0.2
  U169 (num2pw_mydesign_8)                0.153    0.284 6.79e+06    7.228   0.2
  U168 (num2pw_mydesign_9)                0.327    0.586 6.74e+06    7.653   0.2
  U167 (num2pw_mydesign_10)               0.332    0.594 6.74e+06    7.667   0.2
  U166 (num2pw_mydesign_11)               0.338    0.605 6.74e+06    7.685   0.2
  U165 (num2pw_mydesign_12)               0.178    0.320 6.79e+06    7.285   0.2
  U164 (num2pw_mydesign_13)               0.303    0.532 6.80e+06    7.637   0.2
  U163 (num2pw_mydesign_14)               0.294    0.530 6.80e+06    7.621   0.2
  U162 (num2pw_mydesign_15)               0.307    0.556 6.79e+06    7.657   0.2
  U161 (num2pw_mydesign_16)               0.513    0.926 6.76e+06    8.203   0.2
  U160 (num2pw_mydesign_17)               0.616    1.029 6.79e+06    8.435   0.2
  U159 (num2pw_mydesign_18)               0.366    0.662 6.77e+06    7.802   0.2
  U158 (num2pw_mydesign_19)               0.582    1.011 6.79e+06    8.379   0.2
  U137 (pw2num_mydesign_46)               0.277    0.371 2.22e+06    2.865   0.1
  U136 (pw2num_mydesign_47)               0.418    0.681 4.07e+06    5.172   0.2
  U135 (pw2num_mydesign_48)               0.384    0.630 4.05e+06    5.063   0.1
  U134 (pw2num_mydesign_49)            6.29e-03 7.97e-03 4.15e+06    4.162   0.1
  U133 (pw2num_mydesign_50)            1.19e-03 1.89e-03 4.15e+06    4.150   0.1
  U132 (num2pw_mydesign_20)               0.122    0.227 6.80e+06    7.151   0.2
  U131 (pw2num_mydesign_51)               0.173    0.288 4.14e+06    4.601   0.1
  U130 (pw2num_mydesign_52)               0.312    0.530 4.11e+06    4.956   0.1
  U129 (pw2num_mydesign_53)               0.369    0.579 4.12e+06    5.065   0.1
  U128 (pw2num_mydesign_54)            1.45e-03 2.27e-03 4.18e+06    4.186   0.1
  U127 (pw2num_mydesign_55)            1.22e-03 1.86e-03 4.18e+06    4.185   0.1
  U126 (pw2num_mydesign_56)            1.99e-03 2.13e-03 4.21e+06    4.211   0.1
  U125 (pw2num_mydesign_57)            1.62e-03 2.42e-03 4.15e+06    4.151   0.1
  U124 (pw2num_mydesign_58)            1.19e-03 2.09e-03 4.15e+06    4.150   0.1
  U123 (pw2num_mydesign_59)            2.18e-02 3.83e-02 4.14e+06    4.205   0.1
  U122 (pw2num_mydesign_60)            2.32e-02 4.11e-02 4.14e+06    4.209   0.1
  U121 (pw2num_mydesign_61)            2.11e-02 3.75e-02 4.14e+06    4.203   0.1
  U120 (pw2num_mydesign_62)            1.85e-02 3.18e-02 4.14e+06    4.195   0.1
  U119 (pw2num_mydesign_63)            1.61e-02 2.83e-02 4.15e+06    4.190   0.1
  U118 (pw2num_mydesign_64)            1.50e-02 2.59e-02 4.14e+06    4.186   0.1
  U117 (pw2num_mydesign_65)               0.326    0.559 4.12e+06    5.004   0.1
  U116 (pw2num_mydesign_66)               0.117    0.101 4.14e+06    4.358   0.1
  U115 (pw2num_mydesign_67)               0.335    0.448 4.09e+06    4.873   0.1
  U114 (pw2num_mydesign_68)               0.375    0.544 4.13e+06    5.052   0.1
  U113 (pw2num_mydesign_69)            9.95e-02    0.111 4.14e+06    4.353   0.1
  U112 (pw2num_mydesign_70)               0.279    0.425 4.10e+06    4.802   0.1
  U111 (pw2num_mydesign_71)               0.322    0.543 4.14e+06    5.003   0.1
  U110 (pw2num_mydesign_72)               0.148    0.268 4.13e+06    4.550   0.1
  U109 (pw2num_mydesign_73)               0.284    0.434 4.09e+06    4.811   0.1
  U108 (pw2num_mydesign_74)               0.319    0.537 4.13e+06    4.991   0.1
  U107 (pw2num_mydesign_75)               0.150    0.271 4.14e+06    4.557   0.1
  U106 (pw2num_mydesign_76)               0.302    0.514 4.11e+06    4.922   0.1
  U104c (num2pw_mydesign_21)              0.122    0.229 6.79e+06    7.146   0.2
  U105 (num2pw_mydesign_22)               0.123    0.232 6.80e+06    7.150   0.2
  U104 (num2pw_mydesign_23)               0.127    0.241 6.80e+06    7.163   0.2
  U103 (num2pw_mydesign_24)               0.125    0.236 6.80e+06    7.161   0.2
  U102 (num2pw_mydesign_25)               0.129    0.241 6.79e+06    7.164   0.2
  U101 (num2pw_mydesign_26)               0.123    0.230 6.80e+06    7.151   0.2
  U100 (num2pw_mydesign_27)               0.121    0.226 6.80e+06    7.142   0.2
  U99 (num2pw_mydesign_28)                0.133    0.246 6.80e+06    7.177   0.2
  U98 (num2pw_mydesign_29)                0.130    0.241 6.80e+06    7.170   0.2
  U97 (num2pw_mydesign_30)                0.130    0.241 6.79e+06    7.165   0.2
  U96 (num2pw_mydesign_31)                0.138    0.260 6.79e+06    7.191   0.2
  U95 (num2pw_mydesign_32)                0.144    0.263 6.79e+06    7.201   0.2
  U94 (num2pw_mydesign_33)                0.143    0.264 6.80e+06    7.203   0.2
  U93 (num2pw_mydesign_34)                0.145    0.263 6.79e+06    7.203   0.2
  U92 (num2pw_mydesign_35)                0.140    0.262 6.80e+06    7.199   0.2
  U91 (num2pw_mydesign_36)                0.135    0.256 6.77e+06    7.165   0.2
  U90 (num2pw_mydesign_37)                0.130    0.246 6.77e+06    7.143   0.2
  U89 (num2pw_mydesign_38)                0.125    0.233 6.77e+06    7.131   0.2
  U88 (num2pw_mydesign_39)                0.130    0.244 6.77e+06    7.148   0.2
  U87 (num2pw_mydesign_40)                0.522    0.923 6.72e+06    8.164   0.2
  U86 (num2pw_mydesign_41)                0.160    0.307 6.76e+06    7.228   0.2
  U85 (num2pw_mydesign_42)                0.571    1.007 6.74e+06    8.319   0.2
  U84 (num2pw_mydesign_43)                0.385    0.688 6.77e+06    7.844   0.2
  U83 (num2pw_mydesign_44)                0.400    0.722 6.78e+06    7.898   0.2
  U82 (num2pw_mydesign_45)                0.171    0.308 6.76e+06    7.238   0.2
  U81 (num2pw_mydesign_46)                0.634    1.005 6.79e+06    8.427   0.2
  U80 (num2pw_mydesign_47)                0.429    0.692 6.80e+06    7.921   0.2
  U79 (num2pw_mydesign_48)                0.432    0.732 6.78e+06    7.940   0.2
  U78 (num2pw_mydesign_49)                0.348    0.629 6.74e+06    7.714   0.2
  U77 (num2pw_mydesign_50)                0.647    1.013 6.76e+06    8.421   0.2
  U76 (num2pw_mydesign_51)                0.440    0.711 6.80e+06    7.948   0.2
  U75 (num2pw_mydesign_52)                0.434    0.729 6.78e+06    7.940   0.2
  U74 (num2pw_mydesign_53)                0.389    0.662 6.74e+06    7.791   0.2
  U73 (num2pw_mydesign_54)                0.501    0.818 6.77e+06    8.090   0.2
  U72 (num2pw_mydesign_55)                0.398    0.702 6.79e+06    7.892   0.2
  U71 (num2pw_mydesign_56)                0.431    0.721 6.78e+06    7.931   0.2
  U70 (num2pw_mydesign_57)                0.385    0.659 6.76e+06    7.807   0.2
  U69 (num2pw_mydesign_58)                0.516    0.834 6.77e+06    8.117   0.2
  U68 (num2pw_mydesign_59)                0.140    0.263 6.79e+06    7.194   0.2
  U63 (num2pw_mydesign_60)                0.421    0.721 6.78e+06    7.918   0.2
  U62 (num2pw_mydesign_61)                0.380    0.653 6.73e+06    7.763   0.2
  U61 (num2pw_mydesign_62)                0.497    0.822 6.77e+06    8.089   0.2
  U60 (num2pw_mydesign_63)                0.140    0.260 6.79e+06    7.193   0.2
  U59 (pw2num_mydesign_77)                0.646    1.113 4.01e+06    5.772   0.2
  U58 (pw2num_mydesign_78)                0.542    0.879 4.09e+06    5.507   0.2
  U57 (pw2num_mydesign_79)                0.601    1.025 4.04e+06    5.664   0.2
  U56 (pw2num_mydesign_80)                0.653    1.061 4.05e+06    5.765   0.2
  U55 (pw2num_mydesign_81)                0.639    1.066 4.07e+06    5.779   0.2
  U54 (pw2num_mydesign_82)                0.636    1.075 4.10e+06    5.809   0.2
  U53 (pw2num_mydesign_83)                0.617    1.078 4.03e+06    5.725   0.2
  U52 (pw2num_mydesign_84)                0.470    0.725 4.09e+06    5.289   0.2
  U43 (num2pw_mydesign_64)                0.811    1.540 6.75e+06    9.097   0.3
  U42 (num2pw_mydesign_65)                0.650    1.299 6.75e+06    8.703   0.3
  U41 (num2pw_mydesign_66)                0.600    1.150 6.71e+06    8.461   0.2
  U40 (num2pw_mydesign_67)                0.571    1.207 6.74e+06    8.521   0.3
  U39 (num2pw_mydesign_68)                0.510    0.967 6.78e+06    8.253   0.2
  U38 (num2pw_mydesign_69)                0.324    0.565 6.78e+06    7.673   0.2
  U37 (num2pw_mydesign_70)                0.344    0.691 6.82e+06    7.850   0.2
  U36 (num2pw_mydesign_71)                0.628    1.255 6.78e+06    8.665   0.3
  U35 (num2pw_mydesign_72)                0.641    1.281 6.80e+06    8.718   0.3
  U34 (num2pw_mydesign_73)                0.609    1.235 6.72e+06    8.562   0.3
  U33 (num2pw_mydesign_74)                0.636    1.227 6.79e+06    8.657   0.3
  U32 (num2pw_mydesign_75)                0.438    0.858 6.75e+06    8.046   0.2
  U31 (num2pw_mydesign_76)                0.584    1.134 6.76e+06    8.481   0.2
  U30 (num2pw_mydesign_77)                0.926    1.746 6.75e+06    9.422   0.3
  U29 (num2pw_mydesign_78)                0.650    1.168 6.78e+06    8.599   0.3
  U28 (num2pw_mydesign_79)                0.728    1.267 6.77e+06    8.769   0.3
  U27 (num2pw_mydesign_80)                0.676    1.178 6.80e+06    8.650   0.3
  U26 (num2pw_mydesign_81)                0.801    1.452 6.80e+06    9.058   0.3
  U25 (num2pw_mydesign_82)                0.783    1.307 6.80e+06    8.887   0.3
  U24 (num2pw_mydesign_83)                0.516    0.921 6.75e+06    8.190   0.2
  U23 (num2pw_mydesign_84)                0.605    1.118 6.80e+06    8.519   0.3
  U22 (num2pw_mydesign_85)                0.264    0.501 6.79e+06    7.557   0.2
  U21 (num2pw_mydesign_86)                0.410    0.751 6.78e+06    7.939   0.2
  U20 (num2pw_mydesign_87)                0.240    0.449 6.83e+06    7.518   0.2
  U19 (num2pw_mydesign_88)                0.296    0.549 6.76e+06    7.603   0.2
  U18 (num2pw_mydesign_89)                0.772    1.521 6.77e+06    9.064   0.3
  U17 (num2pw_mydesign_90)                0.416    0.853 6.74e+06    8.007   0.2
  U16 (num2pw_mydesign_91)                0.584    1.138 6.75e+06    8.472   0.2
  U15 (num2pw_mydesign_92)                0.738    1.460 6.74e+06    8.942   0.3
  U14 (num2pw_mydesign_93)                0.770    1.499 6.75e+06    9.018   0.3
  U13 (num2pw_mydesign_94)                0.651    1.233 6.83e+06    8.714   0.3
  U12 (num2pw_mydesign_95)                0.766    1.508 6.76e+06    9.034   0.3
  U11 (num2pw_mydesign_96)                0.793    1.502 6.76e+06    9.060   0.3
  U10 (num2pw_mydesign_97)                0.520    1.021 6.80e+06    8.344   0.2
  U9 (num2pw_mydesign_98)                 0.410    0.843 6.74e+06    7.993   0.2
  U8 (num2pw_mydesign_99)                 0.450    0.863 6.79e+06    8.102   0.2
  U7 (num2pw_mydesign_100)                0.741    1.492 6.73e+06    8.964   0.3
  U6 (num2pw_mydesign_101)                0.568    1.128 6.71e+06    8.409   0.2
  U5 (num2pw_mydesign_102)                0.730    1.413 6.74e+06    8.886   0.3
  U4 (num2pw_mydesign_103)                0.710    1.464 6.71e+06    8.886   0.3
  U3 (num2pw_mydesign_104)                0.842    1.592 6.75e+06    9.179   0.3
  U2 (num2pw_mydesign_105)                0.778    1.537 6.74e+06    9.060   0.3
  U1 (num2pw_mydesign_106)                0.834    1.547 6.76e+06    9.145   0.3
  U0 (num2pw_mydesign_107)                0.845    1.595 6.75e+06    9.188   0.3
1
