 
****************************************
Report : timing
        -path full
        -delay min
        -max_paths 4
Design : qr_decode
Version: R-2020.09-SP5
Date   : Thu Nov 25 23:09:32 2021
****************************************

 # A fanout number of 1000 was used for high fanout net computations.

Operating Conditions: ss0p95v125c   Library: saed32hvt_ss0p95v125c
Wire Load Model Mode: enclosed

  Startpoint: clk_gate_S0_num_reg/latch
              (positive level-sensitive latch clocked by clk')
  Endpoint: clk_gate_S0_num_reg/main_gate
            (gating element for clock clk)
  Path Group: clk
  Path Type: min

  Des/Clust/Port     Wire Load Model       Library
  ------------------------------------------------
  SNPS_CLOCK_GATE_HIGH_qr_decode_mydesign_125
                     ForQA                 saed32hvt_ss0p95v125c

  Point                                                   Incr       Path
  --------------------------------------------------------------------------
  clock clk' (rise edge)                                  4.50       4.50
  clock network delay (ideal)                             0.00       4.50
  clk_gate_S0_num_reg/latch/CLK (LATCHX1_HVT)             0.00       4.50 r
  clk_gate_S0_num_reg/latch/Q (LATCHX1_HVT)               0.11       4.61 f
  clk_gate_S0_num_reg/main_gate/A1 (AND2X1_HVT)           0.00       4.61 f
  data arrival time                                                  4.61

  clock clk (fall edge)                                   4.50       4.50
  clock network delay (ideal)                             0.00       4.50
  clk_gate_S0_num_reg/main_gate/A2 (AND2X1_HVT)           0.00       4.50 f
  clock gating hold time                                  0.00       4.50
  data required time                                                 4.50
  --------------------------------------------------------------------------
  data required time                                                 4.50
  data arrival time                                                 -4.61
  --------------------------------------------------------------------------
  slack (MET)                                                        0.11


  Startpoint: clk_gate_S1_num_reg/latch
              (positive level-sensitive latch clocked by clk')
  Endpoint: clk_gate_S1_num_reg/main_gate
            (gating element for clock clk)
  Path Group: clk
  Path Type: min

  Des/Clust/Port     Wire Load Model       Library
  ------------------------------------------------
  SNPS_CLOCK_GATE_HIGH_qr_decode_mydesign_124
                     ForQA                 saed32hvt_ss0p95v125c

  Point                                                   Incr       Path
  --------------------------------------------------------------------------
  clock clk' (rise edge)                                  4.50       4.50
  clock network delay (ideal)                             0.00       4.50
  clk_gate_S1_num_reg/latch/CLK (LATCHX1_HVT)             0.00       4.50 r
  clk_gate_S1_num_reg/latch/Q (LATCHX1_HVT)               0.11       4.61 f
  clk_gate_S1_num_reg/main_gate/A1 (AND2X1_HVT)           0.00       4.61 f
  data arrival time                                                  4.61

  clock clk (fall edge)                                   4.50       4.50
  clock network delay (ideal)                             0.00       4.50
  clk_gate_S1_num_reg/main_gate/A2 (AND2X1_HVT)           0.00       4.50 f
  clock gating hold time                                  0.00       4.50
  data required time                                                 4.50
  --------------------------------------------------------------------------
  data required time                                                 4.50
  data arrival time                                                 -4.61
  --------------------------------------------------------------------------
  slack (MET)                                                        0.11


  Startpoint: clk_gate_S2_num_reg/latch
              (positive level-sensitive latch clocked by clk')
  Endpoint: clk_gate_S2_num_reg/main_gate
            (gating element for clock clk)
  Path Group: clk
  Path Type: min

  Des/Clust/Port     Wire Load Model       Library
  ------------------------------------------------
  SNPS_CLOCK_GATE_HIGH_qr_decode_mydesign_123
                     ForQA                 saed32hvt_ss0p95v125c

  Point                                                   Incr       Path
  --------------------------------------------------------------------------
  clock clk' (rise edge)                                  4.50       4.50
  clock network delay (ideal)                             0.00       4.50
  clk_gate_S2_num_reg/latch/CLK (LATCHX1_HVT)             0.00       4.50 r
  clk_gate_S2_num_reg/latch/Q (LATCHX1_HVT)               0.11       4.61 f
  clk_gate_S2_num_reg/main_gate/A1 (AND2X1_HVT)           0.00       4.61 f
  data arrival time                                                  4.61

  clock clk (fall edge)                                   4.50       4.50
  clock network delay (ideal)                             0.00       4.50
  clk_gate_S2_num_reg/main_gate/A2 (AND2X1_HVT)           0.00       4.50 f
  clock gating hold time                                  0.00       4.50
  data required time                                                 4.50
  --------------------------------------------------------------------------
  data required time                                                 4.50
  data arrival time                                                 -4.61
  --------------------------------------------------------------------------
  slack (MET)                                                        0.11


  Startpoint: clk_gate_S3_num_reg/latch
              (positive level-sensitive latch clocked by clk')
  Endpoint: clk_gate_S3_num_reg/main_gate
            (gating element for clock clk)
  Path Group: clk
  Path Type: min

  Des/Clust/Port     Wire Load Model       Library
  ------------------------------------------------
  SNPS_CLOCK_GATE_HIGH_qr_decode_mydesign_122
                     ForQA                 saed32hvt_ss0p95v125c

  Point                                                   Incr       Path
  --------------------------------------------------------------------------
  clock clk' (rise edge)                                  4.50       4.50
  clock network delay (ideal)                             0.00       4.50
  clk_gate_S3_num_reg/latch/CLK (LATCHX1_HVT)             0.00       4.50 r
  clk_gate_S3_num_reg/latch/Q (LATCHX1_HVT)               0.11       4.61 f
  clk_gate_S3_num_reg/main_gate/A1 (AND2X1_HVT)           0.00       4.61 f
  data arrival time                                                  4.61

  clock clk (fall edge)                                   4.50       4.50
  clock network delay (ideal)                             0.00       4.50
  clk_gate_S3_num_reg/main_gate/A2 (AND2X1_HVT)           0.00       4.50 f
  clock gating hold time                                  0.00       4.50
  data required time                                                 4.50
  --------------------------------------------------------------------------
  data required time                                                 4.50
  data arrival time                                                 -4.61
  --------------------------------------------------------------------------
  slack (MET)                                                        0.11


1
