 
****************************************
Report : timing
        -path full
        -delay max
        -max_paths 1
Design : rop3_lut256
Version: R-2020.09-SP5
Date   : Tue Nov  2 12:03:56 2021
****************************************

Operating Conditions: ss0p95v125c   Library: saed32hvt_ss0p95v125c
Wire Load Model Mode: enclosed

  Startpoint: Mode_in_reg_7_
              (rising edge-triggered flip-flop clocked by clk)
  Endpoint: Result_reg_0_
            (rising edge-triggered flip-flop clocked by clk)
  Path Group: clk
  Path Type: max

  Des/Clust/Port     Wire Load Model       Library
  ------------------------------------------------
  rop3_lut256        8000                  saed32hvt_ss0p95v125c

  Point                                    Incr       Path
  -----------------------------------------------------------
  clock clk (rise edge)                  0.0000     0.0000
  clock network delay (ideal)            0.0000     0.0000
  Mode_in_reg_7_/CLK (DFFX1_HVT)         0.0000     0.0000 r
  Mode_in_reg_7_/Q (DFFX1_HVT)           0.2183     0.2183 f
  U988/Y (NOR2X0_HVT)                    0.1184     0.3367 r
  U971/Y (NAND2X0_HVT)                   0.1196     0.4563 f
  U977/Y (INVX0_HVT)                     0.1193     0.5757 r
  U991/Y (AO221X1_HVT)                   0.1600     0.7357 r
  U994/Y (AO221X1_HVT)                   0.1535     0.8892 r
  U929/Y (AO22X1_HVT)                    0.1293     1.0185 r
  Result_reg_0_/D (DFFSSRX1_HVT)         0.0000     1.0185 r
  data arrival time                                 1.0185

  clock clk (rise edge)                  1.8000     1.8000
  clock network delay (ideal)            0.0000     1.8000
  Result_reg_0_/CLK (DFFSSRX1_HVT)       0.0000     1.8000 r
  library setup time                    -0.1544     1.6456
  data required time                                1.6456
  -----------------------------------------------------------
  data required time                                1.6456
  data arrival time                                -1.0185
  -----------------------------------------------------------
  slack (MET)                                       0.6271


1
